{"timestamp":"2026-05-15T21:58:38.758886Z","level":"info","event":"DAG bundles loaded: dags-folder, example_dags","logger":"airflow.dag_processing.bundles.manager.DagBundlesManager","filename":"manager.py","lineno":179}
{"timestamp":"2026-05-15T21:58:38.759955Z","level":"info","event":"Filling up the DagBag from /opt/repo/proyecto-bigdata/orchestration/airflow/dags/dag_nomina_pipeline.py","logger":"airflow.models.dagbag.BundleDagBag","filename":"dagbag.py","lineno":593}
{"timestamp":"2026-05-15T21:58:38.778543Z","level":"info","event":"Stats instance was created in PID 5017 but accessed in PID 5105. Re-initializing.","logger":"airflow.stats","filename":"stats.py","lineno":57}
{"timestamp":"2026-05-15T21:58:38.860967Z","level":"info","event":"Task instance is in running state","logger":"task.stdout"}
{"timestamp":"2026-05-15T21:58:38.861199Z","level":"info","event":" Previous state of the Task instance: TaskInstanceState.QUEUED","logger":"task.stdout"}
{"timestamp":"2026-05-15T21:58:38.861429Z","level":"info","event":"Current task name:ejecutar_pentaho_etl","logger":"task.stdout"}
{"timestamp":"2026-05-15T21:58:38.861532Z","level":"info","event":"Dag name:pipeline_nomina_funcionarios","logger":"task.stdout"}
{"timestamp":"2026-05-15T21:58:38.902387Z","level":"info","event":"#######################################################################","logger":"task.stdout"}
{"timestamp":"2026-05-15T21:58:38.902661Z","level":"info","event":"WARNING:  no libwebkitgtk-1.0 detected, some features will be unavailable","logger":"task.stdout"}
{"timestamp":"2026-05-15T21:58:38.902761Z","level":"info","event":"    Consider installing the package with apt-get or yum.","logger":"task.stdout"}
{"timestamp":"2026-05-15T21:58:38.902875Z","level":"info","event":"    e.g. 'sudo apt-get install libwebkitgtk-1.0-0'","logger":"task.stdout"}
{"timestamp":"2026-05-15T21:58:38.902977Z","level":"info","event":"#######################################################################","logger":"task.stdout"}
{"timestamp":"2026-05-15T21:58:39.383699Z","level":"error","event":"OpenJDK 64-Bit Server VM warning: Ignoring option MaxPermSize; support was removed in 8.0","logger":"task.stderr"}
{"timestamp":"2026-05-15T21:58:48.175679Z","level":"info","event":"2026/05/15 18:58:48 - Pan - Start of run.","logger":"task.stdout"}
{"timestamp":"2026-05-15T21:58:48.694723Z","level":"info","event":"2026/05/15 18:58:48 - 01_carga_nomina_raw - Dispatching started for transformation [01_carga_nomina_raw]","logger":"task.stdout"}
{"timestamp":"2026-05-15T21:58:49.471652Z","level":"info","event":"2026/05/15 18:58:49 - Table output 2.0 - Connected to database [nomina_funcionarios] (commit=1000)","logger":"task.stdout"}
{"timestamp":"2026-05-15T21:58:49.494029Z","level":"info","event":"2026/05/15 18:58:49 - Table output 3.0 - Connected to database [nomina_funcionarios] (commit=1000)","logger":"task.stdout"}
{"timestamp":"2026-05-15T21:58:49.494319Z","level":"info","event":"2026/05/15 18:58:49 - Table output.0 - Connected to database [nomina_funcionarios] (commit=1000)","logger":"task.stdout"}
{"timestamp":"2026-05-15T21:58:49.563878Z","level":"info","event":"2026/05/15 18:58:49 - CSV file input 2.0 - Header row skipped in file '/opt/repo/proyecto-bigdata/data/raw/nomina/nomina_2026-02.csv'","logger":"task.stdout"}
{"timestamp":"2026-05-15T21:58:49.564343Z","level":"info","event":"2026/05/15 18:58:49 - CSV file input 3.0 - Header row skipped in file '/opt/repo/proyecto-bigdata/data/raw/nomina/nomina_2026-03.csv'","logger":"task.stdout"}
{"timestamp":"2026-05-15T21:58:49.565864Z","level":"info","event":"2026/05/15 18:58:49 - CSV file input.0 - Header row skipped in file '/opt/repo/proyecto-bigdata/data/raw/nomina/nomina_2026-01.csv'","logger":"task.stdout"}
{"timestamp":"2026-05-15T21:58:58.786024Z","level":"info","event":"2026/05/15 18:58:58 - CSV file input.0 - Line number : 50000","logger":"task.stdout"}
{"timestamp":"2026-05-15T21:58:58.806840Z","level":"info","event":"2026/05/15 18:58:58 - CSV file input 3.0 - Line number : 50000","logger":"task.stdout"}
{"timestamp":"2026-05-15T21:58:59.010123Z","level":"info","event":"2026/05/15 18:58:59 - CSV file input 2.0 - Line number : 50000","logger":"task.stdout"}
{"timestamp":"2026-05-15T21:59:00.641759Z","level":"info","event":"2026/05/15 18:59:00 - Select values 3.0 - linenr 50000","logger":"task.stdout"}
{"timestamp":"2026-05-15T21:59:00.701351Z","level":"info","event":"2026/05/15 18:59:00 - Select values.0 - linenr 50000","logger":"task.stdout"}
{"timestamp":"2026-05-15T21:59:01.618649Z","level":"info","event":"2026/05/15 18:59:01 - Select values 2.0 - linenr 50000","logger":"task.stdout"}
{"timestamp":"2026-05-15T21:59:01.963771Z","level":"info","event":"2026/05/15 18:59:01 - Filter rows 3.0 - linenr 50000","logger":"task.stdout"}
{"timestamp":"2026-05-15T21:59:02.153513Z","level":"info","event":"2026/05/15 18:59:02 - Filter rows.0 - linenr 50000","logger":"task.stdout"}
{"timestamp":"2026-05-15T21:59:02.991199Z","level":"info","event":"2026/05/15 18:59:02 - Filter rows 2.0 - linenr 50000","logger":"task.stdout"}
{"timestamp":"2026-05-15T21:59:04.571853Z","level":"info","event":"2026/05/15 18:59:04 - Table output 3.0 - linenr 50000","logger":"task.stdout"}
{"timestamp":"2026-05-15T21:59:04.950273Z","level":"info","event":"2026/05/15 18:59:04 - Table output.0 - linenr 50000","logger":"task.stdout"}
{"timestamp":"2026-05-15T21:59:06.031048Z","level":"info","event":"2026/05/15 18:59:06 - CSV file input 3.0 - Line number : 100000","logger":"task.stdout"}
{"timestamp":"2026-05-15T21:59:06.286523Z","level":"info","event":"2026/05/15 18:59:06 - CSV file input.0 - Line number : 100000","logger":"task.stdout"}
{"timestamp":"2026-05-15T21:59:07.223416Z","level":"info","event":"2026/05/15 18:59:07 - Select values 3.0 - linenr 100000","logger":"task.stdout"}
{"timestamp":"2026-05-15T21:59:07.408542Z","level":"info","event":"2026/05/15 18:59:07 - Select values.0 - linenr 100000","logger":"task.stdout"}
{"timestamp":"2026-05-15T21:59:07.502956Z","level":"info","event":"2026/05/15 18:59:07 - Table output 2.0 - linenr 50000","logger":"task.stdout"}
{"timestamp":"2026-05-15T21:59:08.640369Z","level":"info","event":"2026/05/15 18:59:08 - Filter rows 3.0 - linenr 100000","logger":"task.stdout"}
{"timestamp":"2026-05-15T21:59:08.853872Z","level":"info","event":"2026/05/15 18:59:08 - Filter rows.0 - linenr 100000","logger":"task.stdout"}
{"timestamp":"2026-05-15T21:59:09.363454Z","level":"info","event":"2026/05/15 18:59:09 - CSV file input 2.0 - Line number : 100000","logger":"task.stdout"}
{"timestamp":"2026-05-15T21:59:09.323141Z","level":"info","event":"2026/05/15 18:59:09 - Select values 2.0 - linenr 100000","logger":"task.stdout"}
{"timestamp":"2026-05-15T21:59:09.462828Z","level":"info","event":"2026/05/15 18:59:09 - Table output 3.0 - linenr 100000","logger":"task.stdout"}
{"timestamp":"2026-05-15T21:59:09.553175Z","level":"info","event":"2026/05/15 18:59:09 - Table output.0 - linenr 100000","logger":"task.stdout"}
{"timestamp":"2026-05-15T21:59:10.567724Z","level":"info","event":"2026/05/15 18:59:10 - CSV file input 3.0 - Line number : 150000","logger":"task.stdout"}
{"timestamp":"2026-05-15T21:59:10.652619Z","level":"info","event":"2026/05/15 18:59:10 - CSV file input.0 - Line number : 150000","logger":"task.stdout"}
{"timestamp":"2026-05-15T21:59:10.749964Z","level":"info","event":"2026/05/15 18:59:10 - Filter rows 2.0 - linenr 100000","logger":"task.stdout"}
{"timestamp":"2026-05-15T21:59:11.565514Z","level":"info","event":"2026/05/15 18:59:11 - Select values 3.0 - linenr 150000","logger":"task.stdout"}
{"timestamp":"2026-05-15T21:59:11.667341Z","level":"info","event":"2026/05/15 18:59:11 - Select values.0 - linenr 150000","logger":"task.stdout"}
{"timestamp":"2026-05-15T21:59:12.592550Z","level":"info","event":"2026/05/15 18:59:12 - Filter rows 3.0 - linenr 150000","logger":"task.stdout"}
{"timestamp":"2026-05-15T21:59:12.642763Z","level":"info","event":"2026/05/15 18:59:12 - Filter rows.0 - linenr 150000","logger":"task.stdout"}
{"timestamp":"2026-05-15T21:59:12.953829Z","level":"info","event":"2026/05/15 18:59:12 - Table output 2.0 - linenr 100000","logger":"task.stdout"}
{"timestamp":"2026-05-15T21:59:14.241314Z","level":"info","event":"2026/05/15 18:59:14 - Table output.0 - linenr 150000","logger":"task.stdout"}
{"timestamp":"2026-05-15T21:59:14.251406Z","level":"info","event":"2026/05/15 18:59:14 - Table output 3.0 - linenr 150000","logger":"task.stdout"}
{"timestamp":"2026-05-15T21:59:14.504653Z","level":"info","event":"2026/05/15 18:59:14 - CSV file input 2.0 - Line number : 150000","logger":"task.stdout"}
{"timestamp":"2026-05-15T21:59:15.217111Z","level":"info","event":"2026/05/15 18:59:15 - CSV file input.0 - Line number : 200000","logger":"task.stdout"}
{"timestamp":"2026-05-15T21:59:15.270027Z","level":"info","event":"2026/05/15 18:59:15 - CSV file input 3.0 - Line number : 200000","logger":"task.stdout"}
{"timestamp":"2026-05-15T21:59:23.687980Z","level":"info","event":"2026/05/15 18:59:23 - Select values 2.0 - linenr 150000","logger":"task.stdout"}
{"timestamp":"2026-05-15T21:59:24.464393Z","level":"info","event":"2026/05/15 18:59:24 - Select values.0 - linenr 200000","logger":"task.stdout"}
{"timestamp":"2026-05-15T21:59:24.636769Z","level":"info","event":"2026/05/15 18:59:24 - Select values 3.0 - linenr 200000","logger":"task.stdout"}
{"timestamp":"2026-05-15T21:59:41.393118Z","level":"info","event":"2026/05/15 18:59:41 - Filter rows.0 - linenr 200000","logger":"task.stdout"}
{"timestamp":"2026-05-15T21:59:41.405257Z","level":"info","event":"2026/05/15 18:59:41 - Filter rows 3.0 - linenr 200000","logger":"task.stdout"}
{"timestamp":"2026-05-15T21:59:42.006687Z","level":"info","event":"2026/05/15 18:59:42 - Filter rows 2.0 - linenr 150000","logger":"task.stdout"}
{"timestamp":"2026-05-15T21:59:43.961814Z","level":"info","event":"2026/05/15 18:59:43 - Table output 3.0 - linenr 200000","logger":"task.stdout"}
{"timestamp":"2026-05-15T21:59:44.361818Z","level":"info","event":"2026/05/15 18:59:44 - Table output.0 - linenr 200000","logger":"task.stdout"}
{"timestamp":"2026-05-15T21:59:51.436528Z","level":"info","event":"2026/05/15 18:59:51 - CSV file input 3.0 - Line number : 250000","logger":"task.stdout"}
{"timestamp":"2026-05-15T21:59:51.535302Z","level":"info","event":"2026/05/15 18:59:51 - CSV file input.0 - Line number : 250000","logger":"task.stdout"}
{"timestamp":"2026-05-15T22:00:11.177765Z","level":"info","event":"2026/05/15 19:00:11 - Table output 2.0 - linenr 150000","logger":"task.stdout"}
{"timestamp":"2026-05-15T22:00:11.556103Z","level":"info","event":"2026/05/15 19:00:11 - Select values 3.0 - linenr 250000","logger":"task.stdout"}
{"timestamp":"2026-05-15T22:00:11.614793Z","level":"info","event":"2026/05/15 19:00:11 - Select values.0 - linenr 250000","logger":"task.stdout"}
{"timestamp":"2026-05-15T22:00:12.587319Z","level":"info","event":"2026/05/15 19:00:12 - Filter rows 3.0 - linenr 250000","logger":"task.stdout"}
{"timestamp":"2026-05-15T22:00:12.770341Z","level":"info","event":"2026/05/15 19:00:12 - Filter rows.0 - linenr 250000","logger":"task.stdout"}
{"timestamp":"2026-05-15T22:00:14.431317Z","level":"info","event":"2026/05/15 19:00:14 - CSV file input 2.0 - Line number : 200000","logger":"task.stdout"}
{"timestamp":"2026-05-15T22:00:16.788241Z","level":"info","event":"2026/05/15 19:00:16 - Table output 3.0 - linenr 250000","logger":"task.stdout"}
{"timestamp":"2026-05-15T22:00:17.071211Z","level":"info","event":"2026/05/15 19:00:17 - Table output.0 - linenr 250000","logger":"task.stdout"}
{"timestamp":"2026-05-15T22:00:18.639014Z","level":"info","event":"2026/05/15 19:00:18 - CSV file input 3.0 - Line number : 300000","logger":"task.stdout"}
{"timestamp":"2026-05-15T22:00:18.674764Z","level":"info","event":"2026/05/15 19:00:18 - Select values 2.0 - linenr 200000","logger":"task.stdout"}
{"timestamp":"2026-05-15T22:00:18.775749Z","level":"info","event":"2026/05/15 19:00:18 - CSV file input.0 - Line number : 300000","logger":"task.stdout"}
{"timestamp":"2026-05-15T22:00:21.244141Z","level":"info","event":"2026/05/15 19:00:21 - Select values 3.0 - linenr 300000","logger":"task.stdout"}
{"timestamp":"2026-05-15T22:00:21.267172Z","level":"info","event":"2026/05/15 19:00:21 - Select values.0 - linenr 300000","logger":"task.stdout"}
{"timestamp":"2026-05-15T22:00:22.740678Z","level":"info","event":"2026/05/15 19:00:22 - Filter rows 2.0 - linenr 200000","logger":"task.stdout"}
{"timestamp":"2026-05-15T22:00:22.963744Z","level":"info","event":"2026/05/15 19:00:22 - Filter rows.0 - linenr 300000","logger":"task.stdout"}
{"timestamp":"2026-05-15T22:00:23.590294Z","level":"info","event":"2026/05/15 19:00:23 - Filter rows 3.0 - linenr 300000","logger":"task.stdout"}
{"timestamp":"2026-05-15T22:00:24.824494Z","level":"info","event":"2026/05/15 19:00:24 - Table output.0 - linenr 300000","logger":"task.stdout"}
{"timestamp":"2026-05-15T22:00:50.398577Z","level":"info","event":"2026/05/15 19:00:38 - CSV file input.0 - Line number : 350000","logger":"task.stdout"}
{"timestamp":"2026-05-15T22:00:50.398945Z","level":"info","event":"2026/05/15 19:00:50 - Table output 3.0 - linenr 300000","logger":"task.stdout"}
{"timestamp":"2026-05-15T22:00:50.399057Z","level":"info","event":"2026/05/15 19:00:50 - Table output 2.0 - linenr 200000","logger":"task.stdout"}
{"timestamp":"2026-05-15T22:01:16.882683Z","level":"info","event":"2026/05/15 19:01:16 - Select values.0 - linenr 350000","logger":"task.stdout"}
{"timestamp":"2026-05-15T22:01:17.377734Z","level":"info","event":"2026/05/15 19:01:17 - CSV file input 3.0 - Line number : 350000","logger":"task.stdout"}
{"timestamp":"2026-05-15T22:01:17.414673Z","level":"info","event":"2026/05/15 19:01:17 - CSV file input 2.0 - Line number : 250000","logger":"task.stdout"}
{"timestamp":"2026-05-15T22:01:17.974066Z","level":"info","event":"2026/05/15 19:01:17 - Filter rows.0 - linenr 350000","logger":"task.stdout"}
{"timestamp":"2026-05-15T22:01:25.942112Z","level":"info","event":"2026/05/15 19:01:25 - Select values 2.0 - linenr 250000","logger":"task.stdout"}
{"timestamp":"2026-05-15T22:01:25.945691Z","level":"info","event":"2026/05/15 19:01:25 - Select values 3.0 - linenr 350000","logger":"task.stdout"}
{"timestamp":"2026-05-15T22:01:56.755827Z","level":"info","event":"2026/05/15 19:01:56 - Filter rows 2.0 - linenr 250000","logger":"task.stdout"}
{"timestamp":"2026-05-15T22:01:56.858394Z","level":"info","event":"2026/05/15 19:01:56 - Filter rows 3.0 - linenr 350000","logger":"task.stdout"}
{"timestamp":"2026-05-15T22:01:58.323695Z","level":"info","event":"2026/05/15 19:01:58 - Table output.0 - linenr 350000","logger":"task.stdout"}
{"timestamp":"2026-05-15T22:01:59.799535Z","level":"info","event":"2026/05/15 19:01:59 - Table output 2.0 - linenr 250000","logger":"task.stdout"}
{"timestamp":"2026-05-15T22:01:59.818924Z","level":"info","event":"2026/05/15 19:01:59 - CSV file input.0 - Line number : 400000","logger":"task.stdout"}
{"timestamp":"2026-05-15T22:02:00.656725Z","level":"info","event":"2026/05/15 19:02:00 - Table output 3.0 - linenr 350000","logger":"task.stdout"}
{"timestamp":"2026-05-15T22:02:00.756551Z","level":"info","event":"2026/05/15 19:02:00 - CSV file input 2.0 - Line number : 300000","logger":"task.stdout"}
{"timestamp":"2026-05-15T22:02:01.030579Z","level":"info","event":"2026/05/15 19:02:01 - Select values.0 - linenr 400000","logger":"task.stdout"}
{"timestamp":"2026-05-15T22:02:01.810298Z","level":"info","event":"2026/05/15 19:02:01 - Select values 2.0 - linenr 300000","logger":"task.stdout"}
{"timestamp":"2026-05-15T22:02:01.895020Z","level":"info","event":"2026/05/15 19:02:01 - CSV file input 3.0 - Line number : 400000","logger":"task.stdout"}
{"timestamp":"2026-05-15T22:02:02.363023Z","level":"info","event":"2026/05/15 19:02:02 - Filter rows.0 - linenr 400000","logger":"task.stdout"}
{"timestamp":"2026-05-15T22:02:02.811413Z","level":"info","event":"2026/05/15 19:02:02 - Filter rows 2.0 - linenr 300000","logger":"task.stdout"}
{"timestamp":"2026-05-15T22:02:03.138102Z","level":"info","event":"2026/05/15 19:02:03 - Select values 3.0 - linenr 400000","logger":"task.stdout"}
{"timestamp":"2026-05-15T22:02:06.945277Z","level":"info","event":"2026/05/15 19:02:06 - Table output.0 - linenr 400000","logger":"task.stdout"}
{"timestamp":"2026-05-15T22:02:29.113307Z","level":"info","event":"2026/05/15 19:02:12 - Filter rows 3.0 - linenr 400000","logger":"task.stdout"}
{"timestamp":"2026-05-15T22:02:29.344075Z","level":"info","event":"2026/05/15 19:02:29 - Table output 2.0 - linenr 300000","logger":"task.stdout"}
{"timestamp":"2026-05-15T22:02:29.941650Z","level":"info","event":"2026/05/15 19:02:29 - CSV file input.0 - Line number : 450000","logger":"task.stdout"}
{"timestamp":"2026-05-15T22:02:31.147752Z","level":"info","event":"2026/05/15 19:02:31 - CSV file input 2.0 - Line number : 350000","logger":"task.stdout"}
{"timestamp":"2026-05-15T22:02:31.191884Z","level":"info","event":"2026/05/15 19:02:31 - Select values.0 - linenr 450000","logger":"task.stdout"}
{"timestamp":"2026-05-15T22:02:31.638120Z","level":"info","event":"2026/05/15 19:02:31 - Table output 3.0 - linenr 400000","logger":"task.stdout"}
{"timestamp":"2026-05-15T22:02:32.325895Z","level":"info","event":"2026/05/15 19:02:32 - Filter rows.0 - linenr 450000","logger":"task.stdout"}
{"timestamp":"2026-05-15T22:02:32.908488Z","level":"info","event":"2026/05/15 19:02:32 - CSV file input 3.0 - Line number : 450000","logger":"task.stdout"}
{"timestamp":"2026-05-15T22:02:33.098975Z","level":"info","event":"2026/05/15 19:02:33 - Select values 2.0 - linenr 350000","logger":"task.stdout"}
{"timestamp":"2026-05-15T22:02:34.637542Z","level":"info","event":"2026/05/15 19:02:34 - Select values 3.0 - linenr 450000","logger":"task.stdout"}
{"timestamp":"2026-05-15T22:02:35.077926Z","level":"info","event":"2026/05/15 19:02:35 - Table output.0 - linenr 450000","logger":"task.stdout"}
{"timestamp":"2026-05-15T22:02:35.154807Z","level":"info","event":"2026/05/15 19:02:35 - Filter rows 2.0 - linenr 350000","logger":"task.stdout"}
{"timestamp":"2026-05-15T22:02:36.300430Z","level":"info","event":"2026/05/15 19:02:36 - CSV file input.0 - Line number : 500000","logger":"task.stdout"}
{"timestamp":"2026-05-15T22:02:36.687832Z","level":"info","event":"2026/05/15 19:02:36 - Filter rows 3.0 - linenr 450000","logger":"task.stdout"}
{"timestamp":"2026-05-15T22:02:49.215543Z","level":"info","event":"2026/05/15 19:02:49 - Select values.0 - linenr 500000","logger":"task.stdout"}
{"timestamp":"2026-05-15T22:03:01.813757Z","level":"info","event":"2026/05/15 19:03:01 - Table output 2.0 - linenr 350000","logger":"task.stdout"}
{"timestamp":"2026-05-15T22:03:01.835138Z","level":"info","event":"2026/05/15 19:03:01 - Filter rows.0 - linenr 500000","logger":"task.stdout"}
{"timestamp":"2026-05-15T22:03:03.035253Z","level":"info","event":"2026/05/15 19:03:03 - Table output 3.0 - linenr 450000","logger":"task.stdout"}
{"timestamp":"2026-05-15T22:03:04.880371Z","level":"info","event":"2026/05/15 19:03:04 - CSV file input 2.0 - Line number : 400000","logger":"task.stdout"}
{"timestamp":"2026-05-15T22:03:05.675593Z","level":"info","event":"2026/05/15 19:03:05 - Table output.0 - linenr 500000","logger":"task.stdout"}
{"timestamp":"2026-05-15T22:03:06.274418Z","level":"info","event":"2026/05/15 19:03:06 - CSV file input 3.0 - Line number : 500000","logger":"task.stdout"}
{"timestamp":"2026-05-15T22:03:07.276521Z","level":"info","event":"2026/05/15 19:03:07 - Select values 2.0 - linenr 400000","logger":"task.stdout"}
{"timestamp":"2026-05-15T22:03:08.694549Z","level":"info","event":"2026/05/15 19:03:08 - Filter rows 2.0 - linenr 400000","logger":"task.stdout"}
{"timestamp":"2026-05-15T22:03:08.961059Z","level":"info","event":"2026/05/15 19:03:08 - CSV file input.0 - Line number : 550000","logger":"task.stdout"}
{"timestamp":"2026-05-15T22:03:09.381527Z","level":"info","event":"2026/05/15 19:03:09 - Select values 3.0 - linenr 500000","logger":"task.stdout"}
{"timestamp":"2026-05-15T22:03:20.875649Z","level":"info","event":"2026/05/15 19:03:20 - Table output 2.0 - linenr 400000","logger":"task.stdout"}
{"timestamp":"2026-05-15T22:03:21.590358Z","level":"info","event":"2026/05/15 19:03:21 - Select values.0 - linenr 550000","logger":"task.stdout"}
{"timestamp":"2026-05-15T22:03:27.688315Z","level":"info","event":"2026/05/15 19:03:26 - Filter rows 3.0 - linenr 500000","logger":"task.stdout"}
{"timestamp":"2026-05-15T22:03:36.333635Z","level":"info","event":"2026/05/15 19:03:36 - CSV file input 2.0 - Line number : 450000","logger":"task.stdout"}
{"timestamp":"2026-05-15T22:03:37.049157Z","level":"info","event":"2026/05/15 19:03:37 - Filter rows.0 - linenr 550000","logger":"task.stdout"}
{"timestamp":"2026-05-15T22:03:37.222874Z","level":"info","event":"2026/05/15 19:03:37 - Select values 2.0 - linenr 450000","logger":"task.stdout"}
{"timestamp":"2026-05-15T22:03:38.239731Z","level":"info","event":"2026/05/15 19:03:38 - Filter rows 2.0 - linenr 450000","logger":"task.stdout"}
{"timestamp":"2026-05-15T22:03:39.211240Z","level":"info","event":"2026/05/15 19:03:39 - Table output 3.0 - linenr 500000","logger":"task.stdout"}
{"timestamp":"2026-05-15T22:03:47.819157Z","level":"info","event":"2026/05/15 19:03:47 - Table output 2.0 - linenr 450000","logger":"task.stdout"}
{"timestamp":"2026-05-15T22:03:48.159451Z","level":"info","event":"2026/05/15 19:03:48 - CSV file input 3.0 - Line number : 550000","logger":"task.stdout"}
{"timestamp":"2026-05-15T22:03:49.660032Z","level":"info","event":"2026/05/15 19:03:49 - Table output.0 - linenr 550000","logger":"task.stdout"}
{"timestamp":"2026-05-15T22:03:52.408750Z","level":"info","event":"2026/05/15 19:03:52 - CSV file input 2.0 - Line number : 500000","logger":"task.stdout"}
{"timestamp":"2026-05-15T22:03:54.563370Z","level":"info","event":"2026/05/15 19:03:54 - Select values 3.0 - linenr 550000","logger":"task.stdout"}
{"timestamp":"2026-05-15T22:04:05.462654Z","level":"info","event":"2026/05/15 19:04:05 - Select values 2.0 - linenr 500000","logger":"task.stdout"}
{"timestamp":"2026-05-15T22:04:05.510567Z","level":"info","event":"2026/05/15 19:04:05 - CSV file input.0 - Line number : 600000","logger":"task.stdout"}
{"timestamp":"2026-05-15T22:04:06.393476Z","level":"info","event":"2026/05/15 19:04:06 - Filter rows 3.0 - linenr 550000","logger":"task.stdout"}
{"timestamp":"2026-05-15T22:04:06.509789Z","level":"info","event":"2026/05/15 19:04:06 - Filter rows 2.0 - linenr 500000","logger":"task.stdout"}
{"timestamp":"2026-05-15T22:04:07.935213Z","level":"info","event":"2026/05/15 19:04:07 - Select values.0 - linenr 600000","logger":"task.stdout"}
{"timestamp":"2026-05-15T22:04:08.860602Z","level":"info","event":"2026/05/15 19:04:08 - Table output 2.0 - linenr 500000","logger":"task.stdout"}
{"timestamp":"2026-05-15T22:04:10.065148Z","level":"info","event":"2026/05/15 19:04:10 - CSV file input 2.0 - Line number : 550000","logger":"task.stdout"}
{"timestamp":"2026-05-15T22:04:10.510025Z","level":"info","event":"2026/05/15 19:04:10 - Filter rows.0 - linenr 600000","logger":"task.stdout"}
{"timestamp":"2026-05-15T22:04:11.211382Z","level":"info","event":"2026/05/15 19:04:11 - Table output 3.0 - linenr 550000","logger":"task.stdout"}
{"timestamp":"2026-05-15T22:04:11.291695Z","level":"info","event":"2026/05/15 19:04:11 - Select values 2.0 - linenr 550000","logger":"task.stdout"}
{"timestamp":"2026-05-15T22:04:19.740910Z","level":"info","event":"2026/05/15 19:04:19 - Filter rows 2.0 - linenr 550000","logger":"task.stdout"}
{"timestamp":"2026-05-15T22:04:20.593056Z","level":"info","event":"2026/05/15 19:04:20 - CSV file input 3.0 - Line number : 600000","logger":"task.stdout"}
{"timestamp":"2026-05-15T22:04:36.173252Z","level":"info","event":"2026/05/15 19:04:36 - Table output.0 - linenr 600000","logger":"task.stdout"}
{"timestamp":"2026-05-15T22:04:37.195846Z","level":"info","event":"2026/05/15 19:04:37 - Select values 3.0 - linenr 600000","logger":"task.stdout"}
{"timestamp":"2026-05-15T22:04:37.461891Z","level":"info","event":"2026/05/15 19:04:37 - Table output 2.0 - linenr 550000","logger":"task.stdout"}
{"timestamp":"2026-05-15T22:04:38.393823Z","level":"info","event":"2026/05/15 19:04:38 - CSV file input.0 - Line number : 650000","logger":"task.stdout"}
{"timestamp":"2026-05-15T22:04:38.466479Z","level":"info","event":"2026/05/15 19:04:38 - CSV file input 2.0 - Line number : 600000","logger":"task.stdout"}
{"timestamp":"2026-05-15T22:04:38.816076Z","level":"info","event":"2026/05/15 19:04:38 - Filter rows 3.0 - linenr 600000","logger":"task.stdout"}
{"timestamp":"2026-05-15T22:04:39.476742Z","level":"info","event":"2026/05/15 19:04:39 - Select values 2.0 - linenr 600000","logger":"task.stdout"}
{"timestamp":"2026-05-15T22:04:40.270336Z","level":"info","event":"2026/05/15 19:04:40 - Select values.0 - linenr 650000","logger":"task.stdout"}
{"timestamp":"2026-05-15T22:04:40.401825Z","level":"info","event":"2026/05/15 19:04:40 - Filter rows 2.0 - linenr 600000","logger":"task.stdout"}
{"timestamp":"2026-05-15T22:04:40.834128Z","level":"info","event":"2026/05/15 19:04:40 - Table output 3.0 - linenr 600000","logger":"task.stdout"}
{"timestamp":"2026-05-15T22:04:41.497828Z","level":"info","event":"2026/05/15 19:04:41 - Filter rows.0 - linenr 650000","logger":"task.stdout"}
{"timestamp":"2026-05-15T22:04:41.838809Z","level":"info","event":"2026/05/15 19:04:41 - CSV file input 3.0 - Line number : 650000","logger":"task.stdout"}
{"timestamp":"2026-05-15T22:04:42.360448Z","level":"info","event":"2026/05/15 19:04:42 - Table output 2.0 - linenr 600000","logger":"task.stdout"}
{"timestamp":"2026-05-15T22:04:42.997635Z","level":"info","event":"2026/05/15 19:04:42 - Select values 3.0 - linenr 650000","logger":"task.stdout"}
{"timestamp":"2026-05-15T22:04:47.572901Z","level":"info","event":"2026/05/15 19:04:47 - CSV file input 2.0 - Line number : 650000","logger":"task.stdout"}
{"timestamp":"2026-05-15T22:04:47.858580Z","level":"info","event":"2026/05/15 19:04:47 - Table output.0 - linenr 650000","logger":"task.stdout"}
{"timestamp":"2026-05-15T22:04:51.451906Z","level":"info","event":"2026/05/15 19:04:51 - Filter rows 3.0 - linenr 650000","logger":"task.stdout"}
{"timestamp":"2026-05-15T22:05:07.786136Z","level":"info","event":"2026/05/15 19:05:07 - Select values 2.0 - linenr 650000","logger":"task.stdout"}
{"timestamp":"2026-05-15T22:05:07.786389Z","level":"info","event":"2026/05/15 19:05:07 - CSV file input.0 - Line number : 700000","logger":"task.stdout"}
{"timestamp":"2026-05-15T22:05:08.240872Z","level":"info","event":"2026/05/15 19:05:08 - Filter rows 2.0 - linenr 650000","logger":"task.stdout"}
{"timestamp":"2026-05-15T22:05:08.347698Z","level":"info","event":"2026/05/15 19:05:08 - Select values.0 - linenr 700000","logger":"task.stdout"}
{"timestamp":"2026-05-15T22:05:09.414151Z","level":"info","event":"2026/05/15 19:05:09 - Filter rows.0 - linenr 700000","logger":"task.stdout"}
{"timestamp":"2026-05-15T22:05:10.465403Z","level":"info","event":"2026/05/15 19:05:10 - Table output 2.0 - linenr 650000","logger":"task.stdout"}
{"timestamp":"2026-05-15T22:05:11.393109Z","level":"info","event":"2026/05/15 19:05:11 - Table output 3.0 - linenr 650000","logger":"task.stdout"}
{"timestamp":"2026-05-15T22:05:11.507443Z","level":"info","event":"2026/05/15 19:05:11 - CSV file input 2.0 - Line number : 700000","logger":"task.stdout"}
{"timestamp":"2026-05-15T22:05:11.613680Z","level":"info","event":"2026/05/15 19:05:11 - Table output.0 - linenr 700000","logger":"task.stdout"}
{"timestamp":"2026-05-15T22:05:12.827864Z","level":"info","event":"2026/05/15 19:05:12 - Select values 2.0 - linenr 700000","logger":"task.stdout"}
{"timestamp":"2026-05-15T22:05:12.962236Z","level":"info","event":"2026/05/15 19:05:12 - CSV file input.0 - Line number : 750000","logger":"task.stdout"}
{"timestamp":"2026-05-15T22:05:13.728406Z","level":"info","event":"2026/05/15 19:05:13 - CSV file input 3.0 - Line number : 700000","logger":"task.stdout"}
{"timestamp":"2026-05-15T22:05:13.963625Z","level":"info","event":"2026/05/15 19:05:13 - Filter rows 2.0 - linenr 700000","logger":"task.stdout"}
{"timestamp":"2026-05-15T22:05:14.596512Z","level":"info","event":"2026/05/15 19:05:14 - Select values 3.0 - linenr 700000","logger":"task.stdout"}
{"timestamp":"2026-05-15T22:05:15.234214Z","level":"info","event":"2026/05/15 19:05:15 - Select values.0 - linenr 750000","logger":"task.stdout"}
{"timestamp":"2026-05-15T22:05:15.539173Z","level":"info","event":"2026/05/15 19:05:15 - Filter rows 3.0 - linenr 700000","logger":"task.stdout"}
{"timestamp":"2026-05-15T22:05:15.753932Z","level":"info","event":"2026/05/15 19:05:15 - Table output 2.0 - linenr 700000","logger":"task.stdout"}
{"timestamp":"2026-05-15T22:05:16.763177Z","level":"info","event":"2026/05/15 19:05:16 - CSV file input 2.0 - Line number : 750000","logger":"task.stdout"}
{"timestamp":"2026-05-15T22:05:17.390089Z","level":"info","event":"2026/05/15 19:05:17 - Filter rows.0 - linenr 750000","logger":"task.stdout"}
{"timestamp":"2026-05-15T22:05:17.423777Z","level":"info","event":"2026/05/15 19:05:17 - Table output 3.0 - linenr 700000","logger":"task.stdout"}
{"timestamp":"2026-05-15T22:05:17.766892Z","level":"info","event":"2026/05/15 19:05:17 - Select values 2.0 - linenr 750000","logger":"task.stdout"}
{"timestamp":"2026-05-15T22:05:18.273852Z","level":"info","event":"2026/05/15 19:05:18 - CSV file input 3.0 - Line number : 750000","logger":"task.stdout"}
{"timestamp":"2026-05-15T22:05:18.638454Z","level":"info","event":"2026/05/15 19:05:18 - Filter rows 2.0 - linenr 750000","logger":"task.stdout"}
{"timestamp":"2026-05-15T22:05:19.127439Z","level":"info","event":"2026/05/15 19:05:19 - Select values 3.0 - linenr 750000","logger":"task.stdout"}
{"timestamp":"2026-05-15T22:05:20.084162Z","level":"info","event":"2026/05/15 19:05:20 - Filter rows 3.0 - linenr 750000","logger":"task.stdout"}
{"timestamp":"2026-05-15T22:05:20.421277Z","level":"info","event":"2026/05/15 19:05:20 - Table output 2.0 - linenr 750000","logger":"task.stdout"}
{"timestamp":"2026-05-15T22:05:22.299384Z","level":"info","event":"2026/05/15 19:05:22 - Table output.0 - linenr 750000","logger":"task.stdout"}
{"timestamp":"2026-05-15T22:05:23.927603Z","level":"info","event":"2026/05/15 19:05:23 - CSV file input 2.0 - Line number : 800000","logger":"task.stdout"}
{"timestamp":"2026-05-15T22:05:26.834118Z","level":"info","event":"2026/05/15 19:05:26 - Table output 3.0 - linenr 750000","logger":"task.stdout"}
{"timestamp":"2026-05-15T22:05:28.581317Z","level":"info","event":"2026/05/15 19:05:28 - Select values 2.0 - linenr 800000","logger":"task.stdout"}
{"timestamp":"2026-05-15T22:05:29.558893Z","level":"info","event":"2026/05/15 19:05:29 - CSV file input.0 - Line number : 800000","logger":"task.stdout"}
{"timestamp":"2026-05-15T22:05:31.485219Z","level":"info","event":"2026/05/15 19:05:31 - CSV file input 3.0 - Line number : 800000","logger":"task.stdout"}
{"timestamp":"2026-05-15T22:05:40.080109Z","level":"info","event":"2026/05/15 19:05:36 - Select values.0 - linenr 800000","logger":"task.stdout"}
{"timestamp":"2026-05-15T22:05:42.729320Z","level":"info","event":"2026/05/15 19:05:42 - Select values 3.0 - linenr 800000","logger":"task.stdout"}
{"timestamp":"2026-05-15T22:05:45.530373Z","level":"info","event":"2026/05/15 19:05:45 - Filter rows.0 - linenr 800000","logger":"task.stdout"}
{"timestamp":"2026-05-15T22:05:46.447820Z","level":"info","event":"2026/05/15 19:05:46 - Filter rows 3.0 - linenr 800000","logger":"task.stdout"}
{"timestamp":"2026-05-15T22:05:47.191410Z","level":"info","event":"2026/05/15 19:05:47 - Filter rows 2.0 - linenr 800000","logger":"task.stdout"}
{"timestamp":"2026-05-15T22:05:48.128228Z","level":"info","event":"2026/05/15 19:05:48 - Table output.0 - linenr 800000","logger":"task.stdout"}
{"timestamp":"2026-05-15T22:05:48.752165Z","level":"info","event":"2026/05/15 19:05:48 - Table output 3.0 - linenr 800000","logger":"task.stdout"}
{"timestamp":"2026-05-15T22:05:49.427710Z","level":"info","event":"2026/05/15 19:05:49 - CSV file input.0 - Line number : 850000","logger":"task.stdout"}
{"timestamp":"2026-05-15T22:05:49.958048Z","level":"info","event":"2026/05/15 19:05:49 - Table output 2.0 - linenr 800000","logger":"task.stdout"}
{"timestamp":"2026-05-15T22:05:49.980913Z","level":"info","event":"2026/05/15 19:05:49 - CSV file input 3.0 - Line number : 850000","logger":"task.stdout"}
{"timestamp":"2026-05-15T22:05:50.563479Z","level":"info","event":"2026/05/15 19:05:50 - Select values.0 - linenr 850000","logger":"task.stdout"}
{"timestamp":"2026-05-15T22:05:51.266569Z","level":"info","event":"2026/05/15 19:05:51 - Select values 3.0 - linenr 850000","logger":"task.stdout"}
{"timestamp":"2026-05-15T22:05:51.267007Z","level":"info","event":"2026/05/15 19:05:51 - CSV file input 2.0 - Line number : 850000","logger":"task.stdout"}
{"timestamp":"2026-05-15T22:05:51.996704Z","level":"info","event":"2026/05/15 19:05:51 - Filter rows.0 - linenr 850000","logger":"task.stdout"}
{"timestamp":"2026-05-15T22:05:52.643816Z","level":"info","event":"2026/05/15 19:05:52 - Select values 2.0 - linenr 850000","logger":"task.stdout"}
{"timestamp":"2026-05-15T22:05:52.648520Z","level":"info","event":"2026/05/15 19:05:52 - Filter rows 3.0 - linenr 850000","logger":"task.stdout"}
{"timestamp":"2026-05-15T22:05:53.720921Z","level":"info","event":"2026/05/15 19:05:53 - Filter rows 2.0 - linenr 850000","logger":"task.stdout"}
{"timestamp":"2026-05-15T22:06:21.400468Z","level":"info","event":"2026/05/15 19:06:18 - Table output.0 - linenr 850000","logger":"task.stdout"}
{"timestamp":"2026-05-15T22:06:21.401284Z","level":"info","event":"2026/05/15 19:06:19 - CSV file input.0 - Finished processing (I=894956, O=0, R=0, W=894955, U=0, E=0)","logger":"task.stdout"}
{"timestamp":"2026-05-15T22:06:21.401476Z","level":"info","event":"2026/05/15 19:06:19 - Table output 3.0 - linenr 850000","logger":"task.stdout"}
{"timestamp":"2026-05-15T22:06:21.401651Z","level":"info","event":"2026/05/15 19:06:20 - Select values.0 - Finished processing (I=0, O=0, R=894955, W=894955, U=0, E=0)","logger":"task.stdout"}
{"timestamp":"2026-05-15T22:06:21.401736Z","level":"info","event":"2026/05/15 19:06:20 - Table output 2.0 - linenr 850000","logger":"task.stdout"}
{"timestamp":"2026-05-15T22:06:21.401831Z","level":"info","event":"2026/05/15 19:06:20 - CSV file input 3.0 - Line number : 900000","logger":"task.stdout"}
{"timestamp":"2026-05-15T22:06:21.752848Z","level":"info","event":"2026/05/15 19:06:21 - Filter rows.0 - Finished processing (I=0, O=0, R=894955, W=894955, U=0, E=0)","logger":"task.stdout"}
{"timestamp":"2026-05-15T22:06:22.156445Z","level":"info","event":"2026/05/15 19:06:22 - CSV file input 2.0 - Line number : 900000","logger":"task.stdout"}
{"timestamp":"2026-05-15T22:06:22.191376Z","level":"info","event":"2026/05/15 19:06:22 - Select values 3.0 - linenr 900000","logger":"task.stdout"}
{"timestamp":"2026-05-15T22:06:22.261273Z","level":"info","event":"2026/05/15 19:06:22 - CSV file input 2.0 - Finished processing (I=900940, O=0, R=0, W=900939, U=0, E=0)","logger":"task.stdout"}
{"timestamp":"2026-05-15T22:06:22.817007Z","level":"info","event":"2026/05/15 19:06:22 - String operations.0 - Finished processing (I=0, O=0, R=894955, W=894955, U=0, E=0)","logger":"task.stdout"}
{"timestamp":"2026-05-15T22:06:23.006026Z","level":"info","event":"2026/05/15 19:06:23 - Filter rows 3.0 - linenr 900000","logger":"task.stdout"}
{"timestamp":"2026-05-15T22:06:23.008305Z","level":"info","event":"2026/05/15 19:06:23 - Select values 2.0 - linenr 900000","logger":"task.stdout"}
{"timestamp":"2026-05-15T22:06:23.081965Z","level":"info","event":"2026/05/15 19:06:23 - Select values 2.0 - Finished processing (I=0, O=0, R=900939, W=900939, U=0, E=0)","logger":"task.stdout"}
{"timestamp":"2026-05-15T22:06:23.849814Z","level":"info","event":"2026/05/15 19:06:23 - Table output.0 - Finished processing (I=0, O=894955, R=894955, W=894955, U=0, E=0)","logger":"task.stdout"}
{"timestamp":"2026-05-15T22:06:23.907311Z","level":"info","event":"2026/05/15 19:06:23 - Filter rows 2.0 - linenr 900000","logger":"task.stdout"}
{"timestamp":"2026-05-15T22:06:23.970962Z","level":"info","event":"2026/05/15 19:06:23 - Filter rows 2.0 - Finished processing (I=0, O=0, R=900939, W=900939, U=0, E=0)","logger":"task.stdout"}
{"timestamp":"2026-05-15T22:06:24.627029Z","level":"info","event":"2026/05/15 19:06:24 - Table output 3.0 - linenr 900000","logger":"task.stdout"}
{"timestamp":"2026-05-15T22:06:24.694027Z","level":"info","event":"2026/05/15 19:06:24 - String operations 2.0 - Finished processing (I=0, O=0, R=900939, W=900939, U=0, E=0)","logger":"task.stdout"}
{"timestamp":"2026-05-15T22:06:45.324703Z","level":"info","event":"2026/05/15 19:06:45 - CSV file input 3.0 - Line number : 950000","logger":"task.stdout"}
{"timestamp":"2026-05-15T22:06:48.770672Z","level":"info","event":"2026/05/15 19:06:48 - Table output 2.0 - linenr 900000","logger":"task.stdout"}
{"timestamp":"2026-05-15T22:06:48.927826Z","level":"info","event":"2026/05/15 19:06:48 - Table output 2.0 - Finished processing (I=0, O=900939, R=900939, W=900939, U=0, E=0)","logger":"task.stdout"}
{"timestamp":"2026-05-15T22:06:49.082825Z","level":"info","event":"2026/05/15 19:06:49 - CSV file input 3.0 - Finished processing (I=953778, O=0, R=0, W=953777, U=0, E=0)","logger":"task.stdout"}
{"timestamp":"2026-05-15T22:06:49.870903Z","level":"info","event":"2026/05/15 19:06:49 - Select values 3.0 - linenr 950000","logger":"task.stdout"}
{"timestamp":"2026-05-15T22:06:50.104968Z","level":"info","event":"2026/05/15 19:06:50 - Select values 3.0 - Finished processing (I=0, O=0, R=953777, W=953777, U=0, E=0)","logger":"task.stdout"}
{"timestamp":"2026-05-15T22:06:50.507341Z","level":"info","event":"2026/05/15 19:06:50 - Filter rows 3.0 - linenr 950000","logger":"task.stdout"}
{"timestamp":"2026-05-15T22:06:50.688680Z","level":"info","event":"2026/05/15 19:06:50 - Filter rows 3.0 - Finished processing (I=0, O=0, R=953777, W=953777, U=0, E=0)","logger":"task.stdout"}
{"timestamp":"2026-05-15T22:06:51.219151Z","level":"info","event":"2026/05/15 19:06:51 - String operations 3.0 - Finished processing (I=0, O=0, R=953777, W=953777, U=0, E=0)","logger":"task.stdout"}
{"timestamp":"2026-05-15T22:06:51.628208Z","level":"info","event":"2026/05/15 19:06:51 - Table output 3.0 - linenr 950000","logger":"task.stdout"}
{"timestamp":"2026-05-15T22:06:51.867622Z","level":"info","event":"2026/05/15 19:06:51 - Table output 3.0 - Finished processing (I=0, O=953777, R=953777, W=953777, U=0, E=0)","logger":"task.stdout"}
{"timestamp":"2026-05-15T22:06:52.001964Z","level":"info","event":"2026/05/15 19:06:52 - Pan - Finished!","logger":"task.stdout"}
{"timestamp":"2026-05-15T22:06:52.009667Z","level":"info","event":"2026/05/15 19:06:52 - Pan - Start=2026/05/15 18:58:48.687, Stop=2026/05/15 19:06:52.001","logger":"task.stdout"}
{"timestamp":"2026-05-15T22:06:52.011095Z","level":"info","event":"2026/05/15 19:06:52 - Pan - Processing ended after 8 minutes and 3 seconds (483 seconds total).","logger":"task.stdout"}
{"timestamp":"2026-05-15T22:06:52.011286Z","level":"info","event":"2026/05/15 19:06:52 - 01_carga_nomina_raw -","logger":"task.stdout"}
{"timestamp":"2026-05-15T22:06:52.011460Z","level":"info","event":"2026/05/15 19:06:52 - 01_carga_nomina_raw - Step CSV file input.0 ended successfully, processed 894955 lines. ( 1852 lines/s)","logger":"task.stdout"}
{"timestamp":"2026-05-15T22:06:52.011602Z","level":"info","event":"2026/05/15 19:06:52 - 01_carga_nomina_raw - Step Select values.0 ended successfully, processed 894955 lines. ( 1852 lines/s)","logger":"task.stdout"}
{"timestamp":"2026-05-15T22:06:52.011680Z","level":"info","event":"2026/05/15 19:06:52 - 01_carga_nomina_raw - Step CSV file input 2.0 ended successfully, processed 900939 lines. ( 1865 lines/s)","logger":"task.stdout"}
{"timestamp":"2026-05-15T22:06:52.011753Z","level":"info","event":"2026/05/15 19:06:52 - 01_carga_nomina_raw - Step Select values 2.0 ended successfully, processed 900939 lines. ( 1865 lines/s)","logger":"task.stdout"}
{"timestamp":"2026-05-15T22:06:52.011991Z","level":"info","event":"2026/05/15 19:06:52 - 01_carga_nomina_raw - Step CSV file input 3.0 ended successfully, processed 953777 lines. ( 1974 lines/s)","logger":"task.stdout"}
{"timestamp":"2026-05-15T22:06:52.012408Z","level":"info","event":"2026/05/15 19:06:52 - 01_carga_nomina_raw - Step Select values 3.0 ended successfully, processed 953777 lines. ( 1974 lines/s)","logger":"task.stdout"}
{"timestamp":"2026-05-15T22:06:52.012471Z","level":"info","event":"2026/05/15 19:06:52 - 01_carga_nomina_raw - Step Filter rows.0 ended successfully, processed 894955 lines. ( 1852 lines/s)","logger":"task.stdout"}
{"timestamp":"2026-05-15T22:06:52.012591Z","level":"info","event":"2026/05/15 19:06:52 - 01_carga_nomina_raw - Step Filter rows 2.0 ended successfully, processed 900939 lines. ( 1865 lines/s)","logger":"task.stdout"}
{"timestamp":"2026-05-15T22:06:52.012642Z","level":"info","event":"2026/05/15 19:06:52 - 01_carga_nomina_raw - Step Filter rows 3.0 ended successfully, processed 953777 lines. ( 1974 lines/s)","logger":"task.stdout"}
{"timestamp":"2026-05-15T22:06:52.012680Z","level":"info","event":"2026/05/15 19:06:52 - 01_carga_nomina_raw - Step String operations.0 ended successfully, processed 894955 lines. ( 1852 lines/s)","logger":"task.stdout"}
{"timestamp":"2026-05-15T22:06:52.012809Z","level":"info","event":"2026/05/15 19:06:52 - 01_carga_nomina_raw - Step String operations 2.0 ended successfully, processed 900939 lines. ( 1865 lines/s)","logger":"task.stdout"}
{"timestamp":"2026-05-15T22:06:52.012887Z","level":"info","event":"2026/05/15 19:06:52 - 01_carga_nomina_raw - Step String operations 3.0 ended successfully, processed 953777 lines. ( 1974 lines/s)","logger":"task.stdout"}
{"timestamp":"2026-05-15T22:06:52.013440Z","level":"info","event":"2026/05/15 19:06:52 - 01_carga_nomina_raw - Step Table output.0 ended successfully, processed 894955 lines. ( 1852 lines/s)","logger":"task.stdout"}
{"timestamp":"2026-05-15T22:06:52.013750Z","level":"info","event":"2026/05/15 19:06:52 - 01_carga_nomina_raw - Step Table output 2.0 ended successfully, processed 900939 lines. ( 1865 lines/s)","logger":"task.stdout"}
{"timestamp":"2026-05-15T22:06:52.013927Z","level":"info","event":"2026/05/15 19:06:52 - 01_carga_nomina_raw - Step Table output 3.0 ended successfully, processed 953777 lines. ( 1974 lines/s)","logger":"task.stdout"}
{"timestamp":"2026-05-15T22:06:52.266308Z","level":"info","event":"ETL Pentaho completado — 3 meses cargados","logger":"task.stdout"}
{"timestamp":"2026-05-15T22:06:52.400423Z","level":"info","event":"Done. Returned value was: None","logger":"airflow.task.operators.airflow.providers.standard.decorators.python._PythonDecoratedOperator","filename":"python.py","lineno":233}
{"timestamp":"2026-05-15T22:06:52.612317Z","level":"info","event":"Task instance in success state","logger":"task.stdout"}
{"timestamp":"2026-05-15T22:06:52.612858Z","level":"info","event":" Previous state of the Task instance: TaskInstanceState.RUNNING","logger":"task.stdout"}
{"timestamp":"2026-05-15T22:06:52.663267Z","level":"info","event":"Task operator:<Task(_PythonDecoratedOperator): ejecutar_pentaho_etl>","logger":"task.stdout"}
