{"timestamp":"2026-05-15T20:58:30.099364Z","level":"info","event":"DAG bundles loaded: dags-folder, example_dags","logger":"airflow.dag_processing.bundles.manager.DagBundlesManager","filename":"manager.py","lineno":179}
{"timestamp":"2026-05-15T20:58:30.100188Z","level":"info","event":"Filling up the DagBag from /opt/repo/proyecto-bigdata/orchestration/airflow/dags/dag_nomina_pipeline.py","logger":"airflow.models.dagbag.BundleDagBag","filename":"dagbag.py","lineno":593}
{"timestamp":"2026-05-15T20:58:30.114151Z","level":"info","event":"Stats instance was created in PID 1559 but accessed in PID 1630. Re-initializing.","logger":"airflow.stats","filename":"stats.py","lineno":57}
{"timestamp":"2026-05-15T20:58:30.153009Z","level":"info","event":"Task instance is in running state","logger":"task.stdout"}
{"timestamp":"2026-05-15T20:58:30.153325Z","level":"info","event":" Previous state of the Task instance: TaskInstanceState.QUEUED","logger":"task.stdout"}
{"timestamp":"2026-05-15T20:58:30.153471Z","level":"info","event":"Current task name:ejecutar_pentaho_etl","logger":"task.stdout"}
{"timestamp":"2026-05-15T20:58:30.153547Z","level":"info","event":"Dag name:pipeline_nomina_funcionarios","logger":"task.stdout"}
{"timestamp":"2026-05-15T20:58:30.198966Z","level":"info","event":"#######################################################################","logger":"task.stdout"}
{"timestamp":"2026-05-15T20:58:30.199189Z","level":"info","event":"WARNING:  no libwebkitgtk-1.0 detected, some features will be unavailable","logger":"task.stdout"}
{"timestamp":"2026-05-15T20:58:30.199307Z","level":"info","event":"    Consider installing the package with apt-get or yum.","logger":"task.stdout"}
{"timestamp":"2026-05-15T20:58:30.199417Z","level":"info","event":"    e.g. 'sudo apt-get install libwebkitgtk-1.0-0'","logger":"task.stdout"}
{"timestamp":"2026-05-15T20:58:30.199510Z","level":"info","event":"#######################################################################","logger":"task.stdout"}
{"timestamp":"2026-05-15T20:58:30.588686Z","level":"error","event":"OpenJDK 64-Bit Server VM warning: Ignoring option MaxPermSize; support was removed in 8.0","logger":"task.stderr"}
{"timestamp":"2026-05-15T20:58:36.463395Z","level":"info","event":"2026/05/15 17:58:36 - Pan - Start of run.","logger":"task.stdout"}
{"timestamp":"2026-05-15T20:58:37.003741Z","level":"info","event":"2026/05/15 17:58:37 - 01_carga_nomina_raw - Dispatching started for transformation [01_carga_nomina_raw]","logger":"task.stdout"}
{"timestamp":"2026-05-15T20:58:37.765543Z","level":"info","event":"2026/05/15 17:58:37 - Table output.0 - Connected to database [nomina_funcionarios] (commit=1000)","logger":"task.stdout"}
{"timestamp":"2026-05-15T20:58:37.766088Z","level":"info","event":"2026/05/15 17:58:37 - Table output 3.0 - Connected to database [nomina_funcionarios] (commit=1000)","logger":"task.stdout"}
{"timestamp":"2026-05-15T20:58:37.766250Z","level":"info","event":"2026/05/15 17:58:37 - Table output 2.0 - Connected to database [nomina_funcionarios] (commit=1000)","logger":"task.stdout"}
{"timestamp":"2026-05-15T20:58:37.840180Z","level":"info","event":"2026/05/15 17:58:37 - CSV file input.0 - Header row skipped in file '/opt/repo/proyecto-bigdata/data/raw/nomina/nomina_2026-01.csv'","logger":"task.stdout"}
{"timestamp":"2026-05-15T20:58:37.840544Z","level":"info","event":"2026/05/15 17:58:37 - CSV file input 3.0 - Header row skipped in file '/opt/repo/proyecto-bigdata/data/raw/nomina/nomina_2026-03.csv'","logger":"task.stdout"}
{"timestamp":"2026-05-15T20:58:37.840824Z","level":"info","event":"2026/05/15 17:58:37 - CSV file input 2.0 - Header row skipped in file '/opt/repo/proyecto-bigdata/data/raw/nomina/nomina_2026-02.csv'","logger":"task.stdout"}
{"timestamp":"2026-05-15T20:58:42.640879Z","level":"info","event":"2026/05/15 17:58:42 - CSV file input.0 - Line number : 50000","logger":"task.stdout"}
{"timestamp":"2026-05-15T20:58:42.872438Z","level":"info","event":"2026/05/15 17:58:42 - CSV file input 3.0 - Line number : 50000","logger":"task.stdout"}
{"timestamp":"2026-05-15T20:58:43.050480Z","level":"info","event":"2026/05/15 17:58:43 - CSV file input 2.0 - Line number : 50000","logger":"task.stdout"}
{"timestamp":"2026-05-15T20:58:44.496711Z","level":"info","event":"2026/05/15 17:58:44 - Select values.0 - linenr 50000","logger":"task.stdout"}
{"timestamp":"2026-05-15T20:58:44.795057Z","level":"info","event":"2026/05/15 17:58:44 - Select values 3.0 - linenr 50000","logger":"task.stdout"}
{"timestamp":"2026-05-15T20:58:45.142855Z","level":"info","event":"2026/05/15 17:58:45 - Select values 2.0 - linenr 50000","logger":"task.stdout"}
{"timestamp":"2026-05-15T20:58:45.999020Z","level":"info","event":"2026/05/15 17:58:45 - Filter rows.0 - linenr 50000","logger":"task.stdout"}
{"timestamp":"2026-05-15T20:58:46.429854Z","level":"info","event":"2026/05/15 17:58:46 - Filter rows 3.0 - linenr 50000","logger":"task.stdout"}
{"timestamp":"2026-05-15T20:58:47.459605Z","level":"info","event":"2026/05/15 17:58:47 - Filter rows 2.0 - linenr 50000","logger":"task.stdout"}
{"timestamp":"2026-05-15T20:58:48.862203Z","level":"info","event":"2026/05/15 17:58:48 - Table output.0 - linenr 50000","logger":"task.stdout"}
{"timestamp":"2026-05-15T20:58:49.280075Z","level":"info","event":"2026/05/15 17:58:49 - Table output 3.0 - linenr 50000","logger":"task.stdout"}
{"timestamp":"2026-05-15T20:58:50.455822Z","level":"info","event":"2026/05/15 17:58:50 - CSV file input.0 - Line number : 100000","logger":"task.stdout"}
{"timestamp":"2026-05-15T20:58:50.893247Z","level":"info","event":"2026/05/15 17:58:50 - CSV file input 3.0 - Line number : 100000","logger":"task.stdout"}
{"timestamp":"2026-05-15T20:58:51.735312Z","level":"info","event":"2026/05/15 17:58:51 - Table output 2.0 - linenr 50000","logger":"task.stdout"}
{"timestamp":"2026-05-15T20:58:51.805521Z","level":"info","event":"2026/05/15 17:58:51 - Select values.0 - linenr 100000","logger":"task.stdout"}
{"timestamp":"2026-05-15T20:58:52.209284Z","level":"info","event":"2026/05/15 17:58:52 - Select values 3.0 - linenr 100000","logger":"task.stdout"}
{"timestamp":"2026-05-15T20:58:53.220012Z","level":"info","event":"2026/05/15 17:58:53 - Filter rows.0 - linenr 100000","logger":"task.stdout"}
{"timestamp":"2026-05-15T20:58:53.704204Z","level":"info","event":"2026/05/15 17:58:53 - Filter rows 3.0 - linenr 100000","logger":"task.stdout"}
{"timestamp":"2026-05-15T20:58:53.824649Z","level":"info","event":"2026/05/15 17:58:53 - CSV file input 2.0 - Line number : 100000","logger":"task.stdout"}
{"timestamp":"2026-05-15T20:58:56.187278Z","level":"info","event":"2026/05/15 17:58:56 - Select values 2.0 - linenr 100000","logger":"task.stdout"}
{"timestamp":"2026-05-15T20:58:56.770162Z","level":"info","event":"2026/05/15 17:58:56 - Table output.0 - linenr 100000","logger":"task.stdout"}
{"timestamp":"2026-05-15T20:58:57.153574Z","level":"info","event":"2026/05/15 17:58:57 - Table output 3.0 - linenr 100000","logger":"task.stdout"}
{"timestamp":"2026-05-15T20:58:57.968158Z","level":"info","event":"2026/05/15 17:58:57 - Filter rows 2.0 - linenr 100000","logger":"task.stdout"}
{"timestamp":"2026-05-15T20:58:58.270968Z","level":"info","event":"2026/05/15 17:58:58 - CSV file input.0 - Line number : 150000","logger":"task.stdout"}
{"timestamp":"2026-05-15T20:58:58.818466Z","level":"info","event":"2026/05/15 17:58:58 - CSV file input 3.0 - Line number : 150000","logger":"task.stdout"}
{"timestamp":"2026-05-15T20:58:59.723087Z","level":"info","event":"2026/05/15 17:58:59 - Select values.0 - linenr 150000","logger":"task.stdout"}
{"timestamp":"2026-05-15T20:59:00.164905Z","level":"info","event":"2026/05/15 17:59:00 - Select values 3.0 - linenr 150000","logger":"task.stdout"}
{"timestamp":"2026-05-15T20:59:00.957268Z","level":"info","event":"2026/05/15 17:59:00 - Filter rows.0 - linenr 150000","logger":"task.stdout"}
{"timestamp":"2026-05-15T20:59:01.208028Z","level":"info","event":"2026/05/15 17:59:01 - Table output 2.0 - linenr 100000","logger":"task.stdout"}
{"timestamp":"2026-05-15T20:59:01.514514Z","level":"info","event":"2026/05/15 17:59:01 - Filter rows 3.0 - linenr 150000","logger":"task.stdout"}
{"timestamp":"2026-05-15T20:59:03.367542Z","level":"info","event":"2026/05/15 17:59:03 - CSV file input 2.0 - Line number : 150000","logger":"task.stdout"}
{"timestamp":"2026-05-15T20:59:30.100943Z","level":"info","event":"2026/05/15 17:59:09 - Table output.0 - linenr 150000","logger":"task.stdout"}
{"timestamp":"2026-05-15T20:59:30.101251Z","level":"info","event":"2026/05/15 17:59:29 - Table output 3.0 - linenr 150000","logger":"task.stdout"}
{"timestamp":"2026-05-15T20:59:30.101406Z","level":"info","event":"2026/05/15 17:59:30 - CSV file input.0 - Line number : 200000","logger":"task.stdout"}
{"timestamp":"2026-05-15T20:59:30.823186Z","level":"info","event":"2026/05/15 17:59:30 - CSV file input 3.0 - Line number : 200000","logger":"task.stdout"}
{"timestamp":"2026-05-15T20:59:31.003478Z","level":"info","event":"2026/05/15 17:59:31 - Select values 2.0 - linenr 150000","logger":"task.stdout"}
{"timestamp":"2026-05-15T20:59:31.196817Z","level":"info","event":"2026/05/15 17:59:31 - Select values.0 - linenr 200000","logger":"task.stdout"}
{"timestamp":"2026-05-15T20:59:31.760910Z","level":"info","event":"2026/05/15 17:59:31 - Select values 3.0 - linenr 200000","logger":"task.stdout"}
{"timestamp":"2026-05-15T20:59:31.981063Z","level":"info","event":"2026/05/15 17:59:31 - Filter rows.0 - linenr 200000","logger":"task.stdout"}
{"timestamp":"2026-05-15T20:59:32.570077Z","level":"info","event":"2026/05/15 17:59:32 - Filter rows 3.0 - linenr 200000","logger":"task.stdout"}
{"timestamp":"2026-05-15T20:59:32.947404Z","level":"info","event":"2026/05/15 17:59:32 - Filter rows 2.0 - linenr 150000","logger":"task.stdout"}
{"timestamp":"2026-05-15T20:59:48.391417Z","level":"info","event":"2026/05/15 17:59:48 - Table output.0 - linenr 200000","logger":"task.stdout"}
{"timestamp":"2026-05-15T20:59:57.952116Z","level":"info","event":"2026/05/15 17:59:57 - Table output 3.0 - linenr 200000","logger":"task.stdout"}
{"timestamp":"2026-05-15T20:59:58.385247Z","level":"info","event":"2026/05/15 17:59:58 - CSV file input.0 - Line number : 250000","logger":"task.stdout"}
{"timestamp":"2026-05-15T20:59:59.153642Z","level":"info","event":"2026/05/15 17:59:59 - CSV file input 3.0 - Line number : 250000","logger":"task.stdout"}
{"timestamp":"2026-05-15T20:59:59.861105Z","level":"info","event":"2026/05/15 17:59:59 - Select values.0 - linenr 250000","logger":"task.stdout"}
{"timestamp":"2026-05-15T21:00:00.457394Z","level":"info","event":"2026/05/15 18:00:00 - Table output 2.0 - linenr 150000","logger":"task.stdout"}
{"timestamp":"2026-05-15T21:00:00.597561Z","level":"info","event":"2026/05/15 18:00:00 - Select values 3.0 - linenr 250000","logger":"task.stdout"}
{"timestamp":"2026-05-15T21:00:01.136341Z","level":"info","event":"2026/05/15 18:00:01 - Filter rows.0 - linenr 250000","logger":"task.stdout"}
{"timestamp":"2026-05-15T21:00:02.031099Z","level":"info","event":"2026/05/15 18:00:02 - Filter rows 3.0 - linenr 250000","logger":"task.stdout"}
{"timestamp":"2026-05-15T21:00:03.073103Z","level":"info","event":"2026/05/15 18:00:03 - CSV file input 2.0 - Line number : 200000","logger":"task.stdout"}
{"timestamp":"2026-05-15T21:00:27.317998Z","level":"info","event":"2026/05/15 18:00:18 - Table output.0 - linenr 250000","logger":"task.stdout"}
{"timestamp":"2026-05-15T21:00:28.048089Z","level":"info","event":"2026/05/15 18:00:28 - Table output 3.0 - linenr 250000","logger":"task.stdout"}
{"timestamp":"2026-05-15T21:00:28.498000Z","level":"info","event":"2026/05/15 18:00:28 - CSV file input.0 - Line number : 300000","logger":"task.stdout"}
{"timestamp":"2026-05-15T21:00:29.038581Z","level":"info","event":"2026/05/15 18:00:29 - Select values 2.0 - linenr 200000","logger":"task.stdout"}
{"timestamp":"2026-05-15T21:00:29.304793Z","level":"info","event":"2026/05/15 18:00:29 - CSV file input 3.0 - Line number : 300000","logger":"task.stdout"}
{"timestamp":"2026-05-15T21:00:29.977361Z","level":"info","event":"2026/05/15 18:00:29 - Select values.0 - linenr 300000","logger":"task.stdout"}
{"timestamp":"2026-05-15T21:00:30.846213Z","level":"info","event":"2026/05/15 18:00:30 - Select values 3.0 - linenr 300000","logger":"task.stdout"}
{"timestamp":"2026-05-15T21:00:30.976250Z","level":"info","event":"2026/05/15 18:00:30 - Filter rows.0 - linenr 300000","logger":"task.stdout"}
{"timestamp":"2026-05-15T21:00:31.680632Z","level":"info","event":"2026/05/15 18:00:31 - Filter rows 2.0 - linenr 200000","logger":"task.stdout"}
{"timestamp":"2026-05-15T21:00:32.737833Z","level":"info","event":"2026/05/15 18:00:32 - Filter rows 3.0 - linenr 300000","logger":"task.stdout"}
{"timestamp":"2026-05-15T21:00:32.968019Z","level":"info","event":"2026/05/15 18:00:32 - Table output.0 - linenr 300000","logger":"task.stdout"}
{"timestamp":"2026-05-15T21:00:33.812056Z","level":"info","event":"2026/05/15 18:00:33 - CSV file input.0 - Line number : 350000","logger":"task.stdout"}
{"timestamp":"2026-05-15T21:00:34.657668Z","level":"info","event":"2026/05/15 18:00:34 - Select values.0 - linenr 350000","logger":"task.stdout"}
{"timestamp":"2026-05-15T21:00:34.948271Z","level":"info","event":"2026/05/15 18:00:34 - Table output 3.0 - linenr 300000","logger":"task.stdout"}
{"timestamp":"2026-05-15T21:00:35.046413Z","level":"info","event":"2026/05/15 18:00:35 - Table output 2.0 - linenr 200000","logger":"task.stdout"}
{"timestamp":"2026-05-15T21:00:35.507738Z","level":"info","event":"2026/05/15 18:00:35 - Filter rows.0 - linenr 350000","logger":"task.stdout"}
{"timestamp":"2026-05-15T21:00:35.870876Z","level":"info","event":"2026/05/15 18:00:35 - CSV file input 3.0 - Line number : 350000","logger":"task.stdout"}
{"timestamp":"2026-05-15T21:00:35.995040Z","level":"info","event":"2026/05/15 18:00:35 - CSV file input 2.0 - Line number : 250000","logger":"task.stdout"}
{"timestamp":"2026-05-15T21:00:46.912829Z","level":"info","event":"2026/05/15 18:00:46 - Select values 3.0 - linenr 350000","logger":"task.stdout"}
{"timestamp":"2026-05-15T21:00:47.386243Z","level":"info","event":"2026/05/15 18:00:47 - Select values 2.0 - linenr 250000","logger":"task.stdout"}
{"timestamp":"2026-05-15T21:01:00.770773Z","level":"info","event":"2026/05/15 18:01:00 - Table output.0 - linenr 350000","logger":"task.stdout"}
{"timestamp":"2026-05-15T21:01:00.889771Z","level":"info","event":"2026/05/15 18:01:00 - Filter rows 3.0 - linenr 350000","logger":"task.stdout"}
{"timestamp":"2026-05-15T21:01:01.133828Z","level":"info","event":"2026/05/15 18:01:01 - Filter rows 2.0 - linenr 250000","logger":"task.stdout"}
{"timestamp":"2026-05-15T21:01:01.836638Z","level":"info","event":"2026/05/15 18:01:01 - CSV file input.0 - Line number : 400000","logger":"task.stdout"}
{"timestamp":"2026-05-15T21:01:02.995341Z","level":"info","event":"2026/05/15 18:01:02 - Select values.0 - linenr 400000","logger":"task.stdout"}
{"timestamp":"2026-05-15T21:01:03.059599Z","level":"info","event":"2026/05/15 18:01:03 - Table output 2.0 - linenr 250000","logger":"task.stdout"}
{"timestamp":"2026-05-15T21:01:03.640498Z","level":"info","event":"2026/05/15 18:01:03 - Table output 3.0 - linenr 350000","logger":"task.stdout"}
{"timestamp":"2026-05-15T21:01:04.125220Z","level":"info","event":"2026/05/15 18:01:04 - CSV file input 2.0 - Line number : 300000","logger":"task.stdout"}
{"timestamp":"2026-05-15T21:01:04.252167Z","level":"info","event":"2026/05/15 18:01:04 - Filter rows.0 - linenr 400000","logger":"task.stdout"}
{"timestamp":"2026-05-15T21:01:05.086159Z","level":"info","event":"2026/05/15 18:01:05 - CSV file input 3.0 - Line number : 400000","logger":"task.stdout"}
{"timestamp":"2026-05-15T21:01:05.200678Z","level":"info","event":"2026/05/15 18:01:05 - Select values 2.0 - linenr 300000","logger":"task.stdout"}
{"timestamp":"2026-05-15T21:01:12.370172Z","level":"info","event":"2026/05/15 18:01:12 - Filter rows 2.0 - linenr 300000","logger":"task.stdout"}
{"timestamp":"2026-05-15T21:01:13.321111Z","level":"info","event":"2026/05/15 18:01:13 - Select values 3.0 - linenr 400000","logger":"task.stdout"}
{"timestamp":"2026-05-15T21:01:13.431285Z","level":"info","event":"2026/05/15 18:01:13 - Table output.0 - linenr 400000","logger":"task.stdout"}
{"timestamp":"2026-05-15T21:01:26.025206Z","level":"info","event":"2026/05/15 18:01:26 - CSV file input.0 - Line number : 450000","logger":"task.stdout"}
{"timestamp":"2026-05-15T21:01:26.280979Z","level":"info","event":"2026/05/15 18:01:26 - Filter rows 3.0 - linenr 400000","logger":"task.stdout"}
{"timestamp":"2026-05-15T21:01:30.812900Z","level":"info","event":"2026/05/15 18:01:30 - Table output 2.0 - linenr 300000","logger":"task.stdout"}
{"timestamp":"2026-05-15T21:01:31.184074Z","level":"info","event":"2026/05/15 18:01:31 - Select values.0 - linenr 450000","logger":"task.stdout"}
{"timestamp":"2026-05-15T21:01:32.294223Z","level":"info","event":"2026/05/15 18:01:32 - Filter rows.0 - linenr 450000","logger":"task.stdout"}
{"timestamp":"2026-05-15T21:01:32.364462Z","level":"info","event":"2026/05/15 18:01:32 - CSV file input 2.0 - Line number : 350000","logger":"task.stdout"}
{"timestamp":"2026-05-15T21:01:32.374647Z","level":"info","event":"2026/05/15 18:01:32 - Table output 3.0 - linenr 400000","logger":"task.stdout"}
{"timestamp":"2026-05-15T21:01:33.669917Z","level":"info","event":"2026/05/15 18:01:33 - CSV file input 3.0 - Line number : 450000","logger":"task.stdout"}
{"timestamp":"2026-05-15T21:01:34.172509Z","level":"info","event":"2026/05/15 18:01:34 - Select values 2.0 - linenr 350000","logger":"task.stdout"}
{"timestamp":"2026-05-15T21:01:34.743396Z","level":"info","event":"2026/05/15 18:01:34 - Table output.0 - linenr 450000","logger":"task.stdout"}
{"timestamp":"2026-05-15T21:01:35.161806Z","level":"info","event":"2026/05/15 18:01:35 - Select values 3.0 - linenr 450000","logger":"task.stdout"}
{"timestamp":"2026-05-15T21:01:35.748981Z","level":"info","event":"2026/05/15 18:01:35 - CSV file input.0 - Line number : 500000","logger":"task.stdout"}
{"timestamp":"2026-05-15T21:01:35.843852Z","level":"info","event":"2026/05/15 18:01:35 - Filter rows 2.0 - linenr 350000","logger":"task.stdout"}
{"timestamp":"2026-05-15T21:01:39.330221Z","level":"info","event":"2026/05/15 18:01:39 - Filter rows 3.0 - linenr 450000","logger":"task.stdout"}
{"timestamp":"2026-05-15T21:01:40.014070Z","level":"info","event":"2026/05/15 18:01:40 - Select values.0 - linenr 500000","logger":"task.stdout"}
{"timestamp":"2026-05-15T21:02:01.397084Z","level":"info","event":"2026/05/15 18:02:01 - Filter rows.0 - linenr 500000","logger":"task.stdout"}
{"timestamp":"2026-05-15T21:02:03.607596Z","level":"info","event":"2026/05/15 18:02:03 - Table output 3.0 - linenr 450000","logger":"task.stdout"}
{"timestamp":"2026-05-15T21:02:03.608113Z","level":"info","event":"2026/05/15 18:02:03 - Table output 2.0 - linenr 350000","logger":"task.stdout"}
{"timestamp":"2026-05-15T21:02:06.051868Z","level":"info","event":"2026/05/15 18:02:06 - Table output.0 - linenr 500000","logger":"task.stdout"}
{"timestamp":"2026-05-15T21:02:27.181771Z","level":"info","event":"2026/05/15 18:02:27 - CSV file input 3.0 - Line number : 500000","logger":"task.stdout"}
{"timestamp":"2026-05-15T21:02:27.494266Z","level":"info","event":"2026/05/15 18:02:27 - CSV file input 2.0 - Line number : 400000","logger":"task.stdout"}
{"timestamp":"2026-05-15T21:02:37.283630Z","level":"info","event":"2026/05/15 18:02:34 - CSV file input.0 - Line number : 550000","logger":"task.stdout"}
{"timestamp":"2026-05-15T21:03:05.340100Z","level":"info","event":"2026/05/15 18:03:05 - Select values 2.0 - linenr 400000","logger":"task.stdout"}
{"timestamp":"2026-05-15T21:03:05.734770Z","level":"info","event":"2026/05/15 18:03:05 - Select values 3.0 - linenr 500000","logger":"task.stdout"}
{"timestamp":"2026-05-15T21:03:06.348082Z","level":"info","event":"2026/05/15 18:03:06 - Filter rows 2.0 - linenr 400000","logger":"task.stdout"}
{"timestamp":"2026-05-15T21:03:06.685890Z","level":"info","event":"2026/05/15 18:03:06 - Select values.0 - linenr 550000","logger":"task.stdout"}
{"timestamp":"2026-05-15T21:03:07.564144Z","level":"info","event":"2026/05/15 18:03:07 - Filter rows 3.0 - linenr 500000","logger":"task.stdout"}
{"timestamp":"2026-05-15T21:03:07.944832Z","level":"info","event":"2026/05/15 18:03:07 - Table output 2.0 - linenr 400000","logger":"task.stdout"}
{"timestamp":"2026-05-15T21:03:08.708611Z","level":"info","event":"2026/05/15 18:03:08 - Filter rows.0 - linenr 550000","logger":"task.stdout"}
{"timestamp":"2026-05-15T21:03:08.919924Z","level":"info","event":"2026/05/15 18:03:08 - CSV file input 2.0 - Line number : 450000","logger":"task.stdout"}
{"timestamp":"2026-05-15T21:03:09.820088Z","level":"info","event":"2026/05/15 18:03:09 - Select values 2.0 - linenr 450000","logger":"task.stdout"}
{"timestamp":"2026-05-15T21:03:10.778154Z","level":"info","event":"2026/05/15 18:03:10 - Filter rows 2.0 - linenr 450000","logger":"task.stdout"}
{"timestamp":"2026-05-15T21:03:11.805737Z","level":"info","event":"2026/05/15 18:03:11 - Table output 3.0 - linenr 500000","logger":"task.stdout"}
{"timestamp":"2026-05-15T21:03:12.762612Z","level":"info","event":"2026/05/15 18:03:12 - CSV file input 3.0 - Line number : 550000","logger":"task.stdout"}
{"timestamp":"2026-05-15T21:03:12.893746Z","level":"info","event":"2026/05/15 18:03:12 - Table output 2.0 - linenr 450000","logger":"task.stdout"}
{"timestamp":"2026-05-15T21:03:13.454050Z","level":"info","event":"2026/05/15 18:03:13 - Table output.0 - linenr 550000","logger":"task.stdout"}
{"timestamp":"2026-05-15T21:03:13.777137Z","level":"info","event":"2026/05/15 18:03:13 - CSV file input 2.0 - Line number : 500000","logger":"task.stdout"}
{"timestamp":"2026-05-15T21:03:14.269375Z","level":"info","event":"2026/05/15 18:03:14 - Select values 3.0 - linenr 550000","logger":"task.stdout"}
{"timestamp":"2026-05-15T21:03:14.784753Z","level":"info","event":"2026/05/15 18:03:14 - Select values 2.0 - linenr 500000","logger":"task.stdout"}
{"timestamp":"2026-05-15T21:03:17.045480Z","level":"info","event":"2026/05/15 18:03:17 - CSV file input.0 - Line number : 600000","logger":"task.stdout"}
{"timestamp":"2026-05-15T21:03:22.075924Z","level":"info","event":"2026/05/15 18:03:22 - Filter rows 3.0 - linenr 550000","logger":"task.stdout"}
{"timestamp":"2026-05-15T21:03:26.406570Z","level":"info","event":"2026/05/15 18:03:24 - Filter rows 2.0 - linenr 500000","logger":"task.stdout"}
{"timestamp":"2026-05-15T21:03:42.241795Z","level":"info","event":"2026/05/15 18:03:42 - Select values.0 - linenr 600000","logger":"task.stdout"}
{"timestamp":"2026-05-15T21:03:42.646914Z","level":"info","event":"2026/05/15 18:03:42 - Table output 2.0 - linenr 500000","logger":"task.stdout"}
{"timestamp":"2026-05-15T21:03:43.655521Z","level":"info","event":"2026/05/15 18:03:43 - CSV file input 2.0 - Line number : 550000","logger":"task.stdout"}
{"timestamp":"2026-05-15T21:03:44.350874Z","level":"info","event":"2026/05/15 18:03:44 - Filter rows.0 - linenr 600000","logger":"task.stdout"}
{"timestamp":"2026-05-15T21:03:44.701446Z","level":"info","event":"2026/05/15 18:03:44 - Table output 3.0 - linenr 550000","logger":"task.stdout"}
{"timestamp":"2026-05-15T21:03:45.061048Z","level":"info","event":"2026/05/15 18:03:45 - Select values 2.0 - linenr 550000","logger":"task.stdout"}
{"timestamp":"2026-05-15T21:03:46.384583Z","level":"info","event":"2026/05/15 18:03:46 - Filter rows 2.0 - linenr 550000","logger":"task.stdout"}
{"timestamp":"2026-05-15T21:03:47.615367Z","level":"info","event":"2026/05/15 18:03:47 - CSV file input 3.0 - Line number : 600000","logger":"task.stdout"}
{"timestamp":"2026-05-15T21:03:48.508422Z","level":"info","event":"2026/05/15 18:03:48 - Table output 2.0 - linenr 550000","logger":"task.stdout"}
{"timestamp":"2026-05-15T21:03:49.428530Z","level":"info","event":"2026/05/15 18:03:49 - CSV file input 2.0 - Line number : 600000","logger":"task.stdout"}
{"timestamp":"2026-05-15T21:03:49.597478Z","level":"info","event":"2026/05/15 18:03:49 - Table output.0 - linenr 600000","logger":"task.stdout"}
{"timestamp":"2026-05-15T21:03:49.721166Z","level":"info","event":"2026/05/15 18:03:49 - Select values 3.0 - linenr 600000","logger":"task.stdout"}
{"timestamp":"2026-05-15T21:03:50.269107Z","level":"info","event":"2026/05/15 18:03:50 - Select values 2.0 - linenr 600000","logger":"task.stdout"}
{"timestamp":"2026-05-15T21:03:51.145724Z","level":"info","event":"2026/05/15 18:03:51 - Filter rows 2.0 - linenr 600000","logger":"task.stdout"}
{"timestamp":"2026-05-15T21:03:51.184320Z","level":"info","event":"2026/05/15 18:03:51 - Filter rows 3.0 - linenr 600000","logger":"task.stdout"}
{"timestamp":"2026-05-15T21:03:51.598819Z","level":"info","event":"2026/05/15 18:03:51 - CSV file input.0 - Line number : 650000","logger":"task.stdout"}
{"timestamp":"2026-05-15T21:03:52.384605Z","level":"info","event":"2026/05/15 18:03:52 - Table output 2.0 - linenr 600000","logger":"task.stdout"}
{"timestamp":"2026-05-15T21:03:52.423953Z","level":"info","event":"2026/05/15 18:03:52 - Table output 3.0 - linenr 600000","logger":"task.stdout"}
{"timestamp":"2026-05-15T21:03:52.539401Z","level":"info","event":"2026/05/15 18:03:52 - Select values.0 - linenr 650000","logger":"task.stdout"}
{"timestamp":"2026-05-15T21:03:53.626288Z","level":"info","event":"2026/05/15 18:03:53 - CSV file input 2.0 - Line number : 650000","logger":"task.stdout"}
{"timestamp":"2026-05-15T21:03:53.641424Z","level":"info","event":"2026/05/15 18:03:53 - CSV file input 3.0 - Line number : 650000","logger":"task.stdout"}
{"timestamp":"2026-05-15T21:03:54.063296Z","level":"info","event":"2026/05/15 18:03:54 - Filter rows.0 - linenr 650000","logger":"task.stdout"}
{"timestamp":"2026-05-15T21:03:54.722525Z","level":"info","event":"2026/05/15 18:03:54 - Select values 3.0 - linenr 650000","logger":"task.stdout"}
{"timestamp":"2026-05-15T21:03:54.821678Z","level":"info","event":"2026/05/15 18:03:54 - Select values 2.0 - linenr 650000","logger":"task.stdout"}
{"timestamp":"2026-05-15T21:03:56.270770Z","level":"info","event":"2026/05/15 18:03:56 - Filter rows 2.0 - linenr 650000","logger":"task.stdout"}
{"timestamp":"2026-05-15T21:03:56.622242Z","level":"info","event":"2026/05/15 18:03:56 - Filter rows 3.0 - linenr 650000","logger":"task.stdout"}
{"timestamp":"2026-05-15T21:03:56.696492Z","level":"info","event":"2026/05/15 18:03:56 - Table output.0 - linenr 650000","logger":"task.stdout"}
{"timestamp":"2026-05-15T21:03:57.565539Z","level":"info","event":"2026/05/15 18:03:57 - CSV file input.0 - Line number : 700000","logger":"task.stdout"}
{"timestamp":"2026-05-15T21:04:02.522294Z","level":"info","event":"2026/05/15 18:04:02 - Table output 2.0 - linenr 650000","logger":"task.stdout"}
{"timestamp":"2026-05-15T21:04:06.445139Z","level":"info","event":"2026/05/15 18:04:06 - Select values.0 - linenr 700000","logger":"task.stdout"}
{"timestamp":"2026-05-15T21:04:23.783762Z","level":"info","event":"2026/05/15 18:04:08 - CSV file input 2.0 - Line number : 700000","logger":"task.stdout"}
{"timestamp":"2026-05-15T21:04:23.293488Z","level":"info","event":"2026/05/15 18:04:17 - Table output 3.0 - linenr 650000","logger":"task.stdout"}
{"timestamp":"2026-05-15T21:04:23.293833Z","level":"info","event":"2026/05/15 18:04:17 - Filter rows.0 - linenr 700000","logger":"task.stdout"}
{"timestamp":"2026-05-15T21:04:23.294013Z","level":"info","event":"2026/05/15 18:04:23 - Select values 2.0 - linenr 700000","logger":"task.stdout"}
{"timestamp":"2026-05-15T21:04:24.606376Z","level":"info","event":"2026/05/15 18:04:24 - CSV file input 3.0 - Line number : 700000","logger":"task.stdout"}
{"timestamp":"2026-05-15T21:04:25.163661Z","level":"info","event":"2026/05/15 18:04:25 - Filter rows 2.0 - linenr 700000","logger":"task.stdout"}
{"timestamp":"2026-05-15T21:04:26.314919Z","level":"info","event":"2026/05/15 18:04:26 - Table output.0 - linenr 700000","logger":"task.stdout"}
{"timestamp":"2026-05-15T21:04:26.350922Z","level":"info","event":"2026/05/15 18:04:26 - Select values 3.0 - linenr 700000","logger":"task.stdout"}
{"timestamp":"2026-05-15T21:04:28.285099Z","level":"info","event":"2026/05/15 18:04:28 - Filter rows 3.0 - linenr 700000","logger":"task.stdout"}
{"timestamp":"2026-05-15T21:04:28.441861Z","level":"info","event":"2026/05/15 18:04:28 - CSV file input.0 - Line number : 750000","logger":"task.stdout"}
{"timestamp":"2026-05-15T21:04:29.732742Z","level":"info","event":"2026/05/15 18:04:29 - Table output 2.0 - linenr 700000","logger":"task.stdout"}
{"timestamp":"2026-05-15T21:04:31.075563Z","level":"info","event":"2026/05/15 18:04:31 - CSV file input 2.0 - Line number : 750000","logger":"task.stdout"}
{"timestamp":"2026-05-15T21:04:35.036640Z","level":"info","event":"2026/05/15 18:04:35 - Table output 3.0 - linenr 700000","logger":"task.stdout"}
{"timestamp":"2026-05-15T21:04:37.295525Z","level":"info","event":"2026/05/15 18:04:37 - Select values.0 - linenr 750000","logger":"task.stdout"}
{"timestamp":"2026-05-15T21:04:38.124843Z","level":"info","event":"2026/05/15 18:04:38 - Select values 2.0 - linenr 750000","logger":"task.stdout"}
{"timestamp":"2026-05-15T21:04:40.917639Z","level":"info","event":"2026/05/15 18:04:40 - CSV file input 3.0 - Line number : 750000","logger":"task.stdout"}
{"timestamp":"2026-05-15T21:04:42.225955Z","level":"info","event":"2026/05/15 18:04:42 - Filter rows 2.0 - linenr 750000","logger":"task.stdout"}
{"timestamp":"2026-05-15T21:04:42.699871Z","level":"info","event":"2026/05/15 18:04:42 - Filter rows.0 - linenr 750000","logger":"task.stdout"}
{"timestamp":"2026-05-15T21:04:57.319527Z","level":"info","event":"2026/05/15 18:04:57 - Select values 3.0 - linenr 750000","logger":"task.stdout"}
{"timestamp":"2026-05-15T21:04:58.916475Z","level":"info","event":"2026/05/15 18:04:58 - Filter rows 3.0 - linenr 750000","logger":"task.stdout"}
{"timestamp":"2026-05-15T21:04:59.137724Z","level":"info","event":"2026/05/15 18:04:59 - Table output 2.0 - linenr 750000","logger":"task.stdout"}
{"timestamp":"2026-05-15T21:05:00.400467Z","level":"info","event":"2026/05/15 18:05:00 - CSV file input 2.0 - Line number : 800000","logger":"task.stdout"}
{"timestamp":"2026-05-15T21:05:01.486056Z","level":"info","event":"2026/05/15 18:05:01 - Table output 3.0 - linenr 750000","logger":"task.stdout"}
{"timestamp":"2026-05-15T21:05:02.456531Z","level":"info","event":"2026/05/15 18:05:02 - Table output.0 - linenr 750000","logger":"task.stdout"}
{"timestamp":"2026-05-15T21:05:06.207143Z","level":"info","event":"2026/05/15 18:05:02 - Select values 2.0 - linenr 800000","logger":"task.stdout"}
{"timestamp":"2026-05-15T21:05:06.207404Z","level":"info","event":"2026/05/15 18:05:02 - CSV file input 3.0 - Line number : 800000","logger":"task.stdout"}
{"timestamp":"2026-05-15T21:05:06.207527Z","level":"info","event":"2026/05/15 18:05:04 - Select values 3.0 - linenr 800000","logger":"task.stdout"}
{"timestamp":"2026-05-15T21:05:06.207633Z","level":"info","event":"2026/05/15 18:05:04 - Filter rows 2.0 - linenr 800000","logger":"task.stdout"}
{"timestamp":"2026-05-15T21:05:06.207755Z","level":"info","event":"2026/05/15 18:05:04 - CSV file input.0 - Line number : 800000","logger":"task.stdout"}
{"timestamp":"2026-05-15T21:05:06.207860Z","level":"info","event":"2026/05/15 18:05:05 - Filter rows 3.0 - linenr 800000","logger":"task.stdout"}
{"timestamp":"2026-05-15T21:05:06.233471Z","level":"info","event":"2026/05/15 18:05:06 - Select values.0 - linenr 800000","logger":"task.stdout"}
{"timestamp":"2026-05-15T21:05:07.683963Z","level":"info","event":"2026/05/15 18:05:07 - Filter rows.0 - linenr 800000","logger":"task.stdout"}
{"timestamp":"2026-05-15T21:05:07.766932Z","level":"info","event":"2026/05/15 18:05:07 - Table output 2.0 - linenr 800000","logger":"task.stdout"}
{"timestamp":"2026-05-15T21:05:08.505685Z","level":"info","event":"2026/05/15 18:05:08 - Table output 3.0 - linenr 800000","logger":"task.stdout"}
{"timestamp":"2026-05-15T21:05:08.964406Z","level":"info","event":"2026/05/15 18:05:08 - CSV file input 2.0 - Line number : 850000","logger":"task.stdout"}
{"timestamp":"2026-05-15T21:05:50.730023Z","level":"info","event":"2026/05/15 18:05:18 - CSV file input 3.0 - Line number : 850000","logger":"task.stdout"}
{"timestamp":"2026-05-15T21:05:50.731130Z","level":"info","event":"2026/05/15 18:05:46 - Table output.0 - linenr 800000","logger":"task.stdout"}
{"timestamp":"2026-05-15T21:05:50.732825Z","level":"info","event":"2026/05/15 18:05:46 - Select values 2.0 - linenr 850000","logger":"task.stdout"}
{"timestamp":"2026-05-15T21:05:50.732989Z","level":"info","event":"2026/05/15 18:05:47 - Select values 3.0 - linenr 850000","logger":"task.stdout"}
{"timestamp":"2026-05-15T21:05:50.733101Z","level":"info","event":"2026/05/15 18:05:48 - CSV file input.0 - Line number : 850000","logger":"task.stdout"}
{"timestamp":"2026-05-15T21:05:50.733201Z","level":"info","event":"2026/05/15 18:05:48 - Filter rows 2.0 - linenr 850000","logger":"task.stdout"}
{"timestamp":"2026-05-15T21:05:50.733267Z","level":"info","event":"2026/05/15 18:05:49 - Filter rows 3.0 - linenr 850000","logger":"task.stdout"}
{"timestamp":"2026-05-15T21:05:50.733322Z","level":"info","event":"2026/05/15 18:05:50 - Select values.0 - linenr 850000","logger":"task.stdout"}
{"timestamp":"2026-05-15T21:05:52.805534Z","level":"info","event":"2026/05/15 18:05:52 - Filter rows.0 - linenr 850000","logger":"task.stdout"}
{"timestamp":"2026-05-15T21:05:53.106475Z","level":"info","event":"2026/05/15 18:05:53 - Table output 2.0 - linenr 850000","logger":"task.stdout"}
{"timestamp":"2026-05-15T21:05:54.376744Z","level":"info","event":"2026/05/15 18:05:54 - Table output 3.0 - linenr 850000","logger":"task.stdout"}
{"timestamp":"2026-05-15T21:05:55.280645Z","level":"info","event":"2026/05/15 18:05:55 - CSV file input 2.0 - Line number : 900000","logger":"task.stdout"}
{"timestamp":"2026-05-15T21:05:55.582436Z","level":"info","event":"2026/05/15 18:05:55 - CSV file input 2.0 - Finished processing (I=900940, O=0, R=0, W=900939, U=0, E=0)","logger":"task.stdout"}
{"timestamp":"2026-05-15T21:05:58.916254Z","level":"info","event":"2026/05/15 18:05:58 - CSV file input 3.0 - Line number : 900000","logger":"task.stdout"}
{"timestamp":"2026-05-15T21:06:02.292195Z","level":"info","event":"2026/05/15 18:06:02 - Select values 2.0 - linenr 900000","logger":"task.stdout"}
{"timestamp":"2026-05-15T21:06:02.101991Z","level":"info","event":"2026/05/15 18:06:02 - Table output.0 - linenr 850000","logger":"task.stdout"}
{"timestamp":"2026-05-15T21:06:02.852324Z","level":"info","event":"2026/05/15 18:06:02 - Select values 2.0 - Finished processing (I=0, O=0, R=900939, W=900939, U=0, E=0)","logger":"task.stdout"}
{"timestamp":"2026-05-15T21:06:06.184865Z","level":"info","event":"2026/05/15 18:06:06 - Select values 3.0 - linenr 900000","logger":"task.stdout"}
{"timestamp":"2026-05-15T21:06:06.291885Z","level":"info","event":"2026/05/15 18:06:06 - CSV file input.0 - Finished processing (I=894956, O=0, R=0, W=894955, U=0, E=0)","logger":"task.stdout"}
{"timestamp":"2026-05-15T21:06:09.510867Z","level":"info","event":"2026/05/15 18:06:09 - Filter rows 2.0 - linenr 900000","logger":"task.stdout"}
{"timestamp":"2026-05-15T21:06:16.874092Z","level":"info","event":"2026/05/15 18:06:10 - Filter rows 2.0 - Finished processing (I=0, O=0, R=900939, W=900939, U=0, E=0)","logger":"task.stdout"}
{"timestamp":"2026-05-15T21:06:36.140873Z","level":"info","event":"2026/05/15 18:06:33 - Select values.0 - Finished processing (I=0, O=0, R=894955, W=894955, U=0, E=0)","logger":"task.stdout"}
{"timestamp":"2026-05-15T21:06:36.160241Z","level":"info","event":"2026/05/15 18:06:33 - Filter rows 3.0 - linenr 900000","logger":"task.stdout"}
{"timestamp":"2026-05-15T21:06:36.378676Z","level":"info","event":"2026/05/15 18:06:36 - String operations 2.0 - Finished processing (I=0, O=0, R=900939, W=900939, U=0, E=0)","logger":"task.stdout"}
{"timestamp":"2026-05-15T21:06:39.829623Z","level":"info","event":"2026/05/15 18:06:39 - Filter rows.0 - Finished processing (I=0, O=0, R=894955, W=894955, U=0, E=0)","logger":"task.stdout"}
{"timestamp":"2026-05-15T21:06:45.351342Z","level":"info","event":"2026/05/15 18:06:45 - Table output 2.0 - linenr 900000","logger":"task.stdout"}
{"timestamp":"2026-05-15T21:06:50.243345Z","level":"info","event":"2026/05/15 18:06:50 - String operations.0 - Finished processing (I=0, O=0, R=894955, W=894955, U=0, E=0)","logger":"task.stdout"}
{"timestamp":"2026-05-15T21:06:51.164300Z","level":"info","event":"2026/05/15 18:06:50 - Table output 3.0 - linenr 900000","logger":"task.stdout"}
{"timestamp":"2026-05-15T21:06:51.164460Z","level":"info","event":"2026/05/15 18:06:50 - Table output 2.0 - Finished processing (I=0, O=900939, R=900939, W=900939, U=0, E=0)","logger":"task.stdout"}
{"timestamp":"2026-05-15T21:07:01.861678Z","level":"info","event":"2026/05/15 18:07:01 - Table output.0 - Finished processing (I=0, O=894955, R=894955, W=894955, U=0, E=0)","logger":"task.stdout"}
{"timestamp":"2026-05-15T21:07:01.952009Z","level":"info","event":"2026/05/15 18:07:01 - CSV file input 3.0 - Line number : 950000","logger":"task.stdout"}
{"timestamp":"2026-05-15T21:07:02.154405Z","level":"info","event":"2026/05/15 18:07:02 - CSV file input 3.0 - Finished processing (I=953778, O=0, R=0, W=953777, U=0, E=0)","logger":"task.stdout"}
{"timestamp":"2026-05-15T21:07:02.542621Z","level":"info","event":"2026/05/15 18:07:02 - Select values 3.0 - linenr 950000","logger":"task.stdout"}
{"timestamp":"2026-05-15T21:07:02.745513Z","level":"info","event":"2026/05/15 18:07:02 - Select values 3.0 - Finished processing (I=0, O=0, R=953777, W=953777, U=0, E=0)","logger":"task.stdout"}
{"timestamp":"2026-05-15T21:07:03.124612Z","level":"info","event":"2026/05/15 18:07:03 - Filter rows 3.0 - linenr 950000","logger":"task.stdout"}
{"timestamp":"2026-05-15T21:07:03.292842Z","level":"info","event":"2026/05/15 18:07:03 - Filter rows 3.0 - Finished processing (I=0, O=0, R=953777, W=953777, U=0, E=0)","logger":"task.stdout"}
{"timestamp":"2026-05-15T21:07:04.374128Z","level":"info","event":"2026/05/15 18:07:04 - String operations 3.0 - Finished processing (I=0, O=0, R=953777, W=953777, U=0, E=0)","logger":"task.stdout"}
{"timestamp":"2026-05-15T21:07:04.720627Z","level":"info","event":"2026/05/15 18:07:04 - Table output 3.0 - linenr 950000","logger":"task.stdout"}
{"timestamp":"2026-05-15T21:07:05.003025Z","level":"info","event":"2026/05/15 18:07:05 - Table output 3.0 - Finished processing (I=0, O=953777, R=953777, W=953777, U=0, E=0)","logger":"task.stdout"}
{"timestamp":"2026-05-15T21:07:05.184526Z","level":"info","event":"2026/05/15 18:07:05 - Pan - Finished!","logger":"task.stdout"}
{"timestamp":"2026-05-15T21:07:05.191146Z","level":"info","event":"2026/05/15 18:07:05 - Pan - Start=2026/05/15 17:58:36.999, Stop=2026/05/15 18:07:05.184","logger":"task.stdout"}
{"timestamp":"2026-05-15T21:07:05.191763Z","level":"info","event":"2026/05/15 18:07:05 - Pan - Processing ended after 8 minutes and 28 seconds (508 seconds total).","logger":"task.stdout"}
{"timestamp":"2026-05-15T21:07:05.191964Z","level":"info","event":"2026/05/15 18:07:05 - 01_carga_nomina_raw -","logger":"task.stdout"}
{"timestamp":"2026-05-15T21:07:05.192929Z","level":"info","event":"2026/05/15 18:07:05 - 01_carga_nomina_raw - Step CSV file input.0 ended successfully, processed 894955 lines. ( 1761 lines/s)","logger":"task.stdout"}
{"timestamp":"2026-05-15T21:07:05.193478Z","level":"info","event":"2026/05/15 18:07:05 - 01_carga_nomina_raw - Step Select values.0 ended successfully, processed 894955 lines. ( 1761 lines/s)","logger":"task.stdout"}
{"timestamp":"2026-05-15T21:07:05.193607Z","level":"info","event":"2026/05/15 18:07:05 - 01_carga_nomina_raw - Step CSV file input 2.0 ended successfully, processed 900939 lines. ( 1773 lines/s)","logger":"task.stdout"}
{"timestamp":"2026-05-15T21:07:05.193696Z","level":"info","event":"2026/05/15 18:07:05 - 01_carga_nomina_raw - Step Select values 2.0 ended successfully, processed 900939 lines. ( 1773 lines/s)","logger":"task.stdout"}
{"timestamp":"2026-05-15T21:07:05.193780Z","level":"info","event":"2026/05/15 18:07:05 - 01_carga_nomina_raw - Step CSV file input 3.0 ended successfully, processed 953777 lines. ( 1877 lines/s)","logger":"task.stdout"}
{"timestamp":"2026-05-15T21:07:05.194642Z","level":"info","event":"2026/05/15 18:07:05 - 01_carga_nomina_raw - Step Select values 3.0 ended successfully, processed 953777 lines. ( 1877 lines/s)","logger":"task.stdout"}
{"timestamp":"2026-05-15T21:07:05.194737Z","level":"info","event":"2026/05/15 18:07:05 - 01_carga_nomina_raw - Step Filter rows.0 ended successfully, processed 894955 lines. ( 1761 lines/s)","logger":"task.stdout"}
{"timestamp":"2026-05-15T21:07:05.195298Z","level":"info","event":"2026/05/15 18:07:05 - 01_carga_nomina_raw - Step Filter rows 2.0 ended successfully, processed 900939 lines. ( 1773 lines/s)","logger":"task.stdout"}
{"timestamp":"2026-05-15T21:07:05.195394Z","level":"info","event":"2026/05/15 18:07:05 - 01_carga_nomina_raw - Step Filter rows 3.0 ended successfully, processed 953777 lines. ( 1877 lines/s)","logger":"task.stdout"}
{"timestamp":"2026-05-15T21:07:05.195508Z","level":"info","event":"2026/05/15 18:07:05 - 01_carga_nomina_raw - Step String operations.0 ended successfully, processed 894955 lines. ( 1761 lines/s)","logger":"task.stdout"}
{"timestamp":"2026-05-15T21:07:05.195601Z","level":"info","event":"2026/05/15 18:07:05 - 01_carga_nomina_raw - Step String operations 2.0 ended successfully, processed 900939 lines. ( 1773 lines/s)","logger":"task.stdout"}
{"timestamp":"2026-05-15T21:07:05.195661Z","level":"info","event":"2026/05/15 18:07:05 - 01_carga_nomina_raw - Step String operations 3.0 ended successfully, processed 953777 lines. ( 1877 lines/s)","logger":"task.stdout"}
{"timestamp":"2026-05-15T21:07:05.197255Z","level":"info","event":"2026/05/15 18:07:05 - 01_carga_nomina_raw - Step Table output.0 ended successfully, processed 894955 lines. ( 1761 lines/s)","logger":"task.stdout"}
{"timestamp":"2026-05-15T21:07:05.197572Z","level":"info","event":"2026/05/15 18:07:05 - 01_carga_nomina_raw - Step Table output 2.0 ended successfully, processed 900939 lines. ( 1773 lines/s)","logger":"task.stdout"}
{"timestamp":"2026-05-15T21:07:05.197725Z","level":"info","event":"2026/05/15 18:07:05 - 01_carga_nomina_raw - Step Table output 3.0 ended successfully, processed 953777 lines. ( 1877 lines/s)","logger":"task.stdout"}
{"timestamp":"2026-05-15T21:07:05.504422Z","level":"info","event":"ETL Pentaho completado — 3 meses cargados","logger":"task.stdout"}
{"timestamp":"2026-05-15T21:07:05.592316Z","level":"info","event":"Done. Returned value was: None","logger":"airflow.task.operators.airflow.providers.standard.decorators.python._PythonDecoratedOperator","filename":"python.py","lineno":233}
{"timestamp":"2026-05-15T21:07:04.916768Z","level":"info","event":"Task instance in success state","logger":"task.stdout"}
{"timestamp":"2026-05-15T21:07:04.917265Z","level":"info","event":" Previous state of the Task instance: TaskInstanceState.RUNNING","logger":"task.stdout"}
{"timestamp":"2026-05-15T21:07:04.952284Z","level":"info","event":"Task operator:<Task(_PythonDecoratedOperator): ejecutar_pentaho_etl>","logger":"task.stdout"}
