{"timestamp":"2026-05-15T22:28:32.065864Z","level":"info","event":"DAG bundles loaded: dags-folder, example_dags","logger":"airflow.dag_processing.bundles.manager.DagBundlesManager","filename":"manager.py","lineno":179}
{"timestamp":"2026-05-15T22:28:32.066838Z","level":"info","event":"Filling up the DagBag from /opt/repo/proyecto-bigdata/orchestration/airflow/dags/dag_nomina_pipeline.py","logger":"airflow.models.dagbag.BundleDagBag","filename":"dagbag.py","lineno":593}
{"timestamp":"2026-05-15T22:28:32.080151Z","level":"info","event":"Stats instance was created in PID 703 but accessed in PID 758. Re-initializing.","logger":"airflow.stats","filename":"stats.py","lineno":57}
{"timestamp":"2026-05-15T22:28:32.171347Z","level":"info","event":"Task instance is in running state","logger":"task.stdout"}
{"timestamp":"2026-05-15T22:28:32.171497Z","level":"info","event":" Previous state of the Task instance: TaskInstanceState.QUEUED","logger":"task.stdout"}
{"timestamp":"2026-05-15T22:28:32.171614Z","level":"info","event":"Current task name:ejecutar_pentaho_etl","logger":"task.stdout"}
{"timestamp":"2026-05-15T22:28:32.171679Z","level":"info","event":"Dag name:pipeline_nomina_funcionarios","logger":"task.stdout"}
{"timestamp":"2026-05-15T22:28:32.188025Z","level":"info","event":"#######################################################################","logger":"task.stdout"}
{"timestamp":"2026-05-15T22:28:32.188257Z","level":"info","event":"WARNING:  no libwebkitgtk-1.0 detected, some features will be unavailable","logger":"task.stdout"}
{"timestamp":"2026-05-15T22:28:32.188340Z","level":"info","event":"    Consider installing the package with apt-get or yum.","logger":"task.stdout"}
{"timestamp":"2026-05-15T22:28:32.188423Z","level":"info","event":"    e.g. 'sudo apt-get install libwebkitgtk-1.0-0'","logger":"task.stdout"}
{"timestamp":"2026-05-15T22:28:32.188490Z","level":"info","event":"#######################################################################","logger":"task.stdout"}
{"timestamp":"2026-05-15T22:28:32.429226Z","level":"error","event":"OpenJDK 64-Bit Server VM warning: Ignoring option MaxPermSize; support was removed in 8.0","logger":"task.stderr"}
{"timestamp":"2026-05-15T22:28:43.939726Z","level":"info","event":"2026/05/15 19:28:43 - Pan - Start of run.","logger":"task.stdout"}
{"timestamp":"2026-05-15T22:28:44.926099Z","level":"info","event":"2026/05/15 19:28:44 - 01_carga_nomina_raw - Dispatching started for transformation [01_carga_nomina_raw]","logger":"task.stdout"}
{"timestamp":"2026-05-15T22:28:46.321558Z","level":"info","event":"2026/05/15 19:28:46 - Table output 3.0 - Connected to database [nomina_funcionarios] (commit=1000)","logger":"task.stdout"}
{"timestamp":"2026-05-15T22:28:46.327130Z","level":"info","event":"2026/05/15 19:28:46 - Table output.0 - Connected to database [nomina_funcionarios] (commit=1000)","logger":"task.stdout"}
{"timestamp":"2026-05-15T22:28:46.333405Z","level":"info","event":"2026/05/15 19:28:46 - Table output 2.0 - Connected to database [nomina_funcionarios] (commit=1000)","logger":"task.stdout"}
{"timestamp":"2026-05-15T22:28:46.582969Z","level":"info","event":"2026/05/15 19:28:46 - CSV file input.0 - Header row skipped in file '/opt/repo/proyecto-bigdata/data/raw/nomina/nomina_2026-01.csv'","logger":"task.stdout"}
{"timestamp":"2026-05-15T22:28:46.584279Z","level":"info","event":"2026/05/15 19:28:46 - CSV file input 3.0 - Header row skipped in file '/opt/repo/proyecto-bigdata/data/raw/nomina/nomina_2026-03.csv'","logger":"task.stdout"}
{"timestamp":"2026-05-15T22:28:46.584661Z","level":"info","event":"2026/05/15 19:28:46 - CSV file input 2.0 - Header row skipped in file '/opt/repo/proyecto-bigdata/data/raw/nomina/nomina_2026-02.csv'","logger":"task.stdout"}
{"timestamp":"2026-05-15T22:29:02.024482Z","level":"info","event":"2026/05/15 19:29:02 - CSV file input.0 - Line number : 50000","logger":"task.stdout"}
{"timestamp":"2026-05-15T22:29:02.616393Z","level":"info","event":"2026/05/15 19:29:02 - CSV file input 3.0 - Line number : 50000","logger":"task.stdout"}
{"timestamp":"2026-05-15T22:29:05.400530Z","level":"info","event":"2026/05/15 19:29:05 - CSV file input 2.0 - Line number : 50000","logger":"task.stdout"}
{"timestamp":"2026-05-15T22:30:08.918114Z","level":"info","event":"2026/05/15 19:30:08 - Select values 3.0 - linenr 50000","logger":"task.stdout"}
{"timestamp":"2026-05-15T22:30:08.927155Z","level":"info","event":"2026/05/15 19:30:08 - Select values.0 - linenr 50000","logger":"task.stdout"}
{"timestamp":"2026-05-15T22:30:11.264458Z","level":"info","event":"2026/05/15 19:30:11 - Select values 2.0 - linenr 50000","logger":"task.stdout"}
{"timestamp":"2026-05-15T22:31:29.122495Z","level":"info","event":"2026/05/15 19:30:27 - Filter rows 3.0 - linenr 50000","logger":"task.stdout"}
{"timestamp":"2026-05-15T22:31:29.548451Z","level":"info","event":"2026/05/15 19:30:34 - Filter rows.0 - linenr 50000","logger":"task.stdout"}
{"timestamp":"2026-05-15T22:31:29.553902Z","level":"info","event":"2026/05/15 19:30:50 - Filter rows 2.0 - linenr 50000","logger":"task.stdout"}
{"timestamp":"2026-05-15T22:31:29.554020Z","level":"info","event":"2026/05/15 19:31:03 - Table output 3.0 - linenr 50000","logger":"task.stdout"}
{"timestamp":"2026-05-15T22:33:46.008696Z","level":"error","event":"Killed","logger":"task.stderr"}
{"timestamp":"2026-05-15T22:33:21.552953Z","level":"error","event":"Task failed with exception","logger":"task","filename":"task_runner.py","lineno":1186,"error_detail":[{"exc_type":"CalledProcessError","exc_value":"Command '['/opt/pentaho/client-tools/data-integration/pan.sh', '-file=/opt/repo/proyecto-bigdata/etl/pentaho/transformations/01_carga_nomina_raw.ktr']' returned non-zero exit status 137.","exc_notes":[],"syntax_error":null,"is_cause":false,"frames":[{"filename":"/opt/repo/proyecto-bigdata/venv/lib/python3.10/site-packages/airflow/sdk/execution_time/task_runner.py","lineno":1112,"name":"run"},{"filename":"/opt/repo/proyecto-bigdata/venv/lib/python3.10/site-packages/airflow/sdk/execution_time/task_runner.py","lineno":1528,"name":"_execute_task"},{"filename":"/opt/repo/proyecto-bigdata/venv/lib/python3.10/site-packages/airflow/sdk/bases/operator.py","lineno":417,"name":"wrapper"},{"filename":"/opt/repo/proyecto-bigdata/venv/lib/python3.10/site-packages/airflow/sdk/bases/decorator.py","lineno":252,"name":"execute"},{"filename":"/opt/repo/proyecto-bigdata/venv/lib/python3.10/site-packages/airflow/sdk/bases/operator.py","lineno":417,"name":"wrapper"},{"filename":"/opt/repo/proyecto-bigdata/venv/lib/python3.10/site-packages/airflow/providers/standard/operators/python.py","lineno":231,"name":"execute"},{"filename":"/opt/repo/proyecto-bigdata/venv/lib/python3.10/site-packages/airflow/providers/standard/operators/python.py","lineno":254,"name":"execute_callable"},{"filename":"/opt/repo/proyecto-bigdata/venv/lib/python3.10/site-packages/airflow/sdk/execution_time/callback_runner.py","lineno":82,"name":"run"},{"filename":"/opt/repo/proyecto-bigdata/orchestration/airflow/dags/dag_nomina_pipeline.py","lineno":18,"name":"ejecutar_pentaho_etl"},{"filename":"/usr/lib/python3.10/subprocess.py","lineno":526,"name":"run"}],"is_group":false,"exceptions":[]}]}
{"timestamp":"2026-05-15T22:33:47.542849Z","level":"info","event":"Task instance in failure state","logger":"task.stdout"}
{"timestamp":"2026-05-15T22:33:47.992974Z","level":"info","event":"Task start","logger":"task.stdout"}
{"timestamp":"2026-05-15T22:33:48.001459Z","level":"info","event":"Task:<Task(_PythonDecoratedOperator): ejecutar_pentaho_etl>","logger":"task.stdout"}
{"timestamp":"2026-05-15T22:33:48.021574Z","level":"info","event":"Failure caused by Command '['/opt/pentaho/client-tools/data-integration/pan.sh', '-file=/opt/repo/proyecto-bigdata/etl/pentaho/transformations/01_carga_nomina_raw.ktr']' returned non-zero exit status 137.","logger":"task.stdout"}
