{"timestamp":"2026-05-15T20:14:38.490109Z","level":"info","event":"DAG bundles loaded: dags-folder, example_dags","logger":"airflow.dag_processing.bundles.manager.DagBundlesManager","filename":"manager.py","lineno":179}
{"timestamp":"2026-05-15T20:14:38.491510Z","level":"info","event":"Filling up the DagBag from /opt/repo/proyecto-bigdata/orchestration/airflow/dags/dag_nomina_pipeline.py","logger":"airflow.models.dagbag.BundleDagBag","filename":"dagbag.py","lineno":593}
{"timestamp":"2026-05-15T20:14:38.511487Z","level":"info","event":"Stats instance was created in PID 35419 but accessed in PID 36282. Re-initializing.","logger":"airflow.stats","filename":"stats.py","lineno":57}
{"timestamp":"2026-05-15T20:14:38.553604Z","level":"info","event":"Task instance is in running state","logger":"task.stdout"}
{"timestamp":"2026-05-15T20:14:38.553914Z","level":"info","event":" Previous state of the Task instance: TaskInstanceState.QUEUED","logger":"task.stdout"}
{"timestamp":"2026-05-15T20:14:38.554078Z","level":"info","event":"Current task name:ejecutar_pentaho_etl","logger":"task.stdout"}
{"timestamp":"2026-05-15T20:14:38.554153Z","level":"info","event":"Dag name:pipeline_nomina_funcionarios","logger":"task.stdout"}
{"timestamp":"2026-05-15T20:14:38.617558Z","level":"info","event":"#######################################################################","logger":"task.stdout"}
{"timestamp":"2026-05-15T20:14:38.617735Z","level":"info","event":"WARNING:  no libwebkitgtk-1.0 detected, some features will be unavailable","logger":"task.stdout"}
{"timestamp":"2026-05-15T20:14:38.617789Z","level":"info","event":"    Consider installing the package with apt-get or yum.","logger":"task.stdout"}
{"timestamp":"2026-05-15T20:14:38.617840Z","level":"info","event":"    e.g. 'sudo apt-get install libwebkitgtk-1.0-0'","logger":"task.stdout"}
{"timestamp":"2026-05-15T20:14:38.617899Z","level":"info","event":"#######################################################################","logger":"task.stdout"}
{"timestamp":"2026-05-15T20:14:39.122931Z","level":"error","event":"OpenJDK 64-Bit Server VM warning: Ignoring option MaxPermSize; support was removed in 8.0","logger":"task.stderr"}
{"timestamp":"2026-05-15T20:14:45.354425Z","level":"info","event":"2026/05/15 17:14:45 - Pan - Start of run.","logger":"task.stdout"}
{"timestamp":"2026-05-15T20:14:45.847661Z","level":"info","event":"2026/05/15 17:14:45 - 01_carga_nomina_raw - Dispatching started for transformation [01_carga_nomina_raw]","logger":"task.stdout"}
{"timestamp":"2026-05-15T20:14:46.166451Z","level":"error","event":"2026/05/15 17:14:46 - Table output.0 - ERROR (version 9.4.0.0-343, build 0.0 from 2022-11-08 07.50.27 by buildguy) : An error occurred intialising this step:","logger":"task.stderr"}
{"timestamp":"2026-05-15T20:14:46.166893Z","level":"error","event":"2026/05/15 17:14:46 - Table output.0 - Error occurred while trying to connect to the database","logger":"task.stderr"}
{"timestamp":"2026-05-15T20:14:46.167474Z","level":"error","event":"2026/05/15 17:14:46 - Table output.0 -","logger":"task.stderr"}
{"timestamp":"2026-05-15T20:14:46.167811Z","level":"error","event":"2026/05/15 17:14:46 - Table output.0 - Connection failed. Verify all connection parameters and confirm that the appropriate driver is installed.","logger":"task.stderr"}
{"timestamp":"2026-05-15T20:14:46.167933Z","level":"error","event":"2026/05/15 17:14:46 - Table output.0 - Connection to localhost:5432 refused. Check that the hostname and port are correct and that the postmaster is accepting TCP/IP connections.","logger":"task.stderr"}
{"timestamp":"2026-05-15T20:14:46.168000Z","level":"error","event":"2026/05/15 17:14:46 - Table output 2.0 - ERROR (version 9.4.0.0-343, build 0.0 from 2022-11-08 07.50.27 by buildguy) : An error occurred intialising this step:","logger":"task.stderr"}
{"timestamp":"2026-05-15T20:14:46.168062Z","level":"error","event":"2026/05/15 17:14:46 - Table output 2.0 - Error occurred while trying to connect to the database","logger":"task.stderr"}
{"timestamp":"2026-05-15T20:14:46.168120Z","level":"error","event":"2026/05/15 17:14:46 - Table output 2.0 -","logger":"task.stderr"}
{"timestamp":"2026-05-15T20:14:46.168177Z","level":"error","event":"2026/05/15 17:14:46 - Table output 2.0 - Connection failed. Verify all connection parameters and confirm that the appropriate driver is installed.","logger":"task.stderr"}
{"timestamp":"2026-05-15T20:14:46.168255Z","level":"error","event":"2026/05/15 17:14:46 - Table output 2.0 - Connection to localhost:5432 refused. Check that the hostname and port are correct and that the postmaster is accepting TCP/IP connections.","logger":"task.stderr"}
{"timestamp":"2026-05-15T20:14:46.168487Z","level":"error","event":"2026/05/15 17:14:46 - Table output 3.0 - ERROR (version 9.4.0.0-343, build 0.0 from 2022-11-08 07.50.27 by buildguy) : An error occurred intialising this step:","logger":"task.stderr"}
{"timestamp":"2026-05-15T20:14:46.168537Z","level":"error","event":"2026/05/15 17:14:46 - Table output 3.0 - Error occurred while trying to connect to the database","logger":"task.stderr"}
{"timestamp":"2026-05-15T20:14:46.168572Z","level":"error","event":"2026/05/15 17:14:46 - Table output 3.0 -","logger":"task.stderr"}
{"timestamp":"2026-05-15T20:14:46.168606Z","level":"error","event":"2026/05/15 17:14:46 - Table output 3.0 - Connection failed. Verify all connection parameters and confirm that the appropriate driver is installed.","logger":"task.stderr"}
{"timestamp":"2026-05-15T20:14:46.168640Z","level":"error","event":"2026/05/15 17:14:46 - Table output 3.0 - Connection to localhost:5432 refused. Check that the hostname and port are correct and that the postmaster is accepting TCP/IP connections.","logger":"task.stderr"}
{"timestamp":"2026-05-15T20:14:46.169844Z","level":"error","event":"2026/05/15 17:14:46 - Table output 3.0 - ERROR (version 9.4.0.0-343, build 0.0 from 2022-11-08 07.50.27 by buildguy) : Error initializing step [Table output 3]","logger":"task.stderr"}
{"timestamp":"2026-05-15T20:14:46.170147Z","level":"error","event":"2026/05/15 17:14:46 - Table output 2.0 - ERROR (version 9.4.0.0-343, build 0.0 from 2022-11-08 07.50.27 by buildguy) : Error initializing step [Table output 2]","logger":"task.stderr"}
{"timestamp":"2026-05-15T20:14:46.170211Z","level":"error","event":"2026/05/15 17:14:46 - Table output.0 - ERROR (version 9.4.0.0-343, build 0.0 from 2022-11-08 07.50.27 by buildguy) : Error initializing step [Table output]","logger":"task.stderr"}
{"timestamp":"2026-05-15T20:14:46.171059Z","level":"error","event":"2026/05/15 17:14:46 - 01_carga_nomina_raw - ERROR (version 9.4.0.0-343, build 0.0 from 2022-11-08 07.50.27 by buildguy) : Step [Table output.0] failed to initialize!","logger":"task.stderr"}
{"timestamp":"2026-05-15T20:14:46.171468Z","level":"error","event":"2026/05/15 17:14:46 - 01_carga_nomina_raw - ERROR (version 9.4.0.0-343, build 0.0 from 2022-11-08 07.50.27 by buildguy) : Step [Table output 2.0] failed to initialize!","logger":"task.stderr"}
{"timestamp":"2026-05-15T20:14:46.171796Z","level":"error","event":"2026/05/15 17:14:46 - 01_carga_nomina_raw - ERROR (version 9.4.0.0-343, build 0.0 from 2022-11-08 07.50.27 by buildguy) : Step [Table output 3.0] failed to initialize!","logger":"task.stderr"}
{"timestamp":"2026-05-15T20:14:46.172528Z","level":"error","event":"2026/05/15 17:14:46 - Table output.0 - ERROR (version 9.4.0.0-343, build 0.0 from 2022-11-08 07.50.27 by buildguy) : Unexpected error rolling back the database connection.","logger":"task.stderr"}
{"timestamp":"2026-05-15T20:14:46.173988Z","level":"error","event":"2026/05/15 17:14:46 - Table output.0 - ERROR (version 9.4.0.0-343, build 0.0 from 2022-11-08 07.50.27 by buildguy) : org.pentaho.di.core.exception.KettleDatabaseException:","logger":"task.stderr"}
{"timestamp":"2026-05-15T20:14:46.174150Z","level":"error","event":"2026/05/15 17:14:46 - Table output.0 - Unable to get database metadata from this database connection","logger":"task.stderr"}
{"timestamp":"2026-05-15T20:14:46.174229Z","level":"error","event":"2026/05/15 17:14:46 - Table output.0 -","logger":"task.stderr"}
{"timestamp":"2026-05-15T20:14:46.174286Z","level":"error","event":"2026/05/15 17:14:46 - Table output.0 - Error connecting to database [proyecto_bigdata]","logger":"task.stderr"}
{"timestamp":"2026-05-15T20:14:46.174378Z","level":"error","event":"2026/05/15 17:14:46 - Table output.0 -","logger":"task.stderr"}
{"timestamp":"2026-05-15T20:14:46.174439Z","level":"error","event":"2026/05/15 17:14:46 - Table output.0 -","logger":"task.stderr"}
{"timestamp":"2026-05-15T20:14:46.174501Z","level":"error","event":"2026/05/15 17:14:46 - Table output.0 - \tat org.pentaho.di.core.database.Database.getDatabaseMetaData(Database.java:3121)","logger":"task.stderr"}
{"timestamp":"2026-05-15T20:14:46.174563Z","level":"error","event":"2026/05/15 17:14:46 - Table output.0 - \tat org.pentaho.di.core.database.Database.rollback(Database.java:912)","logger":"task.stderr"}
{"timestamp":"2026-05-15T20:14:46.174617Z","level":"error","event":"2026/05/15 17:14:46 - Table output.0 - \tat org.pentaho.di.core.database.Database.rollback(Database.java:904)","logger":"task.stderr"}
{"timestamp":"2026-05-15T20:14:46.174667Z","level":"error","event":"2026/05/15 17:14:46 - Table output.0 - \tat org.pentaho.di.trans.steps.tableoutput.TableOutput.dispose(TableOutput.java:625)","logger":"task.stderr"}
{"timestamp":"2026-05-15T20:14:46.174723Z","level":"error","event":"2026/05/15 17:14:46 - Table output.0 - \tat org.pentaho.di.trans.Trans.prepareExecution(Trans.java:1272)","logger":"task.stderr"}
{"timestamp":"2026-05-15T20:14:46.174781Z","level":"error","event":"2026/05/15 17:14:46 - Table output.0 - \tat org.pentaho.di.pan.PanCommandExecutor.execute(PanCommandExecutor.java:200)","logger":"task.stderr"}
{"timestamp":"2026-05-15T20:14:46.174930Z","level":"error","event":"2026/05/15 17:14:46 - Table output.0 - \tat org.pentaho.di.pan.Pan.main(Pan.java:274)","logger":"task.stderr"}
{"timestamp":"2026-05-15T20:14:46.175038Z","level":"error","event":"2026/05/15 17:14:46 - Table output.0 - \tat java.base/jdk.internal.reflect.NativeMethodAccessorImpl.invoke0(Native Method)","logger":"task.stderr"}
{"timestamp":"2026-05-15T20:14:46.175219Z","level":"error","event":"2026/05/15 17:14:46 - Table output.0 - \tat java.base/jdk.internal.reflect.NativeMethodAccessorImpl.invoke(NativeMethodAccessorImpl.java:62)","logger":"task.stderr"}
{"timestamp":"2026-05-15T20:14:46.175283Z","level":"error","event":"2026/05/15 17:14:46 - Table output.0 - \tat java.base/jdk.internal.reflect.DelegatingMethodAccessorImpl.invoke(DelegatingMethodAccessorImpl.java:43)","logger":"task.stderr"}
{"timestamp":"2026-05-15T20:14:46.175360Z","level":"error","event":"2026/05/15 17:14:46 - Table output.0 - \tat java.base/java.lang.reflect.Method.invoke(Method.java:566)","logger":"task.stderr"}
{"timestamp":"2026-05-15T20:14:46.175424Z","level":"error","event":"2026/05/15 17:14:46 - Table output.0 - \tat org.pentaho.commons.launcher.Launcher.main(Launcher.java:92)","logger":"task.stderr"}
{"timestamp":"2026-05-15T20:14:46.175505Z","level":"error","event":"2026/05/15 17:14:46 - Table output.0 - Caused by: org.pentaho.di.core.exception.KettleDatabaseException:","logger":"task.stderr"}
{"timestamp":"2026-05-15T20:14:46.175559Z","level":"error","event":"2026/05/15 17:14:46 - Table output.0 - Error connecting to database [proyecto_bigdata]","logger":"task.stderr"}
{"timestamp":"2026-05-15T20:14:46.175615Z","level":"error","event":"2026/05/15 17:14:46 - Table output.0 -","logger":"task.stderr"}
{"timestamp":"2026-05-15T20:14:46.175714Z","level":"error","event":"2026/05/15 17:14:46 - Table output.0 - \tat org.pentaho.di.core.database.Database.getDatabaseMetaData(Database.java:3115)","logger":"task.stderr"}
{"timestamp":"2026-05-15T20:14:46.175777Z","level":"error","event":"2026/05/15 17:14:46 - Table output.0 - \t... 11 more","logger":"task.stderr"}
{"timestamp":"2026-05-15T20:14:46.176444Z","level":"error","event":"2026/05/15 17:14:46 - Table output 2.0 - ERROR (version 9.4.0.0-343, build 0.0 from 2022-11-08 07.50.27 by buildguy) : Unexpected error rolling back the database connection.","logger":"task.stderr"}
{"timestamp":"2026-05-15T20:14:46.176797Z","level":"error","event":"2026/05/15 17:14:46 - Table output 2.0 - ERROR (version 9.4.0.0-343, build 0.0 from 2022-11-08 07.50.27 by buildguy) : org.pentaho.di.core.exception.KettleDatabaseException:","logger":"task.stderr"}
{"timestamp":"2026-05-15T20:14:46.176956Z","level":"error","event":"2026/05/15 17:14:46 - Table output 2.0 - Unable to get database metadata from this database connection","logger":"task.stderr"}
{"timestamp":"2026-05-15T20:14:46.177031Z","level":"error","event":"2026/05/15 17:14:46 - Table output 2.0 -","logger":"task.stderr"}
{"timestamp":"2026-05-15T20:14:46.177088Z","level":"error","event":"2026/05/15 17:14:46 - Table output 2.0 - Error connecting to database [proyecto_bigdata]","logger":"task.stderr"}
{"timestamp":"2026-05-15T20:14:46.177144Z","level":"error","event":"2026/05/15 17:14:46 - Table output 2.0 -","logger":"task.stderr"}
{"timestamp":"2026-05-15T20:14:46.177201Z","level":"error","event":"2026/05/15 17:14:46 - Table output 2.0 -","logger":"task.stderr"}
{"timestamp":"2026-05-15T20:14:46.177260Z","level":"error","event":"2026/05/15 17:14:46 - Table output 2.0 - \tat org.pentaho.di.core.database.Database.getDatabaseMetaData(Database.java:3121)","logger":"task.stderr"}
{"timestamp":"2026-05-15T20:14:46.177320Z","level":"error","event":"2026/05/15 17:14:46 - Table output 2.0 - \tat org.pentaho.di.core.database.Database.rollback(Database.java:912)","logger":"task.stderr"}
{"timestamp":"2026-05-15T20:14:46.177386Z","level":"error","event":"2026/05/15 17:14:46 - Table output 2.0 - \tat org.pentaho.di.core.database.Database.rollback(Database.java:904)","logger":"task.stderr"}
{"timestamp":"2026-05-15T20:14:46.177448Z","level":"error","event":"2026/05/15 17:14:46 - Table output 2.0 - \tat org.pentaho.di.trans.steps.tableoutput.TableOutput.dispose(TableOutput.java:625)","logger":"task.stderr"}
{"timestamp":"2026-05-15T20:14:46.177503Z","level":"error","event":"2026/05/15 17:14:46 - Table output 2.0 - \tat org.pentaho.di.trans.Trans.prepareExecution(Trans.java:1272)","logger":"task.stderr"}
{"timestamp":"2026-05-15T20:14:46.177553Z","level":"error","event":"2026/05/15 17:14:46 - Table output 2.0 - \tat org.pentaho.di.pan.PanCommandExecutor.execute(PanCommandExecutor.java:200)","logger":"task.stderr"}
{"timestamp":"2026-05-15T20:14:46.177610Z","level":"error","event":"2026/05/15 17:14:46 - Table output 2.0 - \tat org.pentaho.di.pan.Pan.main(Pan.java:274)","logger":"task.stderr"}
{"timestamp":"2026-05-15T20:14:46.177693Z","level":"error","event":"2026/05/15 17:14:46 - Table output 2.0 - \tat java.base/jdk.internal.reflect.NativeMethodAccessorImpl.invoke0(Native Method)","logger":"task.stderr"}
{"timestamp":"2026-05-15T20:14:46.177756Z","level":"error","event":"2026/05/15 17:14:46 - Table output 2.0 - \tat java.base/jdk.internal.reflect.NativeMethodAccessorImpl.invoke(NativeMethodAccessorImpl.java:62)","logger":"task.stderr"}
{"timestamp":"2026-05-15T20:14:46.177810Z","level":"error","event":"2026/05/15 17:14:46 - Table output 2.0 - \tat java.base/jdk.internal.reflect.DelegatingMethodAccessorImpl.invoke(DelegatingMethodAccessorImpl.java:43)","logger":"task.stderr"}
{"timestamp":"2026-05-15T20:14:46.177868Z","level":"error","event":"2026/05/15 17:14:46 - Table output 2.0 - \tat java.base/java.lang.reflect.Method.invoke(Method.java:566)","logger":"task.stderr"}
{"timestamp":"2026-05-15T20:14:46.177928Z","level":"error","event":"2026/05/15 17:14:46 - Table output 2.0 - \tat org.pentaho.commons.launcher.Launcher.main(Launcher.java:92)","logger":"task.stderr"}
{"timestamp":"2026-05-15T20:14:46.177982Z","level":"error","event":"2026/05/15 17:14:46 - Table output 2.0 - Caused by: org.pentaho.di.core.exception.KettleDatabaseException:","logger":"task.stderr"}
{"timestamp":"2026-05-15T20:14:46.178039Z","level":"error","event":"2026/05/15 17:14:46 - Table output 2.0 - Error connecting to database [proyecto_bigdata]","logger":"task.stderr"}
{"timestamp":"2026-05-15T20:14:46.178099Z","level":"error","event":"2026/05/15 17:14:46 - Table output 2.0 -","logger":"task.stderr"}
{"timestamp":"2026-05-15T20:14:46.178157Z","level":"error","event":"2026/05/15 17:14:46 - Table output 2.0 - \tat org.pentaho.di.core.database.Database.getDatabaseMetaData(Database.java:3115)","logger":"task.stderr"}
{"timestamp":"2026-05-15T20:14:46.179834Z","level":"error","event":"2026/05/15 17:14:46 - Table output 2.0 - \t... 11 more","logger":"task.stderr"}
{"timestamp":"2026-05-15T20:14:46.180781Z","level":"error","event":"2026/05/15 17:14:46 - Table output 3.0 - ERROR (version 9.4.0.0-343, build 0.0 from 2022-11-08 07.50.27 by buildguy) : Unexpected error rolling back the database connection.","logger":"task.stderr"}
{"timestamp":"2026-05-15T20:14:46.181219Z","level":"error","event":"2026/05/15 17:14:46 - Table output 3.0 - ERROR (version 9.4.0.0-343, build 0.0 from 2022-11-08 07.50.27 by buildguy) : org.pentaho.di.core.exception.KettleDatabaseException:","logger":"task.stderr"}
{"timestamp":"2026-05-15T20:14:46.181398Z","level":"error","event":"2026/05/15 17:14:46 - Table output 3.0 - Unable to get database metadata from this database connection","logger":"task.stderr"}
{"timestamp":"2026-05-15T20:14:46.181471Z","level":"error","event":"2026/05/15 17:14:46 - Table output 3.0 -","logger":"task.stderr"}
{"timestamp":"2026-05-15T20:14:46.181527Z","level":"error","event":"2026/05/15 17:14:46 - Table output 3.0 - Error connecting to database [proyecto_bigdata]","logger":"task.stderr"}
{"timestamp":"2026-05-15T20:14:46.181573Z","level":"error","event":"2026/05/15 17:14:46 - Table output 3.0 -","logger":"task.stderr"}
{"timestamp":"2026-05-15T20:14:46.181618Z","level":"error","event":"2026/05/15 17:14:46 - Table output 3.0 -","logger":"task.stderr"}
{"timestamp":"2026-05-15T20:14:46.181666Z","level":"error","event":"2026/05/15 17:14:46 - Table output 3.0 - \tat org.pentaho.di.core.database.Database.getDatabaseMetaData(Database.java:3121)","logger":"task.stderr"}
{"timestamp":"2026-05-15T20:14:46.181719Z","level":"error","event":"2026/05/15 17:14:46 - Table output 3.0 - \tat org.pentaho.di.core.database.Database.rollback(Database.java:912)","logger":"task.stderr"}
{"timestamp":"2026-05-15T20:14:46.181780Z","level":"error","event":"2026/05/15 17:14:46 - Table output 3.0 - \tat org.pentaho.di.core.database.Database.rollback(Database.java:904)","logger":"task.stderr"}
{"timestamp":"2026-05-15T20:14:46.181874Z","level":"error","event":"2026/05/15 17:14:46 - Table output 3.0 - \tat org.pentaho.di.trans.steps.tableoutput.TableOutput.dispose(TableOutput.java:625)","logger":"task.stderr"}
{"timestamp":"2026-05-15T20:14:46.181931Z","level":"error","event":"2026/05/15 17:14:46 - Table output 3.0 - \tat org.pentaho.di.trans.Trans.prepareExecution(Trans.java:1272)","logger":"task.stderr"}
{"timestamp":"2026-05-15T20:14:46.181984Z","level":"error","event":"2026/05/15 17:14:46 - Table output 3.0 - \tat org.pentaho.di.pan.PanCommandExecutor.execute(PanCommandExecutor.java:200)","logger":"task.stderr"}
{"timestamp":"2026-05-15T20:14:46.182106Z","level":"error","event":"2026/05/15 17:14:46 - Table output 3.0 - \tat org.pentaho.di.pan.Pan.main(Pan.java:274)","logger":"task.stderr"}
{"timestamp":"2026-05-15T20:14:46.182187Z","level":"error","event":"2026/05/15 17:14:46 - Table output 3.0 - \tat java.base/jdk.internal.reflect.NativeMethodAccessorImpl.invoke0(Native Method)","logger":"task.stderr"}
{"timestamp":"2026-05-15T20:14:46.182286Z","level":"error","event":"2026/05/15 17:14:46 - Table output 3.0 - \tat java.base/jdk.internal.reflect.NativeMethodAccessorImpl.invoke(NativeMethodAccessorImpl.java:62)","logger":"task.stderr"}
{"timestamp":"2026-05-15T20:14:46.182390Z","level":"error","event":"2026/05/15 17:14:46 - Table output 3.0 - \tat java.base/jdk.internal.reflect.DelegatingMethodAccessorImpl.invoke(DelegatingMethodAccessorImpl.java:43)","logger":"task.stderr"}
{"timestamp":"2026-05-15T20:14:46.183144Z","level":"error","event":"2026/05/15 17:14:46 - Table output 3.0 - \tat java.base/java.lang.reflect.Method.invoke(Method.java:566)","logger":"task.stderr"}
{"timestamp":"2026-05-15T20:14:46.183254Z","level":"error","event":"2026/05/15 17:14:46 - Table output 3.0 - \tat org.pentaho.commons.launcher.Launcher.main(Launcher.java:92)","logger":"task.stderr"}
{"timestamp":"2026-05-15T20:14:46.183515Z","level":"error","event":"2026/05/15 17:14:46 - Table output 3.0 - Caused by: org.pentaho.di.core.exception.KettleDatabaseException:","logger":"task.stderr"}
{"timestamp":"2026-05-15T20:14:46.183583Z","level":"error","event":"2026/05/15 17:14:46 - Table output 3.0 - Error connecting to database [proyecto_bigdata]","logger":"task.stderr"}
{"timestamp":"2026-05-15T20:14:46.183643Z","level":"error","event":"2026/05/15 17:14:46 - Table output 3.0 -","logger":"task.stderr"}
{"timestamp":"2026-05-15T20:14:46.183697Z","level":"error","event":"2026/05/15 17:14:46 - Table output 3.0 - \tat org.pentaho.di.core.database.Database.getDatabaseMetaData(Database.java:3115)","logger":"task.stderr"}
{"timestamp":"2026-05-15T20:14:46.183753Z","level":"error","event":"2026/05/15 17:14:46 - Table output 3.0 - \t... 11 more","logger":"task.stderr"}
{"timestamp":"2026-05-15T20:14:46.184005Z","level":"info","event":"Unable to prepare and initialize this transformation","logger":"task.stdout"}
{"timestamp":"2026-05-15T20:14:46.230030Z","level":"error","event":"Task failed with exception","logger":"task","filename":"task_runner.py","lineno":1186,"error_detail":[{"exc_type":"CalledProcessError","exc_value":"Command '['/opt/pentaho/client-tools/data-integration/pan.sh', '-file=/opt/repo/proyecto-bigdata/etl/pentaho/transformations/01_carga_nomina_raw.ktr']' returned non-zero exit status 3.","exc_notes":[],"syntax_error":null,"is_cause":false,"frames":[{"filename":"/opt/repo/proyecto-bigdata/venv/lib/python3.10/site-packages/airflow/sdk/execution_time/task_runner.py","lineno":1112,"name":"run"},{"filename":"/opt/repo/proyecto-bigdata/venv/lib/python3.10/site-packages/airflow/sdk/execution_time/task_runner.py","lineno":1528,"name":"_execute_task"},{"filename":"/opt/repo/proyecto-bigdata/venv/lib/python3.10/site-packages/airflow/sdk/bases/operator.py","lineno":417,"name":"wrapper"},{"filename":"/opt/repo/proyecto-bigdata/venv/lib/python3.10/site-packages/airflow/sdk/bases/decorator.py","lineno":252,"name":"execute"},{"filename":"/opt/repo/proyecto-bigdata/venv/lib/python3.10/site-packages/airflow/sdk/bases/operator.py","lineno":417,"name":"wrapper"},{"filename":"/opt/repo/proyecto-bigdata/venv/lib/python3.10/site-packages/airflow/providers/standard/operators/python.py","lineno":231,"name":"execute"},{"filename":"/opt/repo/proyecto-bigdata/venv/lib/python3.10/site-packages/airflow/providers/standard/operators/python.py","lineno":254,"name":"execute_callable"},{"filename":"/opt/repo/proyecto-bigdata/venv/lib/python3.10/site-packages/airflow/sdk/execution_time/callback_runner.py","lineno":82,"name":"run"},{"filename":"/opt/repo/proyecto-bigdata/orchestration/airflow/dags/dag_nomina_pipeline.py","lineno":17,"name":"ejecutar_pentaho_etl"},{"filename":"/usr/lib/python3.10/subprocess.py","lineno":526,"name":"run"}],"is_group":false,"exceptions":[]}]}
{"timestamp":"2026-05-15T20:14:46.231762Z","level":"info","event":"Task instance in failure state","logger":"task.stdout"}
{"timestamp":"2026-05-15T20:14:46.232944Z","level":"info","event":"Task start","logger":"task.stdout"}
{"timestamp":"2026-05-15T20:14:46.233041Z","level":"info","event":"Task:<Task(_PythonDecoratedOperator): ejecutar_pentaho_etl>","logger":"task.stdout"}
{"timestamp":"2026-05-15T20:14:46.233084Z","level":"info","event":"Failure caused by Command '['/opt/pentaho/client-tools/data-integration/pan.sh', '-file=/opt/repo/proyecto-bigdata/etl/pentaho/transformations/01_carga_nomina_raw.ktr']' returned non-zero exit status 3.","logger":"task.stdout"}
