{"timestamp":"2026-05-15T14:04:55.463989Z","level":"info","event":"DAG bundles loaded: dags-folder, example_dags","logger":"airflow.dag_processing.bundles.manager.DagBundlesManager","filename":"manager.py","lineno":179}
{"timestamp":"2026-05-15T14:04:55.465725Z","level":"info","event":"Filling up the DagBag from /opt/repo/proyecto-bigdata/orchestration/airflow/dags/dag_nomina_pipeline.py","logger":"airflow.models.dagbag.BundleDagBag","filename":"dagbag.py","lineno":593}
{"timestamp":"2026-05-15T14:04:55.485160Z","level":"info","event":"Stats instance was created in PID 25320 but accessed in PID 27974. Re-initializing.","logger":"airflow.stats","filename":"stats.py","lineno":57}
{"timestamp":"2026-05-15T14:04:55.509770Z","level":"info","event":"Task instance is in running state","logger":"task.stdout"}
{"timestamp":"2026-05-15T14:04:55.509912Z","level":"info","event":" Previous state of the Task instance: TaskInstanceState.QUEUED","logger":"task.stdout"}
{"timestamp":"2026-05-15T14:04:55.510015Z","level":"info","event":"Current task name:ejecutar_pentaho_etl","logger":"task.stdout"}
{"timestamp":"2026-05-15T14:04:55.510086Z","level":"info","event":"Dag name:pipeline_nomina_funcionarios","logger":"task.stdout"}
{"timestamp":"2026-05-15T14:04:55.565443Z","level":"info","event":"#######################################################################","logger":"task.stdout"}
{"timestamp":"2026-05-15T14:04:55.565903Z","level":"info","event":"WARNING:  no libwebkitgtk-1.0 detected, some features will be unavailable","logger":"task.stdout"}
{"timestamp":"2026-05-15T14:04:55.566025Z","level":"info","event":"    Consider installing the package with apt-get or yum.","logger":"task.stdout"}
{"timestamp":"2026-05-15T14:04:55.566100Z","level":"info","event":"    e.g. 'sudo apt-get install libwebkitgtk-1.0-0'","logger":"task.stdout"}
{"timestamp":"2026-05-15T14:04:55.566189Z","level":"info","event":"#######################################################################","logger":"task.stdout"}
{"timestamp":"2026-05-15T14:04:55.857205Z","level":"error","event":"OpenJDK 64-Bit Server VM warning: Ignoring option MaxPermSize; support was removed in 8.0","logger":"task.stderr"}
{"timestamp":"2026-05-15T14:05:02.953718Z","level":"info","event":"2026/05/15 11:05:02 - Pan - Start of run.","logger":"task.stdout"}
{"timestamp":"2026-05-15T14:05:03.484643Z","level":"info","event":"2026/05/15 11:05:03 - 01_carga_nomina_raw - Dispatching started for transformation [01_carga_nomina_raw]","logger":"task.stdout"}
{"timestamp":"2026-05-15T14:05:03.806832Z","level":"error","event":"2026/05/15 11:05:03 - Table output 2.0 - ERROR (version 9.4.0.0-343, build 0.0 from 2022-11-08 07.50.27 by buildguy) : An error occurred intialising this step:","logger":"task.stderr"}
{"timestamp":"2026-05-15T14:05:03.807646Z","level":"error","event":"2026/05/15 11:05:03 - Table output 2.0 - Error occurred while trying to connect to the database","logger":"task.stderr"}
{"timestamp":"2026-05-15T14:05:03.807979Z","level":"error","event":"2026/05/15 11:05:03 - Table output 2.0 -","logger":"task.stderr"}
{"timestamp":"2026-05-15T14:05:03.808128Z","level":"error","event":"2026/05/15 11:05:03 - Table output 2.0 - Connection failed. Verify all connection parameters and confirm that the appropriate driver is installed.","logger":"task.stderr"}
{"timestamp":"2026-05-15T14:05:03.808248Z","level":"error","event":"2026/05/15 11:05:03 - Table output 2.0 - Connection to localhost:5432 refused. Check that the hostname and port are correct and that the postmaster is accepting TCP/IP connections.","logger":"task.stderr"}
{"timestamp":"2026-05-15T14:05:03.808379Z","level":"error","event":"2026/05/15 11:05:03 - Table output 3.0 - ERROR (version 9.4.0.0-343, build 0.0 from 2022-11-08 07.50.27 by buildguy) : An error occurred intialising this step:","logger":"task.stderr"}
{"timestamp":"2026-05-15T14:05:03.808481Z","level":"error","event":"2026/05/15 11:05:03 - Table output 3.0 - Error occurred while trying to connect to the database","logger":"task.stderr"}
{"timestamp":"2026-05-15T14:05:03.808581Z","level":"error","event":"2026/05/15 11:05:03 - Table output 3.0 -","logger":"task.stderr"}
{"timestamp":"2026-05-15T14:05:03.808721Z","level":"error","event":"2026/05/15 11:05:03 - Table output 3.0 - Connection failed. Verify all connection parameters and confirm that the appropriate driver is installed.","logger":"task.stderr"}
{"timestamp":"2026-05-15T14:05:03.808868Z","level":"error","event":"2026/05/15 11:05:03 - Table output 3.0 - Connection to localhost:5432 refused. Check that the hostname and port are correct and that the postmaster is accepting TCP/IP connections.","logger":"task.stderr"}
{"timestamp":"2026-05-15T14:05:03.809105Z","level":"error","event":"2026/05/15 11:05:03 - Table output.0 - ERROR (version 9.4.0.0-343, build 0.0 from 2022-11-08 07.50.27 by buildguy) : An error occurred intialising this step:","logger":"task.stderr"}
{"timestamp":"2026-05-15T14:05:03.809239Z","level":"error","event":"2026/05/15 11:05:03 - Table output.0 - Error occurred while trying to connect to the database","logger":"task.stderr"}
{"timestamp":"2026-05-15T14:05:03.809334Z","level":"error","event":"2026/05/15 11:05:03 - Table output.0 -","logger":"task.stderr"}
{"timestamp":"2026-05-15T14:05:03.809445Z","level":"error","event":"2026/05/15 11:05:03 - Table output.0 - Connection failed. Verify all connection parameters and confirm that the appropriate driver is installed.","logger":"task.stderr"}
{"timestamp":"2026-05-15T14:05:03.809540Z","level":"error","event":"2026/05/15 11:05:03 - Table output.0 - Connection to localhost:5432 refused. Check that the hostname and port are correct and that the postmaster is accepting TCP/IP connections.","logger":"task.stderr"}
{"timestamp":"2026-05-15T14:05:03.809809Z","level":"error","event":"2026/05/15 11:05:03 - Table output.0 - ERROR (version 9.4.0.0-343, build 0.0 from 2022-11-08 07.50.27 by buildguy) : Error initializing step [Table output]","logger":"task.stderr"}
{"timestamp":"2026-05-15T14:05:03.809965Z","level":"error","event":"2026/05/15 11:05:03 - Table output 3.0 - ERROR (version 9.4.0.0-343, build 0.0 from 2022-11-08 07.50.27 by buildguy) : Error initializing step [Table output 3]","logger":"task.stderr"}
{"timestamp":"2026-05-15T14:05:03.810057Z","level":"error","event":"2026/05/15 11:05:03 - Table output 2.0 - ERROR (version 9.4.0.0-343, build 0.0 from 2022-11-08 07.50.27 by buildguy) : Error initializing step [Table output 2]","logger":"task.stderr"}
{"timestamp":"2026-05-15T14:05:03.812147Z","level":"error","event":"2026/05/15 11:05:03 - 01_carga_nomina_raw - ERROR (version 9.4.0.0-343, build 0.0 from 2022-11-08 07.50.27 by buildguy) : Step [Table output.0] failed to initialize!","logger":"task.stderr"}
{"timestamp":"2026-05-15T14:05:03.813111Z","level":"error","event":"2026/05/15 11:05:03 - 01_carga_nomina_raw - ERROR (version 9.4.0.0-343, build 0.0 from 2022-11-08 07.50.27 by buildguy) : Step [Table output 2.0] failed to initialize!","logger":"task.stderr"}
{"timestamp":"2026-05-15T14:05:03.813243Z","level":"error","event":"2026/05/15 11:05:03 - 01_carga_nomina_raw - ERROR (version 9.4.0.0-343, build 0.0 from 2022-11-08 07.50.27 by buildguy) : Step [Table output 3.0] failed to initialize!","logger":"task.stderr"}
{"timestamp":"2026-05-15T14:05:03.813581Z","level":"error","event":"2026/05/15 11:05:03 - Table output.0 - ERROR (version 9.4.0.0-343, build 0.0 from 2022-11-08 07.50.27 by buildguy) : Unexpected error rolling back the database connection.","logger":"task.stderr"}
{"timestamp":"2026-05-15T14:05:03.815349Z","level":"error","event":"2026/05/15 11:05:03 - Table output.0 - ERROR (version 9.4.0.0-343, build 0.0 from 2022-11-08 07.50.27 by buildguy) : org.pentaho.di.core.exception.KettleDatabaseException:","logger":"task.stderr"}
{"timestamp":"2026-05-15T14:05:03.815545Z","level":"error","event":"2026/05/15 11:05:03 - Table output.0 - Unable to get database metadata from this database connection","logger":"task.stderr"}
{"timestamp":"2026-05-15T14:05:03.815657Z","level":"error","event":"2026/05/15 11:05:03 - Table output.0 -","logger":"task.stderr"}
{"timestamp":"2026-05-15T14:05:03.815750Z","level":"error","event":"2026/05/15 11:05:03 - Table output.0 - Error connecting to database [proyecto_bigdata]","logger":"task.stderr"}
{"timestamp":"2026-05-15T14:05:03.815864Z","level":"error","event":"2026/05/15 11:05:03 - Table output.0 -","logger":"task.stderr"}
{"timestamp":"2026-05-15T14:05:03.815937Z","level":"error","event":"2026/05/15 11:05:03 - Table output.0 -","logger":"task.stderr"}
{"timestamp":"2026-05-15T14:05:03.816006Z","level":"error","event":"2026/05/15 11:05:03 - Table output.0 - \tat org.pentaho.di.core.database.Database.getDatabaseMetaData(Database.java:3121)","logger":"task.stderr"}
{"timestamp":"2026-05-15T14:05:03.816078Z","level":"error","event":"2026/05/15 11:05:03 - Table output.0 - \tat org.pentaho.di.core.database.Database.rollback(Database.java:912)","logger":"task.stderr"}
{"timestamp":"2026-05-15T14:05:03.816146Z","level":"error","event":"2026/05/15 11:05:03 - Table output.0 - \tat org.pentaho.di.core.database.Database.rollback(Database.java:904)","logger":"task.stderr"}
{"timestamp":"2026-05-15T14:05:03.816214Z","level":"error","event":"2026/05/15 11:05:03 - Table output.0 - \tat org.pentaho.di.trans.steps.tableoutput.TableOutput.dispose(TableOutput.java:625)","logger":"task.stderr"}
{"timestamp":"2026-05-15T14:05:03.816308Z","level":"error","event":"2026/05/15 11:05:03 - Table output.0 - \tat org.pentaho.di.trans.Trans.prepareExecution(Trans.java:1272)","logger":"task.stderr"}
{"timestamp":"2026-05-15T14:05:03.816383Z","level":"error","event":"2026/05/15 11:05:03 - Table output.0 - \tat org.pentaho.di.pan.PanCommandExecutor.execute(PanCommandExecutor.java:200)","logger":"task.stderr"}
{"timestamp":"2026-05-15T14:05:03.816463Z","level":"error","event":"2026/05/15 11:05:03 - Table output.0 - \tat org.pentaho.di.pan.Pan.main(Pan.java:274)","logger":"task.stderr"}
{"timestamp":"2026-05-15T14:05:03.817133Z","level":"error","event":"2026/05/15 11:05:03 - Table output.0 - \tat java.base/jdk.internal.reflect.NativeMethodAccessorImpl.invoke0(Native Method)","logger":"task.stderr"}
{"timestamp":"2026-05-15T14:05:03.817285Z","level":"error","event":"2026/05/15 11:05:03 - Table output.0 - \tat java.base/jdk.internal.reflect.NativeMethodAccessorImpl.invoke(NativeMethodAccessorImpl.java:62)","logger":"task.stderr"}
{"timestamp":"2026-05-15T14:05:03.817342Z","level":"error","event":"2026/05/15 11:05:03 - Table output.0 - \tat java.base/jdk.internal.reflect.DelegatingMethodAccessorImpl.invoke(DelegatingMethodAccessorImpl.java:43)","logger":"task.stderr"}
{"timestamp":"2026-05-15T14:05:03.817425Z","level":"error","event":"2026/05/15 11:05:03 - Table output.0 - \tat java.base/java.lang.reflect.Method.invoke(Method.java:566)","logger":"task.stderr"}
{"timestamp":"2026-05-15T14:05:03.817477Z","level":"error","event":"2026/05/15 11:05:03 - Table output.0 - \tat org.pentaho.commons.launcher.Launcher.main(Launcher.java:92)","logger":"task.stderr"}
{"timestamp":"2026-05-15T14:05:03.817560Z","level":"error","event":"2026/05/15 11:05:03 - Table output.0 - Caused by: org.pentaho.di.core.exception.KettleDatabaseException:","logger":"task.stderr"}
{"timestamp":"2026-05-15T14:05:03.817640Z","level":"error","event":"2026/05/15 11:05:03 - Table output.0 - Error connecting to database [proyecto_bigdata]","logger":"task.stderr"}
{"timestamp":"2026-05-15T14:05:03.817731Z","level":"error","event":"2026/05/15 11:05:03 - Table output.0 -","logger":"task.stderr"}
{"timestamp":"2026-05-15T14:05:03.817814Z","level":"error","event":"2026/05/15 11:05:03 - Table output.0 - \tat org.pentaho.di.core.database.Database.getDatabaseMetaData(Database.java:3115)","logger":"task.stderr"}
{"timestamp":"2026-05-15T14:05:03.817907Z","level":"error","event":"2026/05/15 11:05:03 - Table output.0 - \t... 11 more","logger":"task.stderr"}
{"timestamp":"2026-05-15T14:05:03.818149Z","level":"error","event":"2026/05/15 11:05:03 - Table output 2.0 - ERROR (version 9.4.0.0-343, build 0.0 from 2022-11-08 07.50.27 by buildguy) : Unexpected error rolling back the database connection.","logger":"task.stderr"}
{"timestamp":"2026-05-15T14:05:03.818277Z","level":"error","event":"2026/05/15 11:05:03 - Table output 2.0 - ERROR (version 9.4.0.0-343, build 0.0 from 2022-11-08 07.50.27 by buildguy) : org.pentaho.di.core.exception.KettleDatabaseException:","logger":"task.stderr"}
{"timestamp":"2026-05-15T14:05:03.818395Z","level":"error","event":"2026/05/15 11:05:03 - Table output 2.0 - Unable to get database metadata from this database connection","logger":"task.stderr"}
{"timestamp":"2026-05-15T14:05:03.818480Z","level":"error","event":"2026/05/15 11:05:03 - Table output 2.0 -","logger":"task.stderr"}
{"timestamp":"2026-05-15T14:05:03.818559Z","level":"error","event":"2026/05/15 11:05:03 - Table output 2.0 - Error connecting to database [proyecto_bigdata]","logger":"task.stderr"}
{"timestamp":"2026-05-15T14:05:03.818639Z","level":"error","event":"2026/05/15 11:05:03 - Table output 2.0 -","logger":"task.stderr"}
{"timestamp":"2026-05-15T14:05:03.818717Z","level":"error","event":"2026/05/15 11:05:03 - Table output 2.0 -","logger":"task.stderr"}
{"timestamp":"2026-05-15T14:05:03.818798Z","level":"error","event":"2026/05/15 11:05:03 - Table output 2.0 - \tat org.pentaho.di.core.database.Database.getDatabaseMetaData(Database.java:3121)","logger":"task.stderr"}
{"timestamp":"2026-05-15T14:05:03.818902Z","level":"error","event":"2026/05/15 11:05:03 - Table output 2.0 - \tat org.pentaho.di.core.database.Database.rollback(Database.java:912)","logger":"task.stderr"}
{"timestamp":"2026-05-15T14:05:03.818984Z","level":"error","event":"2026/05/15 11:05:03 - Table output 2.0 - \tat org.pentaho.di.core.database.Database.rollback(Database.java:904)","logger":"task.stderr"}
{"timestamp":"2026-05-15T14:05:03.819073Z","level":"error","event":"2026/05/15 11:05:03 - Table output 2.0 - \tat org.pentaho.di.trans.steps.tableoutput.TableOutput.dispose(TableOutput.java:625)","logger":"task.stderr"}
{"timestamp":"2026-05-15T14:05:03.819154Z","level":"error","event":"2026/05/15 11:05:03 - Table output 2.0 - \tat org.pentaho.di.trans.Trans.prepareExecution(Trans.java:1272)","logger":"task.stderr"}
{"timestamp":"2026-05-15T14:05:03.819247Z","level":"error","event":"2026/05/15 11:05:03 - Table output 2.0 - \tat org.pentaho.di.pan.PanCommandExecutor.execute(PanCommandExecutor.java:200)","logger":"task.stderr"}
{"timestamp":"2026-05-15T14:05:03.819328Z","level":"error","event":"2026/05/15 11:05:03 - Table output 2.0 - \tat org.pentaho.di.pan.Pan.main(Pan.java:274)","logger":"task.stderr"}
{"timestamp":"2026-05-15T14:05:03.819407Z","level":"error","event":"2026/05/15 11:05:03 - Table output 2.0 - \tat java.base/jdk.internal.reflect.NativeMethodAccessorImpl.invoke0(Native Method)","logger":"task.stderr"}
{"timestamp":"2026-05-15T14:05:03.819486Z","level":"error","event":"2026/05/15 11:05:03 - Table output 2.0 - \tat java.base/jdk.internal.reflect.NativeMethodAccessorImpl.invoke(NativeMethodAccessorImpl.java:62)","logger":"task.stderr"}
{"timestamp":"2026-05-15T14:05:03.819566Z","level":"error","event":"2026/05/15 11:05:03 - Table output 2.0 - \tat java.base/jdk.internal.reflect.DelegatingMethodAccessorImpl.invoke(DelegatingMethodAccessorImpl.java:43)","logger":"task.stderr"}
{"timestamp":"2026-05-15T14:05:03.819645Z","level":"error","event":"2026/05/15 11:05:03 - Table output 2.0 - \tat java.base/java.lang.reflect.Method.invoke(Method.java:566)","logger":"task.stderr"}
{"timestamp":"2026-05-15T14:05:03.819723Z","level":"error","event":"2026/05/15 11:05:03 - Table output 2.0 - \tat org.pentaho.commons.launcher.Launcher.main(Launcher.java:92)","logger":"task.stderr"}
{"timestamp":"2026-05-15T14:05:03.819804Z","level":"error","event":"2026/05/15 11:05:03 - Table output 2.0 - Caused by: org.pentaho.di.core.exception.KettleDatabaseException:","logger":"task.stderr"}
{"timestamp":"2026-05-15T14:05:03.819894Z","level":"error","event":"2026/05/15 11:05:03 - Table output 2.0 - Error connecting to database [proyecto_bigdata]","logger":"task.stderr"}
{"timestamp":"2026-05-15T14:05:03.819974Z","level":"error","event":"2026/05/15 11:05:03 - Table output 2.0 -","logger":"task.stderr"}
{"timestamp":"2026-05-15T14:05:03.820064Z","level":"error","event":"2026/05/15 11:05:03 - Table output 2.0 - \tat org.pentaho.di.core.database.Database.getDatabaseMetaData(Database.java:3115)","logger":"task.stderr"}
{"timestamp":"2026-05-15T14:05:03.820910Z","level":"error","event":"2026/05/15 11:05:03 - Table output 2.0 - \t... 11 more","logger":"task.stderr"}
{"timestamp":"2026-05-15T14:05:03.821064Z","level":"error","event":"2026/05/15 11:05:03 - Table output 3.0 - ERROR (version 9.4.0.0-343, build 0.0 from 2022-11-08 07.50.27 by buildguy) : Unexpected error rolling back the database connection.","logger":"task.stderr"}
{"timestamp":"2026-05-15T14:05:03.821176Z","level":"error","event":"2026/05/15 11:05:03 - Table output 3.0 - ERROR (version 9.4.0.0-343, build 0.0 from 2022-11-08 07.50.27 by buildguy) : org.pentaho.di.core.exception.KettleDatabaseException:","logger":"task.stderr"}
{"timestamp":"2026-05-15T14:05:03.821283Z","level":"error","event":"2026/05/15 11:05:03 - Table output 3.0 - Unable to get database metadata from this database connection","logger":"task.stderr"}
{"timestamp":"2026-05-15T14:05:03.821384Z","level":"error","event":"2026/05/15 11:05:03 - Table output 3.0 -","logger":"task.stderr"}
{"timestamp":"2026-05-15T14:05:03.821489Z","level":"error","event":"2026/05/15 11:05:03 - Table output 3.0 - Error connecting to database [proyecto_bigdata]","logger":"task.stderr"}
{"timestamp":"2026-05-15T14:05:03.821589Z","level":"error","event":"2026/05/15 11:05:03 - Table output 3.0 -","logger":"task.stderr"}
{"timestamp":"2026-05-15T14:05:03.821694Z","level":"error","event":"2026/05/15 11:05:03 - Table output 3.0 -","logger":"task.stderr"}
{"timestamp":"2026-05-15T14:05:03.821787Z","level":"error","event":"2026/05/15 11:05:03 - Table output 3.0 - \tat org.pentaho.di.core.database.Database.getDatabaseMetaData(Database.java:3121)","logger":"task.stderr"}
{"timestamp":"2026-05-15T14:05:03.821861Z","level":"error","event":"2026/05/15 11:05:03 - Table output 3.0 - \tat org.pentaho.di.core.database.Database.rollback(Database.java:912)","logger":"task.stderr"}
{"timestamp":"2026-05-15T14:05:03.821986Z","level":"error","event":"2026/05/15 11:05:03 - Table output 3.0 - \tat org.pentaho.di.core.database.Database.rollback(Database.java:904)","logger":"task.stderr"}
{"timestamp":"2026-05-15T14:05:03.822067Z","level":"error","event":"2026/05/15 11:05:03 - Table output 3.0 - \tat org.pentaho.di.trans.steps.tableoutput.TableOutput.dispose(TableOutput.java:625)","logger":"task.stderr"}
{"timestamp":"2026-05-15T14:05:03.822144Z","level":"error","event":"2026/05/15 11:05:03 - Table output 3.0 - \tat org.pentaho.di.trans.Trans.prepareExecution(Trans.java:1272)","logger":"task.stderr"}
{"timestamp":"2026-05-15T14:05:03.822235Z","level":"error","event":"2026/05/15 11:05:03 - Table output 3.0 - \tat org.pentaho.di.pan.PanCommandExecutor.execute(PanCommandExecutor.java:200)","logger":"task.stderr"}
{"timestamp":"2026-05-15T14:05:03.822329Z","level":"error","event":"2026/05/15 11:05:03 - Table output 3.0 - \tat org.pentaho.di.pan.Pan.main(Pan.java:274)","logger":"task.stderr"}
{"timestamp":"2026-05-15T14:05:03.822424Z","level":"error","event":"2026/05/15 11:05:03 - Table output 3.0 - \tat java.base/jdk.internal.reflect.NativeMethodAccessorImpl.invoke0(Native Method)","logger":"task.stderr"}
{"timestamp":"2026-05-15T14:05:03.822699Z","level":"error","event":"2026/05/15 11:05:03 - Table output 3.0 - \tat java.base/jdk.internal.reflect.NativeMethodAccessorImpl.invoke(NativeMethodAccessorImpl.java:62)","logger":"task.stderr"}
{"timestamp":"2026-05-15T14:05:03.823650Z","level":"error","event":"2026/05/15 11:05:03 - Table output 3.0 - \tat java.base/jdk.internal.reflect.DelegatingMethodAccessorImpl.invoke(DelegatingMethodAccessorImpl.java:43)","logger":"task.stderr"}
{"timestamp":"2026-05-15T14:05:03.823901Z","level":"error","event":"2026/05/15 11:05:03 - Table output 3.0 - \tat java.base/java.lang.reflect.Method.invoke(Method.java:566)","logger":"task.stderr"}
{"timestamp":"2026-05-15T14:05:03.824035Z","level":"error","event":"2026/05/15 11:05:03 - Table output 3.0 - \tat org.pentaho.commons.launcher.Launcher.main(Launcher.java:92)","logger":"task.stderr"}
{"timestamp":"2026-05-15T14:05:03.824189Z","level":"error","event":"2026/05/15 11:05:03 - Table output 3.0 - Caused by: org.pentaho.di.core.exception.KettleDatabaseException:","logger":"task.stderr"}
{"timestamp":"2026-05-15T14:05:03.824292Z","level":"error","event":"2026/05/15 11:05:03 - Table output 3.0 - Error connecting to database [proyecto_bigdata]","logger":"task.stderr"}
{"timestamp":"2026-05-15T14:05:03.824401Z","level":"error","event":"2026/05/15 11:05:03 - Table output 3.0 -","logger":"task.stderr"}
{"timestamp":"2026-05-15T14:05:03.824460Z","level":"error","event":"2026/05/15 11:05:03 - Table output 3.0 - \tat org.pentaho.di.core.database.Database.getDatabaseMetaData(Database.java:3115)","logger":"task.stderr"}
{"timestamp":"2026-05-15T14:05:03.824533Z","level":"error","event":"2026/05/15 11:05:03 - Table output 3.0 - \t... 11 more","logger":"task.stderr"}
{"timestamp":"2026-05-15T14:05:03.824647Z","level":"info","event":"Unable to prepare and initialize this transformation","logger":"task.stdout"}
{"timestamp":"2026-05-15T14:05:03.866392Z","level":"error","event":"Task failed with exception","logger":"task","filename":"task_runner.py","lineno":1186,"error_detail":[{"exc_type":"CalledProcessError","exc_value":"Command '['/opt/pentaho/client-tools/data-integration/pan.sh', '-file=/opt/repo/proyecto-bigdata/etl/pentaho/transformations/01_carga_nomina_raw.ktr']' returned non-zero exit status 3.","exc_notes":[],"syntax_error":null,"is_cause":false,"frames":[{"filename":"/opt/repo/proyecto-bigdata/venv/lib/python3.10/site-packages/airflow/sdk/execution_time/task_runner.py","lineno":1112,"name":"run"},{"filename":"/opt/repo/proyecto-bigdata/venv/lib/python3.10/site-packages/airflow/sdk/execution_time/task_runner.py","lineno":1528,"name":"_execute_task"},{"filename":"/opt/repo/proyecto-bigdata/venv/lib/python3.10/site-packages/airflow/sdk/bases/operator.py","lineno":417,"name":"wrapper"},{"filename":"/opt/repo/proyecto-bigdata/venv/lib/python3.10/site-packages/airflow/sdk/bases/decorator.py","lineno":252,"name":"execute"},{"filename":"/opt/repo/proyecto-bigdata/venv/lib/python3.10/site-packages/airflow/sdk/bases/operator.py","lineno":417,"name":"wrapper"},{"filename":"/opt/repo/proyecto-bigdata/venv/lib/python3.10/site-packages/airflow/providers/standard/operators/python.py","lineno":231,"name":"execute"},{"filename":"/opt/repo/proyecto-bigdata/venv/lib/python3.10/site-packages/airflow/providers/standard/operators/python.py","lineno":254,"name":"execute_callable"},{"filename":"/opt/repo/proyecto-bigdata/venv/lib/python3.10/site-packages/airflow/sdk/execution_time/callback_runner.py","lineno":82,"name":"run"},{"filename":"/opt/repo/proyecto-bigdata/orchestration/airflow/dags/dag_nomina_pipeline.py","lineno":17,"name":"ejecutar_pentaho_etl"},{"filename":"/usr/lib/python3.10/subprocess.py","lineno":526,"name":"run"}],"is_group":false,"exceptions":[]}]}
{"timestamp":"2026-05-15T14:05:03.868044Z","level":"info","event":"Task instance in failure state","logger":"task.stdout"}
{"timestamp":"2026-05-15T14:05:03.868594Z","level":"info","event":"Task start","logger":"task.stdout"}
{"timestamp":"2026-05-15T14:05:03.868690Z","level":"info","event":"Task:<Task(_PythonDecoratedOperator): ejecutar_pentaho_etl>","logger":"task.stdout"}
{"timestamp":"2026-05-15T14:05:03.868744Z","level":"info","event":"Failure caused by Command '['/opt/pentaho/client-tools/data-integration/pan.sh', '-file=/opt/repo/proyecto-bigdata/etl/pentaho/transformations/01_carga_nomina_raw.ktr']' returned non-zero exit status 3.","logger":"task.stdout"}
