{"timestamp":"2026-05-15T14:06:00.108881Z","level":"info","event":"DAG bundles loaded: dags-folder, example_dags","logger":"airflow.dag_processing.bundles.manager.DagBundlesManager","filename":"manager.py","lineno":179}
{"timestamp":"2026-05-15T14:06:00.110335Z","level":"info","event":"Filling up the DagBag from /opt/repo/proyecto-bigdata/orchestration/airflow/dags/dag_nomina_pipeline.py","logger":"airflow.models.dagbag.BundleDagBag","filename":"dagbag.py","lineno":593}
{"timestamp":"2026-05-15T14:06:00.132468Z","level":"info","event":"Stats instance was created in PID 25320 but accessed in PID 28433. Re-initializing.","logger":"airflow.stats","filename":"stats.py","lineno":57}
{"timestamp":"2026-05-15T14:06:00.163014Z","level":"info","event":"Task instance is in running state","logger":"task.stdout"}
{"timestamp":"2026-05-15T14:06:00.163276Z","level":"info","event":" Previous state of the Task instance: TaskInstanceState.QUEUED","logger":"task.stdout"}
{"timestamp":"2026-05-15T14:06:00.163451Z","level":"info","event":"Current task name:ejecutar_pentaho_etl","logger":"task.stdout"}
{"timestamp":"2026-05-15T14:06:00.163529Z","level":"info","event":"Dag name:pipeline_nomina_funcionarios","logger":"task.stdout"}
{"timestamp":"2026-05-15T14:06:00.183923Z","level":"info","event":"#######################################################################","logger":"task.stdout"}
{"timestamp":"2026-05-15T14:06:00.184165Z","level":"info","event":"WARNING:  no libwebkitgtk-1.0 detected, some features will be unavailable","logger":"task.stdout"}
{"timestamp":"2026-05-15T14:06:00.184299Z","level":"info","event":"    Consider installing the package with apt-get or yum.","logger":"task.stdout"}
{"timestamp":"2026-05-15T14:06:00.184429Z","level":"info","event":"    e.g. 'sudo apt-get install libwebkitgtk-1.0-0'","logger":"task.stdout"}
{"timestamp":"2026-05-15T14:06:00.184530Z","level":"info","event":"#######################################################################","logger":"task.stdout"}
{"timestamp":"2026-05-15T14:06:00.293615Z","level":"error","event":"OpenJDK 64-Bit Server VM warning: Ignoring option MaxPermSize; support was removed in 8.0","logger":"task.stderr"}
{"timestamp":"2026-05-15T14:06:05.243993Z","level":"info","event":"2026/05/15 11:06:05 - Pan - Start of run.","logger":"task.stdout"}
{"timestamp":"2026-05-15T14:06:05.639855Z","level":"info","event":"2026/05/15 11:06:05 - 01_carga_nomina_raw - Dispatching started for transformation [01_carga_nomina_raw]","logger":"task.stdout"}
{"timestamp":"2026-05-15T14:06:05.926513Z","level":"error","event":"2026/05/15 11:06:05 - Table output 3.0 - ERROR (version 9.4.0.0-343, build 0.0 from 2022-11-08 07.50.27 by buildguy) : An error occurred intialising this step:","logger":"task.stderr"}
{"timestamp":"2026-05-15T14:06:05.926863Z","level":"error","event":"2026/05/15 11:06:05 - Table output 3.0 - Error occurred while trying to connect to the database","logger":"task.stderr"}
{"timestamp":"2026-05-15T14:06:05.926983Z","level":"error","event":"2026/05/15 11:06:05 - Table output 3.0 -","logger":"task.stderr"}
{"timestamp":"2026-05-15T14:06:05.927060Z","level":"error","event":"2026/05/15 11:06:05 - Table output 3.0 - Connection failed. Verify all connection parameters and confirm that the appropriate driver is installed.","logger":"task.stderr"}
{"timestamp":"2026-05-15T14:06:05.927171Z","level":"error","event":"2026/05/15 11:06:05 - Table output 3.0 - Connection to localhost:5432 refused. Check that the hostname and port are correct and that the postmaster is accepting TCP/IP connections.","logger":"task.stderr"}
{"timestamp":"2026-05-15T14:06:05.927507Z","level":"error","event":"2026/05/15 11:06:05 - Table output 2.0 - ERROR (version 9.4.0.0-343, build 0.0 from 2022-11-08 07.50.27 by buildguy) : An error occurred intialising this step:","logger":"task.stderr"}
{"timestamp":"2026-05-15T14:06:05.927603Z","level":"error","event":"2026/05/15 11:06:05 - Table output 2.0 - Error occurred while trying to connect to the database","logger":"task.stderr"}
{"timestamp":"2026-05-15T14:06:05.927805Z","level":"error","event":"2026/05/15 11:06:05 - Table output 2.0 -","logger":"task.stderr"}
{"timestamp":"2026-05-15T14:06:05.927949Z","level":"error","event":"2026/05/15 11:06:05 - Table output 2.0 - Connection failed. Verify all connection parameters and confirm that the appropriate driver is installed.","logger":"task.stderr"}
{"timestamp":"2026-05-15T14:06:05.928040Z","level":"error","event":"2026/05/15 11:06:05 - Table output 2.0 - Connection to localhost:5432 refused. Check that the hostname and port are correct and that the postmaster is accepting TCP/IP connections.","logger":"task.stderr"}
{"timestamp":"2026-05-15T14:06:05.928148Z","level":"error","event":"2026/05/15 11:06:05 - Table output.0 - ERROR (version 9.4.0.0-343, build 0.0 from 2022-11-08 07.50.27 by buildguy) : An error occurred intialising this step:","logger":"task.stderr"}
{"timestamp":"2026-05-15T14:06:05.928228Z","level":"error","event":"2026/05/15 11:06:05 - Table output.0 - Error occurred while trying to connect to the database","logger":"task.stderr"}
{"timestamp":"2026-05-15T14:06:05.928296Z","level":"error","event":"2026/05/15 11:06:05 - Table output.0 -","logger":"task.stderr"}
{"timestamp":"2026-05-15T14:06:05.928360Z","level":"error","event":"2026/05/15 11:06:05 - Table output.0 - Connection failed. Verify all connection parameters and confirm that the appropriate driver is installed.","logger":"task.stderr"}
{"timestamp":"2026-05-15T14:06:05.928459Z","level":"error","event":"2026/05/15 11:06:05 - Table output.0 - Connection to localhost:5432 refused. Check that the hostname and port are correct and that the postmaster is accepting TCP/IP connections.","logger":"task.stderr"}
{"timestamp":"2026-05-15T14:06:05.929484Z","level":"error","event":"2026/05/15 11:06:05 - Table output 2.0 - ERROR (version 9.4.0.0-343, build 0.0 from 2022-11-08 07.50.27 by buildguy) : Error initializing step [Table output 2]","logger":"task.stderr"}
{"timestamp":"2026-05-15T14:06:05.929804Z","level":"error","event":"2026/05/15 11:06:05 - Table output 3.0 - ERROR (version 9.4.0.0-343, build 0.0 from 2022-11-08 07.50.27 by buildguy) : Error initializing step [Table output 3]","logger":"task.stderr"}
{"timestamp":"2026-05-15T14:06:05.930008Z","level":"error","event":"2026/05/15 11:06:05 - Table output.0 - ERROR (version 9.4.0.0-343, build 0.0 from 2022-11-08 07.50.27 by buildguy) : Error initializing step [Table output]","logger":"task.stderr"}
{"timestamp":"2026-05-15T14:06:05.930866Z","level":"error","event":"2026/05/15 11:06:05 - 01_carga_nomina_raw - ERROR (version 9.4.0.0-343, build 0.0 from 2022-11-08 07.50.27 by buildguy) : Step [Table output.0] failed to initialize!","logger":"task.stderr"}
{"timestamp":"2026-05-15T14:06:05.931385Z","level":"error","event":"2026/05/15 11:06:05 - 01_carga_nomina_raw - ERROR (version 9.4.0.0-343, build 0.0 from 2022-11-08 07.50.27 by buildguy) : Step [Table output 2.0] failed to initialize!","logger":"task.stderr"}
{"timestamp":"2026-05-15T14:06:05.931703Z","level":"error","event":"2026/05/15 11:06:05 - 01_carga_nomina_raw - ERROR (version 9.4.0.0-343, build 0.0 from 2022-11-08 07.50.27 by buildguy) : Step [Table output 3.0] failed to initialize!","logger":"task.stderr"}
{"timestamp":"2026-05-15T14:06:05.932530Z","level":"error","event":"2026/05/15 11:06:05 - Table output.0 - ERROR (version 9.4.0.0-343, build 0.0 from 2022-11-08 07.50.27 by buildguy) : Unexpected error rolling back the database connection.","logger":"task.stderr"}
{"timestamp":"2026-05-15T14:06:05.933912Z","level":"error","event":"2026/05/15 11:06:05 - Table output.0 - ERROR (version 9.4.0.0-343, build 0.0 from 2022-11-08 07.50.27 by buildguy) : org.pentaho.di.core.exception.KettleDatabaseException:","logger":"task.stderr"}
{"timestamp":"2026-05-15T14:06:05.934246Z","level":"error","event":"2026/05/15 11:06:05 - Table output.0 - Unable to get database metadata from this database connection","logger":"task.stderr"}
{"timestamp":"2026-05-15T14:06:05.934374Z","level":"error","event":"2026/05/15 11:06:05 - Table output.0 -","logger":"task.stderr"}
{"timestamp":"2026-05-15T14:06:05.934465Z","level":"error","event":"2026/05/15 11:06:05 - Table output.0 - Error connecting to database [proyecto_bigdata]","logger":"task.stderr"}
{"timestamp":"2026-05-15T14:06:05.934611Z","level":"error","event":"2026/05/15 11:06:05 - Table output.0 -","logger":"task.stderr"}
{"timestamp":"2026-05-15T14:06:05.934717Z","level":"error","event":"2026/05/15 11:06:05 - Table output.0 -","logger":"task.stderr"}
{"timestamp":"2026-05-15T14:06:05.934825Z","level":"error","event":"2026/05/15 11:06:05 - Table output.0 - \tat org.pentaho.di.core.database.Database.getDatabaseMetaData(Database.java:3121)","logger":"task.stderr"}
{"timestamp":"2026-05-15T14:06:05.934902Z","level":"error","event":"2026/05/15 11:06:05 - Table output.0 - \tat org.pentaho.di.core.database.Database.rollback(Database.java:912)","logger":"task.stderr"}
{"timestamp":"2026-05-15T14:06:05.934991Z","level":"error","event":"2026/05/15 11:06:05 - Table output.0 - \tat org.pentaho.di.core.database.Database.rollback(Database.java:904)","logger":"task.stderr"}
{"timestamp":"2026-05-15T14:06:05.935095Z","level":"error","event":"2026/05/15 11:06:05 - Table output.0 - \tat org.pentaho.di.trans.steps.tableoutput.TableOutput.dispose(TableOutput.java:625)","logger":"task.stderr"}
{"timestamp":"2026-05-15T14:06:05.935198Z","level":"error","event":"2026/05/15 11:06:05 - Table output.0 - \tat org.pentaho.di.trans.Trans.prepareExecution(Trans.java:1272)","logger":"task.stderr"}
{"timestamp":"2026-05-15T14:06:05.935297Z","level":"error","event":"2026/05/15 11:06:05 - Table output.0 - \tat org.pentaho.di.pan.PanCommandExecutor.execute(PanCommandExecutor.java:200)","logger":"task.stderr"}
{"timestamp":"2026-05-15T14:06:05.935399Z","level":"error","event":"2026/05/15 11:06:05 - Table output.0 - \tat org.pentaho.di.pan.Pan.main(Pan.java:274)","logger":"task.stderr"}
{"timestamp":"2026-05-15T14:06:05.935530Z","level":"error","event":"2026/05/15 11:06:05 - Table output.0 - \tat java.base/jdk.internal.reflect.NativeMethodAccessorImpl.invoke0(Native Method)","logger":"task.stderr"}
{"timestamp":"2026-05-15T14:06:05.935665Z","level":"error","event":"2026/05/15 11:06:05 - Table output.0 - \tat java.base/jdk.internal.reflect.NativeMethodAccessorImpl.invoke(NativeMethodAccessorImpl.java:62)","logger":"task.stderr"}
{"timestamp":"2026-05-15T14:06:05.935770Z","level":"error","event":"2026/05/15 11:06:05 - Table output.0 - \tat java.base/jdk.internal.reflect.DelegatingMethodAccessorImpl.invoke(DelegatingMethodAccessorImpl.java:43)","logger":"task.stderr"}
{"timestamp":"2026-05-15T14:06:05.935872Z","level":"error","event":"2026/05/15 11:06:05 - Table output.0 - \tat java.base/java.lang.reflect.Method.invoke(Method.java:566)","logger":"task.stderr"}
{"timestamp":"2026-05-15T14:06:05.935966Z","level":"error","event":"2026/05/15 11:06:05 - Table output.0 - \tat org.pentaho.commons.launcher.Launcher.main(Launcher.java:92)","logger":"task.stderr"}
{"timestamp":"2026-05-15T14:06:05.936057Z","level":"error","event":"2026/05/15 11:06:05 - Table output.0 - Caused by: org.pentaho.di.core.exception.KettleDatabaseException:","logger":"task.stderr"}
{"timestamp":"2026-05-15T14:06:05.936145Z","level":"error","event":"2026/05/15 11:06:05 - Table output.0 - Error connecting to database [proyecto_bigdata]","logger":"task.stderr"}
{"timestamp":"2026-05-15T14:06:05.936234Z","level":"error","event":"2026/05/15 11:06:05 - Table output.0 -","logger":"task.stderr"}
{"timestamp":"2026-05-15T14:06:05.936326Z","level":"error","event":"2026/05/15 11:06:05 - Table output.0 - \tat org.pentaho.di.core.database.Database.getDatabaseMetaData(Database.java:3115)","logger":"task.stderr"}
{"timestamp":"2026-05-15T14:06:05.936413Z","level":"error","event":"2026/05/15 11:06:05 - Table output.0 - \t... 11 more","logger":"task.stderr"}
{"timestamp":"2026-05-15T14:06:05.936661Z","level":"error","event":"2026/05/15 11:06:05 - Table output 2.0 - ERROR (version 9.4.0.0-343, build 0.0 from 2022-11-08 07.50.27 by buildguy) : Unexpected error rolling back the database connection.","logger":"task.stderr"}
{"timestamp":"2026-05-15T14:06:05.936765Z","level":"error","event":"2026/05/15 11:06:05 - Table output 2.0 - ERROR (version 9.4.0.0-343, build 0.0 from 2022-11-08 07.50.27 by buildguy) : org.pentaho.di.core.exception.KettleDatabaseException:","logger":"task.stderr"}
{"timestamp":"2026-05-15T14:06:05.936891Z","level":"error","event":"2026/05/15 11:06:05 - Table output 2.0 - Unable to get database metadata from this database connection","logger":"task.stderr"}
{"timestamp":"2026-05-15T14:06:05.936998Z","level":"error","event":"2026/05/15 11:06:05 - Table output 2.0 -","logger":"task.stderr"}
{"timestamp":"2026-05-15T14:06:05.937102Z","level":"error","event":"2026/05/15 11:06:05 - Table output 2.0 - Error connecting to database [proyecto_bigdata]","logger":"task.stderr"}
{"timestamp":"2026-05-15T14:06:05.937167Z","level":"error","event":"2026/05/15 11:06:05 - Table output 2.0 -","logger":"task.stderr"}
{"timestamp":"2026-05-15T14:06:05.937249Z","level":"error","event":"2026/05/15 11:06:05 - Table output 2.0 -","logger":"task.stderr"}
{"timestamp":"2026-05-15T14:06:05.937352Z","level":"error","event":"2026/05/15 11:06:05 - Table output 2.0 - \tat org.pentaho.di.core.database.Database.getDatabaseMetaData(Database.java:3121)","logger":"task.stderr"}
{"timestamp":"2026-05-15T14:06:05.937455Z","level":"error","event":"2026/05/15 11:06:05 - Table output 2.0 - \tat org.pentaho.di.core.database.Database.rollback(Database.java:912)","logger":"task.stderr"}
{"timestamp":"2026-05-15T14:06:05.937553Z","level":"error","event":"2026/05/15 11:06:05 - Table output 2.0 - \tat org.pentaho.di.core.database.Database.rollback(Database.java:904)","logger":"task.stderr"}
{"timestamp":"2026-05-15T14:06:05.937645Z","level":"error","event":"2026/05/15 11:06:05 - Table output 2.0 - \tat org.pentaho.di.trans.steps.tableoutput.TableOutput.dispose(TableOutput.java:625)","logger":"task.stderr"}
{"timestamp":"2026-05-15T14:06:05.937750Z","level":"error","event":"2026/05/15 11:06:05 - Table output 2.0 - \tat org.pentaho.di.trans.Trans.prepareExecution(Trans.java:1272)","logger":"task.stderr"}
{"timestamp":"2026-05-15T14:06:05.937816Z","level":"error","event":"2026/05/15 11:06:05 - Table output 2.0 - \tat org.pentaho.di.pan.PanCommandExecutor.execute(PanCommandExecutor.java:200)","logger":"task.stderr"}
{"timestamp":"2026-05-15T14:06:05.937913Z","level":"error","event":"2026/05/15 11:06:05 - Table output 2.0 - \tat org.pentaho.di.pan.Pan.main(Pan.java:274)","logger":"task.stderr"}
{"timestamp":"2026-05-15T14:06:05.938033Z","level":"error","event":"2026/05/15 11:06:05 - Table output 2.0 - \tat java.base/jdk.internal.reflect.NativeMethodAccessorImpl.invoke0(Native Method)","logger":"task.stderr"}
{"timestamp":"2026-05-15T14:06:05.938156Z","level":"error","event":"2026/05/15 11:06:05 - Table output 2.0 - \tat java.base/jdk.internal.reflect.NativeMethodAccessorImpl.invoke(NativeMethodAccessorImpl.java:62)","logger":"task.stderr"}
{"timestamp":"2026-05-15T14:06:05.938314Z","level":"error","event":"2026/05/15 11:06:05 - Table output 2.0 - \tat java.base/jdk.internal.reflect.DelegatingMethodAccessorImpl.invoke(DelegatingMethodAccessorImpl.java:43)","logger":"task.stderr"}
{"timestamp":"2026-05-15T14:06:05.938426Z","level":"error","event":"2026/05/15 11:06:05 - Table output 2.0 - \tat java.base/java.lang.reflect.Method.invoke(Method.java:566)","logger":"task.stderr"}
{"timestamp":"2026-05-15T14:06:05.938519Z","level":"error","event":"2026/05/15 11:06:05 - Table output 2.0 - \tat org.pentaho.commons.launcher.Launcher.main(Launcher.java:92)","logger":"task.stderr"}
{"timestamp":"2026-05-15T14:06:05.938607Z","level":"error","event":"2026/05/15 11:06:05 - Table output 2.0 - Caused by: org.pentaho.di.core.exception.KettleDatabaseException:","logger":"task.stderr"}
{"timestamp":"2026-05-15T14:06:05.938696Z","level":"error","event":"2026/05/15 11:06:05 - Table output 2.0 - Error connecting to database [proyecto_bigdata]","logger":"task.stderr"}
{"timestamp":"2026-05-15T14:06:05.938786Z","level":"error","event":"2026/05/15 11:06:05 - Table output 2.0 -","logger":"task.stderr"}
{"timestamp":"2026-05-15T14:06:05.938876Z","level":"error","event":"2026/05/15 11:06:05 - Table output 2.0 - \tat org.pentaho.di.core.database.Database.getDatabaseMetaData(Database.java:3115)","logger":"task.stderr"}
{"timestamp":"2026-05-15T14:06:05.938979Z","level":"error","event":"2026/05/15 11:06:05 - Table output 2.0 - \t... 11 more","logger":"task.stderr"}
{"timestamp":"2026-05-15T14:06:05.939225Z","level":"error","event":"2026/05/15 11:06:05 - Table output 3.0 - ERROR (version 9.4.0.0-343, build 0.0 from 2022-11-08 07.50.27 by buildguy) : Unexpected error rolling back the database connection.","logger":"task.stderr"}
{"timestamp":"2026-05-15T14:06:05.939327Z","level":"error","event":"2026/05/15 11:06:05 - Table output 3.0 - ERROR (version 9.4.0.0-343, build 0.0 from 2022-11-08 07.50.27 by buildguy) : org.pentaho.di.core.exception.KettleDatabaseException:","logger":"task.stderr"}
{"timestamp":"2026-05-15T14:06:05.939398Z","level":"error","event":"2026/05/15 11:06:05 - Table output 3.0 - Unable to get database metadata from this database connection","logger":"task.stderr"}
{"timestamp":"2026-05-15T14:06:05.939480Z","level":"error","event":"2026/05/15 11:06:05 - Table output 3.0 -","logger":"task.stderr"}
{"timestamp":"2026-05-15T14:06:05.939575Z","level":"error","event":"2026/05/15 11:06:05 - Table output 3.0 - Error connecting to database [proyecto_bigdata]","logger":"task.stderr"}
{"timestamp":"2026-05-15T14:06:05.939671Z","level":"error","event":"2026/05/15 11:06:05 - Table output 3.0 -","logger":"task.stderr"}
{"timestamp":"2026-05-15T14:06:05.939768Z","level":"error","event":"2026/05/15 11:06:05 - Table output 3.0 -","logger":"task.stderr"}
{"timestamp":"2026-05-15T14:06:05.939856Z","level":"error","event":"2026/05/15 11:06:05 - Table output 3.0 - \tat org.pentaho.di.core.database.Database.getDatabaseMetaData(Database.java:3121)","logger":"task.stderr"}
{"timestamp":"2026-05-15T14:06:05.939946Z","level":"error","event":"2026/05/15 11:06:05 - Table output 3.0 - \tat org.pentaho.di.core.database.Database.rollback(Database.java:912)","logger":"task.stderr"}
{"timestamp":"2026-05-15T14:06:05.940036Z","level":"error","event":"2026/05/15 11:06:05 - Table output 3.0 - \tat org.pentaho.di.core.database.Database.rollback(Database.java:904)","logger":"task.stderr"}
{"timestamp":"2026-05-15T14:06:05.940130Z","level":"error","event":"2026/05/15 11:06:05 - Table output 3.0 - \tat org.pentaho.di.trans.steps.tableoutput.TableOutput.dispose(TableOutput.java:625)","logger":"task.stderr"}
{"timestamp":"2026-05-15T14:06:05.940224Z","level":"error","event":"2026/05/15 11:06:05 - Table output 3.0 - \tat org.pentaho.di.trans.Trans.prepareExecution(Trans.java:1272)","logger":"task.stderr"}
{"timestamp":"2026-05-15T14:06:05.940313Z","level":"error","event":"2026/05/15 11:06:05 - Table output 3.0 - \tat org.pentaho.di.pan.PanCommandExecutor.execute(PanCommandExecutor.java:200)","logger":"task.stderr"}
{"timestamp":"2026-05-15T14:06:05.940403Z","level":"error","event":"2026/05/15 11:06:05 - Table output 3.0 - \tat org.pentaho.di.pan.Pan.main(Pan.java:274)","logger":"task.stderr"}
{"timestamp":"2026-05-15T14:06:05.940504Z","level":"error","event":"2026/05/15 11:06:05 - Table output 3.0 - \tat java.base/jdk.internal.reflect.NativeMethodAccessorImpl.invoke0(Native Method)","logger":"task.stderr"}
{"timestamp":"2026-05-15T14:06:05.940620Z","level":"error","event":"2026/05/15 11:06:05 - Table output 3.0 - \tat java.base/jdk.internal.reflect.NativeMethodAccessorImpl.invoke(NativeMethodAccessorImpl.java:62)","logger":"task.stderr"}
{"timestamp":"2026-05-15T14:06:05.940747Z","level":"error","event":"2026/05/15 11:06:05 - Table output 3.0 - \tat java.base/jdk.internal.reflect.DelegatingMethodAccessorImpl.invoke(DelegatingMethodAccessorImpl.java:43)","logger":"task.stderr"}
{"timestamp":"2026-05-15T14:06:05.940893Z","level":"error","event":"2026/05/15 11:06:05 - Table output 3.0 - \tat java.base/java.lang.reflect.Method.invoke(Method.java:566)","logger":"task.stderr"}
{"timestamp":"2026-05-15T14:06:05.941024Z","level":"error","event":"2026/05/15 11:06:05 - Table output 3.0 - \tat org.pentaho.commons.launcher.Launcher.main(Launcher.java:92)","logger":"task.stderr"}
{"timestamp":"2026-05-15T14:06:05.941168Z","level":"error","event":"2026/05/15 11:06:05 - Table output 3.0 - Caused by: org.pentaho.di.core.exception.KettleDatabaseException:","logger":"task.stderr"}
{"timestamp":"2026-05-15T14:06:05.941291Z","level":"error","event":"2026/05/15 11:06:05 - Table output 3.0 - Error connecting to database [proyecto_bigdata]","logger":"task.stderr"}
{"timestamp":"2026-05-15T14:06:05.941411Z","level":"error","event":"2026/05/15 11:06:05 - Table output 3.0 -","logger":"task.stderr"}
{"timestamp":"2026-05-15T14:06:05.941533Z","level":"error","event":"2026/05/15 11:06:05 - Table output 3.0 - \tat org.pentaho.di.core.database.Database.getDatabaseMetaData(Database.java:3115)","logger":"task.stderr"}
{"timestamp":"2026-05-15T14:06:05.941648Z","level":"error","event":"2026/05/15 11:06:05 - Table output 3.0 - \t... 11 more","logger":"task.stderr"}
{"timestamp":"2026-05-15T14:06:05.941940Z","level":"info","event":"Unable to prepare and initialize this transformation","logger":"task.stdout"}
{"timestamp":"2026-05-15T14:06:06.005492Z","level":"error","event":"Task failed with exception","logger":"task","filename":"task_runner.py","lineno":1186,"error_detail":[{"exc_type":"CalledProcessError","exc_value":"Command '['/opt/pentaho/client-tools/data-integration/pan.sh', '-file=/opt/repo/proyecto-bigdata/etl/pentaho/transformations/01_carga_nomina_raw.ktr']' returned non-zero exit status 3.","exc_notes":[],"syntax_error":null,"is_cause":false,"frames":[{"filename":"/opt/repo/proyecto-bigdata/venv/lib/python3.10/site-packages/airflow/sdk/execution_time/task_runner.py","lineno":1112,"name":"run"},{"filename":"/opt/repo/proyecto-bigdata/venv/lib/python3.10/site-packages/airflow/sdk/execution_time/task_runner.py","lineno":1528,"name":"_execute_task"},{"filename":"/opt/repo/proyecto-bigdata/venv/lib/python3.10/site-packages/airflow/sdk/bases/operator.py","lineno":417,"name":"wrapper"},{"filename":"/opt/repo/proyecto-bigdata/venv/lib/python3.10/site-packages/airflow/sdk/bases/decorator.py","lineno":252,"name":"execute"},{"filename":"/opt/repo/proyecto-bigdata/venv/lib/python3.10/site-packages/airflow/sdk/bases/operator.py","lineno":417,"name":"wrapper"},{"filename":"/opt/repo/proyecto-bigdata/venv/lib/python3.10/site-packages/airflow/providers/standard/operators/python.py","lineno":231,"name":"execute"},{"filename":"/opt/repo/proyecto-bigdata/venv/lib/python3.10/site-packages/airflow/providers/standard/operators/python.py","lineno":254,"name":"execute_callable"},{"filename":"/opt/repo/proyecto-bigdata/venv/lib/python3.10/site-packages/airflow/sdk/execution_time/callback_runner.py","lineno":82,"name":"run"},{"filename":"/opt/repo/proyecto-bigdata/orchestration/airflow/dags/dag_nomina_pipeline.py","lineno":17,"name":"ejecutar_pentaho_etl"},{"filename":"/usr/lib/python3.10/subprocess.py","lineno":526,"name":"run"}],"is_group":false,"exceptions":[]}]}
{"timestamp":"2026-05-15T14:06:06.011413Z","level":"info","event":"Task instance in failure state","logger":"task.stdout"}
{"timestamp":"2026-05-15T14:06:06.013679Z","level":"info","event":"Task start","logger":"task.stdout"}
{"timestamp":"2026-05-15T14:06:06.013879Z","level":"info","event":"Task:<Task(_PythonDecoratedOperator): ejecutar_pentaho_etl>","logger":"task.stdout"}
{"timestamp":"2026-05-15T14:06:06.014211Z","level":"info","event":"Failure caused by Command '['/opt/pentaho/client-tools/data-integration/pan.sh', '-file=/opt/repo/proyecto-bigdata/etl/pentaho/transformations/01_carga_nomina_raw.ktr']' returned non-zero exit status 3.","logger":"task.stdout"}
