{"timestamp":"2026-05-15T21:13:26.352659Z","level":"info","event":"DAG bundles loaded: dags-folder, example_dags","logger":"airflow.dag_processing.bundles.manager.DagBundlesManager","filename":"manager.py","lineno":179}
{"timestamp":"2026-05-15T21:13:26.354659Z","level":"info","event":"Filling up the DagBag from /opt/repo/proyecto-bigdata/orchestration/airflow/dags/dag_nomina_pipeline.py","logger":"airflow.models.dagbag.BundleDagBag","filename":"dagbag.py","lineno":593}
{"timestamp":"2026-05-15T21:13:26.383759Z","level":"info","event":"Stats instance was created in PID 1559 but accessed in PID 2136. Re-initializing.","logger":"airflow.stats","filename":"stats.py","lineno":57}
{"timestamp":"2026-05-15T21:13:26.416706Z","level":"info","event":"Task instance is in running state","logger":"task.stdout"}
{"timestamp":"2026-05-15T21:13:26.416871Z","level":"info","event":" Previous state of the Task instance: TaskInstanceState.QUEUED","logger":"task.stdout"}
{"timestamp":"2026-05-15T21:13:26.417133Z","level":"info","event":"Current task name:ejecutar_pentaho_etl","logger":"task.stdout"}
{"timestamp":"2026-05-15T21:13:26.417282Z","level":"info","event":"Dag name:pipeline_nomina_funcionarios","logger":"task.stdout"}
{"timestamp":"2026-05-15T21:13:26.466716Z","level":"info","event":"#######################################################################","logger":"task.stdout"}
{"timestamp":"2026-05-15T21:13:26.466912Z","level":"info","event":"WARNING:  no libwebkitgtk-1.0 detected, some features will be unavailable","logger":"task.stdout"}
{"timestamp":"2026-05-15T21:13:26.466994Z","level":"info","event":"    Consider installing the package with apt-get or yum.","logger":"task.stdout"}
{"timestamp":"2026-05-15T21:13:26.467056Z","level":"info","event":"    e.g. 'sudo apt-get install libwebkitgtk-1.0-0'","logger":"task.stdout"}
{"timestamp":"2026-05-15T21:13:26.467115Z","level":"info","event":"#######################################################################","logger":"task.stdout"}
{"timestamp":"2026-05-15T21:13:26.639038Z","level":"error","event":"OpenJDK 64-Bit Server VM warning: Ignoring option MaxPermSize; support was removed in 8.0","logger":"task.stderr"}
{"timestamp":"2026-05-15T21:13:32.642815Z","level":"info","event":"2026/05/15 18:13:32 - Pan - Start of run.","logger":"task.stdout"}
{"timestamp":"2026-05-15T21:13:32.947454Z","level":"info","event":"2026/05/15 18:13:32 - 01_carga_nomina_raw - Dispatching started for transformation [01_carga_nomina_raw]","logger":"task.stdout"}
{"timestamp":"2026-05-15T21:13:33.545275Z","level":"info","event":"2026/05/15 18:13:33 - Table output.0 - Connected to database [nomina_funcionarios] (commit=1000)","logger":"task.stdout"}
{"timestamp":"2026-05-15T21:13:33.545794Z","level":"info","event":"2026/05/15 18:13:33 - Table output 3.0 - Connected to database [nomina_funcionarios] (commit=1000)","logger":"task.stdout"}
{"timestamp":"2026-05-15T21:13:33.545975Z","level":"info","event":"2026/05/15 18:13:33 - Table output 2.0 - Connected to database [nomina_funcionarios] (commit=1000)","logger":"task.stdout"}
{"timestamp":"2026-05-15T21:13:33.613521Z","level":"info","event":"2026/05/15 18:13:33 - CSV file input 3.0 - Header row skipped in file '/opt/repo/proyecto-bigdata/data/raw/nomina/nomina_2026-03.csv'","logger":"task.stdout"}
{"timestamp":"2026-05-15T21:13:33.614445Z","level":"info","event":"2026/05/15 18:13:33 - CSV file input.0 - Header row skipped in file '/opt/repo/proyecto-bigdata/data/raw/nomina/nomina_2026-01.csv'","logger":"task.stdout"}
{"timestamp":"2026-05-15T21:13:33.622338Z","level":"info","event":"2026/05/15 18:13:33 - CSV file input 2.0 - Header row skipped in file '/opt/repo/proyecto-bigdata/data/raw/nomina/nomina_2026-02.csv'","logger":"task.stdout"}
{"timestamp":"2026-05-15T21:13:37.356373Z","level":"info","event":"2026/05/15 18:13:37 - CSV file input.0 - Line number : 50000","logger":"task.stdout"}
{"timestamp":"2026-05-15T21:13:37.500389Z","level":"info","event":"2026/05/15 18:13:37 - CSV file input 3.0 - Line number : 50000","logger":"task.stdout"}
{"timestamp":"2026-05-15T21:13:38.379037Z","level":"info","event":"2026/05/15 18:13:38 - CSV file input 2.0 - Line number : 50000","logger":"task.stdout"}
{"timestamp":"2026-05-15T21:13:39.456765Z","level":"info","event":"2026/05/15 18:13:39 - Select values.0 - linenr 50000","logger":"task.stdout"}
{"timestamp":"2026-05-15T21:13:39.535567Z","level":"info","event":"2026/05/15 18:13:39 - Select values 3.0 - linenr 50000","logger":"task.stdout"}
{"timestamp":"2026-05-15T21:13:40.392076Z","level":"info","event":"2026/05/15 18:13:40 - Select values 2.0 - linenr 50000","logger":"task.stdout"}
{"timestamp":"2026-05-15T21:13:40.744633Z","level":"info","event":"2026/05/15 18:13:40 - Filter rows 3.0 - linenr 50000","logger":"task.stdout"}
{"timestamp":"2026-05-15T21:13:40.907463Z","level":"info","event":"2026/05/15 18:13:40 - Filter rows.0 - linenr 50000","logger":"task.stdout"}
{"timestamp":"2026-05-15T21:13:41.944546Z","level":"info","event":"2026/05/15 18:13:41 - Filter rows 2.0 - linenr 50000","logger":"task.stdout"}
{"timestamp":"2026-05-15T21:13:43.536672Z","level":"info","event":"2026/05/15 18:13:43 - Table output 3.0 - linenr 50000","logger":"task.stdout"}
{"timestamp":"2026-05-15T21:13:43.872031Z","level":"info","event":"2026/05/15 18:13:43 - Table output.0 - linenr 50000","logger":"task.stdout"}
{"timestamp":"2026-05-15T21:13:44.838247Z","level":"info","event":"2026/05/15 18:13:44 - CSV file input.0 - Line number : 100000","logger":"task.stdout"}
{"timestamp":"2026-05-15T21:13:44.971285Z","level":"info","event":"2026/05/15 18:13:44 - CSV file input 3.0 - Line number : 100000","logger":"task.stdout"}
{"timestamp":"2026-05-15T21:13:45.595937Z","level":"info","event":"2026/05/15 18:13:45 - Table output 2.0 - linenr 50000","logger":"task.stdout"}
{"timestamp":"2026-05-15T21:13:46.117986Z","level":"info","event":"2026/05/15 18:13:46 - Select values.0 - linenr 100000","logger":"task.stdout"}
{"timestamp":"2026-05-15T21:13:46.264013Z","level":"info","event":"2026/05/15 18:13:46 - Select values 3.0 - linenr 100000","logger":"task.stdout"}
{"timestamp":"2026-05-15T21:13:47.644706Z","level":"info","event":"2026/05/15 18:13:47 - CSV file input 2.0 - Line number : 100000","logger":"task.stdout"}
{"timestamp":"2026-05-15T21:13:47.803841Z","level":"info","event":"2026/05/15 18:13:47 - Filter rows.0 - linenr 100000","logger":"task.stdout"}
{"timestamp":"2026-05-15T21:13:48.048449Z","level":"info","event":"2026/05/15 18:13:48 - Filter rows 3.0 - linenr 100000","logger":"task.stdout"}
{"timestamp":"2026-05-15T21:13:49.079571Z","level":"info","event":"2026/05/15 18:13:49 - Select values 2.0 - linenr 100000","logger":"task.stdout"}
{"timestamp":"2026-05-15T21:13:50.377283Z","level":"info","event":"2026/05/15 18:13:50 - Table output.0 - linenr 100000","logger":"task.stdout"}
{"timestamp":"2026-05-15T21:13:50.538997Z","level":"info","event":"2026/05/15 18:13:50 - Table output 3.0 - linenr 100000","logger":"task.stdout"}
{"timestamp":"2026-05-15T21:13:50.852835Z","level":"info","event":"2026/05/15 18:13:50 - Filter rows 2.0 - linenr 100000","logger":"task.stdout"}
{"timestamp":"2026-05-15T21:13:51.681992Z","level":"info","event":"2026/05/15 18:13:51 - CSV file input.0 - Line number : 150000","logger":"task.stdout"}
{"timestamp":"2026-05-15T21:13:51.783560Z","level":"info","event":"2026/05/15 18:13:51 - CSV file input 3.0 - Line number : 150000","logger":"task.stdout"}
{"timestamp":"2026-05-15T21:13:52.846995Z","level":"info","event":"2026/05/15 18:13:52 - Select values.0 - linenr 150000","logger":"task.stdout"}
{"timestamp":"2026-05-15T21:13:52.950976Z","level":"info","event":"2026/05/15 18:13:52 - Select values 3.0 - linenr 150000","logger":"task.stdout"}
{"timestamp":"2026-05-15T21:13:53.563293Z","level":"info","event":"2026/05/15 18:13:53 - Table output 2.0 - linenr 100000","logger":"task.stdout"}
{"timestamp":"2026-05-15T21:13:54.123284Z","level":"info","event":"2026/05/15 18:13:54 - Filter rows.0 - linenr 150000","logger":"task.stdout"}
{"timestamp":"2026-05-15T21:13:54.449998Z","level":"info","event":"2026/05/15 18:13:54 - Filter rows 3.0 - linenr 150000","logger":"task.stdout"}
{"timestamp":"2026-05-15T21:13:55.912479Z","level":"info","event":"2026/05/15 18:13:55 - CSV file input 2.0 - Line number : 150000","logger":"task.stdout"}
{"timestamp":"2026-05-15T21:13:57.178026Z","level":"info","event":"2026/05/15 18:13:57 - Table output.0 - linenr 150000","logger":"task.stdout"}
{"timestamp":"2026-05-15T21:13:57.736068Z","level":"info","event":"2026/05/15 18:13:57 - Table output 3.0 - linenr 150000","logger":"task.stdout"}
{"timestamp":"2026-05-15T21:13:58.862679Z","level":"info","event":"2026/05/15 18:13:58 - CSV file input.0 - Line number : 200000","logger":"task.stdout"}
{"timestamp":"2026-05-15T21:13:59.221820Z","level":"info","event":"2026/05/15 18:13:59 - Select values 2.0 - linenr 150000","logger":"task.stdout"}
{"timestamp":"2026-05-15T21:13:59.282321Z","level":"info","event":"2026/05/15 18:13:59 - CSV file input 3.0 - Line number : 200000","logger":"task.stdout"}
{"timestamp":"2026-05-15T21:14:00.237242Z","level":"info","event":"2026/05/15 18:14:00 - Select values.0 - linenr 200000","logger":"task.stdout"}
{"timestamp":"2026-05-15T21:14:00.772787Z","level":"info","event":"2026/05/15 18:14:00 - Select values 3.0 - linenr 200000","logger":"task.stdout"}
{"timestamp":"2026-05-15T21:14:01.452676Z","level":"info","event":"2026/05/15 18:14:01 - Filter rows.0 - linenr 200000","logger":"task.stdout"}
{"timestamp":"2026-05-15T21:14:01.708964Z","level":"info","event":"2026/05/15 18:14:01 - Filter rows 3.0 - linenr 200000","logger":"task.stdout"}
{"timestamp":"2026-05-15T21:14:01.709411Z","level":"info","event":"2026/05/15 18:14:01 - Filter rows 2.0 - linenr 150000","logger":"task.stdout"}
{"timestamp":"2026-05-15T21:14:04.055086Z","level":"info","event":"2026/05/15 18:14:04 - Table output.0 - linenr 200000","logger":"task.stdout"}
{"timestamp":"2026-05-15T21:14:04.473975Z","level":"info","event":"2026/05/15 18:14:04 - Table output 3.0 - linenr 200000","logger":"task.stdout"}
{"timestamp":"2026-05-15T21:14:05.460906Z","level":"info","event":"2026/05/15 18:14:05 - CSV file input.0 - Line number : 250000","logger":"task.stdout"}
{"timestamp":"2026-05-15T21:14:05.940315Z","level":"info","event":"2026/05/15 18:14:05 - CSV file input 3.0 - Line number : 250000","logger":"task.stdout"}
{"timestamp":"2026-05-15T21:14:05.956491Z","level":"info","event":"2026/05/15 18:14:05 - Select values.0 - linenr 250000","logger":"task.stdout"}
{"timestamp":"2026-05-15T21:14:06.324367Z","level":"info","event":"2026/05/15 18:14:06 - Select values 3.0 - linenr 250000","logger":"task.stdout"}
{"timestamp":"2026-05-15T21:14:06.932277Z","level":"info","event":"2026/05/15 18:14:06 - Table output 2.0 - linenr 150000","logger":"task.stdout"}
{"timestamp":"2026-05-15T21:14:07.164300Z","level":"info","event":"2026/05/15 18:14:07 - Filter rows.0 - linenr 250000","logger":"task.stdout"}
{"timestamp":"2026-05-15T21:14:07.511301Z","level":"info","event":"2026/05/15 18:14:07 - Filter rows 3.0 - linenr 250000","logger":"task.stdout"}
{"timestamp":"2026-05-15T21:14:09.205381Z","level":"info","event":"2026/05/15 18:14:09 - Table output.0 - linenr 250000","logger":"task.stdout"}
{"timestamp":"2026-05-15T21:14:09.438623Z","level":"info","event":"2026/05/15 18:14:09 - CSV file input 2.0 - Line number : 200000","logger":"task.stdout"}
{"timestamp":"2026-05-15T21:14:09.521745Z","level":"info","event":"2026/05/15 18:14:09 - Table output 3.0 - linenr 250000","logger":"task.stdout"}
{"timestamp":"2026-05-15T21:14:10.315270Z","level":"info","event":"2026/05/15 18:14:10 - CSV file input.0 - Line number : 300000","logger":"task.stdout"}
{"timestamp":"2026-05-15T21:14:10.538071Z","level":"info","event":"2026/05/15 18:14:10 - CSV file input 3.0 - Line number : 300000","logger":"task.stdout"}
{"timestamp":"2026-05-15T21:14:11.284180Z","level":"info","event":"2026/05/15 18:14:11 - Select values.0 - linenr 300000","logger":"task.stdout"}
{"timestamp":"2026-05-15T21:14:11.751474Z","level":"info","event":"2026/05/15 18:14:11 - Select values 2.0 - linenr 200000","logger":"task.stdout"}
{"timestamp":"2026-05-15T21:14:11.770930Z","level":"info","event":"2026/05/15 18:14:11 - Select values 3.0 - linenr 300000","logger":"task.stdout"}
{"timestamp":"2026-05-15T21:14:12.198425Z","level":"info","event":"2026/05/15 18:14:12 - Filter rows.0 - linenr 300000","logger":"task.stdout"}
{"timestamp":"2026-05-15T21:14:13.527079Z","level":"info","event":"2026/05/15 18:14:13 - Filter rows 3.0 - linenr 300000","logger":"task.stdout"}
{"timestamp":"2026-05-15T21:14:13.716600Z","level":"info","event":"2026/05/15 18:14:13 - Filter rows 2.0 - linenr 200000","logger":"task.stdout"}
{"timestamp":"2026-05-15T21:14:13.954166Z","level":"info","event":"2026/05/15 18:14:13 - Table output.0 - linenr 300000","logger":"task.stdout"}
{"timestamp":"2026-05-15T21:14:14.860824Z","level":"info","event":"2026/05/15 18:14:14 - CSV file input.0 - Line number : 350000","logger":"task.stdout"}
{"timestamp":"2026-05-15T21:14:15.678870Z","level":"info","event":"2026/05/15 18:14:15 - Table output 3.0 - linenr 300000","logger":"task.stdout"}
{"timestamp":"2026-05-15T21:14:15.683309Z","level":"info","event":"2026/05/15 18:14:15 - Select values.0 - linenr 350000","logger":"task.stdout"}
{"timestamp":"2026-05-15T21:14:19.700026Z","level":"info","event":"2026/05/15 18:14:19 - Filter rows.0 - linenr 350000","logger":"task.stdout"}
{"timestamp":"2026-05-15T21:14:20.519039Z","level":"info","event":"2026/05/15 18:14:20 - CSV file input 3.0 - Line number : 350000","logger":"task.stdout"}
{"timestamp":"2026-05-15T21:14:21.762231Z","level":"info","event":"2026/05/15 18:14:21 - Table output 2.0 - linenr 200000","logger":"task.stdout"}
{"timestamp":"2026-05-15T21:14:26.021760Z","level":"info","event":"2026/05/15 18:14:26 - Select values 3.0 - linenr 350000","logger":"task.stdout"}
{"timestamp":"2026-05-15T21:14:28.100857Z","level":"info","event":"2026/05/15 18:14:27 - CSV file input 2.0 - Line number : 250000","logger":"task.stdout"}
{"timestamp":"2026-05-15T21:14:37.308322Z","level":"info","event":"2026/05/15 18:14:37 - Filter rows 3.0 - linenr 350000","logger":"task.stdout"}
{"timestamp":"2026-05-15T21:14:38.225635Z","level":"info","event":"2026/05/15 18:14:38 - Table output.0 - linenr 350000","logger":"task.stdout"}
{"timestamp":"2026-05-15T21:14:39.929306Z","level":"info","event":"2026/05/15 18:14:39 - Select values 2.0 - linenr 250000","logger":"task.stdout"}
{"timestamp":"2026-05-15T21:14:42.445497Z","level":"info","event":"2026/05/15 18:14:42 - CSV file input.0 - Line number : 400000","logger":"task.stdout"}
{"timestamp":"2026-05-15T21:14:42.747831Z","level":"info","event":"2026/05/15 18:14:42 - Filter rows 2.0 - linenr 250000","logger":"task.stdout"}
{"timestamp":"2026-05-15T21:14:43.799269Z","level":"info","event":"2026/05/15 18:14:43 - Select values.0 - linenr 400000","logger":"task.stdout"}
{"timestamp":"2026-05-15T21:14:44.652984Z","level":"info","event":"2026/05/15 18:14:44 - Table output 3.0 - linenr 350000","logger":"task.stdout"}
{"timestamp":"2026-05-15T21:14:44.983196Z","level":"info","event":"2026/05/15 18:14:44 - Table output 2.0 - linenr 250000","logger":"task.stdout"}
{"timestamp":"2026-05-15T21:14:45.460187Z","level":"info","event":"2026/05/15 18:14:45 - Filter rows.0 - linenr 400000","logger":"task.stdout"}
{"timestamp":"2026-05-15T21:14:45.719486Z","level":"info","event":"2026/05/15 18:14:45 - CSV file input 3.0 - Line number : 400000","logger":"task.stdout"}
{"timestamp":"2026-05-15T21:14:46.348588Z","level":"info","event":"2026/05/15 18:14:46 - CSV file input 2.0 - Line number : 300000","logger":"task.stdout"}
{"timestamp":"2026-05-15T21:14:47.207635Z","level":"info","event":"2026/05/15 18:14:47 - Select values 3.0 - linenr 400000","logger":"task.stdout"}
{"timestamp":"2026-05-15T21:14:47.365941Z","level":"info","event":"2026/05/15 18:14:47 - Select values 2.0 - linenr 300000","logger":"task.stdout"}
{"timestamp":"2026-05-15T21:14:47.719522Z","level":"info","event":"2026/05/15 18:14:47 - Table output.0 - linenr 400000","logger":"task.stdout"}
{"timestamp":"2026-05-15T21:14:48.511945Z","level":"info","event":"2026/05/15 18:14:48 - Filter rows 2.0 - linenr 300000","logger":"task.stdout"}
{"timestamp":"2026-05-15T21:14:48.750067Z","level":"info","event":"2026/05/15 18:14:48 - Filter rows 3.0 - linenr 400000","logger":"task.stdout"}
{"timestamp":"2026-05-15T21:14:49.095865Z","level":"info","event":"2026/05/15 18:14:49 - CSV file input.0 - Line number : 450000","logger":"task.stdout"}
{"timestamp":"2026-05-15T21:14:53.290230Z","level":"info","event":"2026/05/15 18:14:53 - Select values.0 - linenr 450000","logger":"task.stdout"}
{"timestamp":"2026-05-15T21:14:56.406824Z","level":"info","event":"2026/05/15 18:14:56 - Table output 2.0 - linenr 300000","logger":"task.stdout"}
{"timestamp":"2026-05-15T21:15:02.736088Z","level":"info","event":"2026/05/15 18:15:02 - Table output 3.0 - linenr 400000","logger":"task.stdout"}
{"timestamp":"2026-05-15T21:15:04.532428Z","level":"info","event":"2026/05/15 18:15:04 - Filter rows.0 - linenr 450000","logger":"task.stdout"}
{"timestamp":"2026-05-15T21:15:10.539234Z","level":"info","event":"2026/05/15 18:15:10 - CSV file input 2.0 - Line number : 350000","logger":"task.stdout"}
{"timestamp":"2026-05-15T21:15:15.873892Z","level":"info","event":"2026/05/15 18:15:15 - CSV file input 3.0 - Line number : 450000","logger":"task.stdout"}
{"timestamp":"2026-05-15T21:15:17.423338Z","level":"info","event":"2026/05/15 18:15:17 - Select values 2.0 - linenr 350000","logger":"task.stdout"}
{"timestamp":"2026-05-15T21:15:17.941277Z","level":"info","event":"2026/05/15 18:15:17 - Table output.0 - linenr 450000","logger":"task.stdout"}
{"timestamp":"2026-05-15T21:15:18.026000Z","level":"info","event":"2026/05/15 18:15:18 - Select values 3.0 - linenr 450000","logger":"task.stdout"}
{"timestamp":"2026-05-15T21:15:18.928714Z","level":"info","event":"2026/05/15 18:15:18 - CSV file input.0 - Line number : 500000","logger":"task.stdout"}
{"timestamp":"2026-05-15T21:15:19.541737Z","level":"info","event":"2026/05/15 18:15:19 - Filter rows 2.0 - linenr 350000","logger":"task.stdout"}
{"timestamp":"2026-05-15T21:15:20.217548Z","level":"info","event":"2026/05/15 18:15:20 - Filter rows 3.0 - linenr 450000","logger":"task.stdout"}
{"timestamp":"2026-05-15T21:15:20.283513Z","level":"info","event":"2026/05/15 18:15:20 - Select values.0 - linenr 500000","logger":"task.stdout"}
{"timestamp":"2026-05-15T21:15:21.605935Z","level":"info","event":"2026/05/15 18:15:21 - Filter rows.0 - linenr 500000","logger":"task.stdout"}
{"timestamp":"2026-05-15T21:15:23.412935Z","level":"info","event":"2026/05/15 18:15:23 - Table output 3.0 - linenr 450000","logger":"task.stdout"}
{"timestamp":"2026-05-15T21:15:23.967906Z","level":"info","event":"2026/05/15 18:15:23 - Table output 2.0 - linenr 350000","logger":"task.stdout"}
{"timestamp":"2026-05-15T21:15:24.031411Z","level":"info","event":"2026/05/15 18:15:24 - Table output.0 - linenr 500000","logger":"task.stdout"}
{"timestamp":"2026-05-15T21:15:26.982073Z","level":"info","event":"2026/05/15 18:15:26 - CSV file input 3.0 - Line number : 500000","logger":"task.stdout"}
{"timestamp":"2026-05-15T21:15:27.550237Z","level":"info","event":"2026/05/15 18:15:27 - CSV file input.0 - Line number : 550000","logger":"task.stdout"}
{"timestamp":"2026-05-15T21:15:27.582563Z","level":"info","event":"2026/05/15 18:15:27 - CSV file input 2.0 - Line number : 400000","logger":"task.stdout"}
{"timestamp":"2026-05-15T21:15:29.624673Z","level":"info","event":"2026/05/15 18:15:29 - Select values 2.0 - linenr 400000","logger":"task.stdout"}
{"timestamp":"2026-05-15T21:15:29.806048Z","level":"info","event":"2026/05/15 18:15:29 - Select values 3.0 - linenr 500000","logger":"task.stdout"}
{"timestamp":"2026-05-15T21:15:30.276052Z","level":"info","event":"2026/05/15 18:15:30 - Select values.0 - linenr 550000","logger":"task.stdout"}
{"timestamp":"2026-05-15T21:15:30.926709Z","level":"info","event":"2026/05/15 18:15:30 - Filter rows 2.0 - linenr 400000","logger":"task.stdout"}
{"timestamp":"2026-05-15T21:15:32.803714Z","level":"info","event":"2026/05/15 18:15:32 - Filter rows 3.0 - linenr 500000","logger":"task.stdout"}
{"timestamp":"2026-05-15T21:15:33.007901Z","level":"info","event":"2026/05/15 18:15:33 - Filter rows.0 - linenr 550000","logger":"task.stdout"}
{"timestamp":"2026-05-15T21:15:38.547955Z","level":"info","event":"2026/05/15 18:15:38 - Table output 2.0 - linenr 400000","logger":"task.stdout"}
{"timestamp":"2026-05-15T21:15:40.330106Z","level":"info","event":"2026/05/15 18:15:40 - CSV file input 2.0 - Line number : 450000","logger":"task.stdout"}
{"timestamp":"2026-05-15T21:15:40.721292Z","level":"info","event":"2026/05/15 18:15:40 - Select values 2.0 - linenr 450000","logger":"task.stdout"}
{"timestamp":"2026-05-15T21:15:41.111421Z","level":"info","event":"2026/05/15 18:15:41 - Table output 3.0 - linenr 500000","logger":"task.stdout"}
{"timestamp":"2026-05-15T21:15:42.138209Z","level":"info","event":"2026/05/15 18:15:42 - Table output.0 - linenr 550000","logger":"task.stdout"}
{"timestamp":"2026-05-15T21:15:42.208438Z","level":"info","event":"2026/05/15 18:15:42 - Filter rows 2.0 - linenr 450000","logger":"task.stdout"}
{"timestamp":"2026-05-15T21:15:42.668091Z","level":"info","event":"2026/05/15 18:15:42 - CSV file input 3.0 - Line number : 550000","logger":"task.stdout"}
{"timestamp":"2026-05-15T21:16:10.735024Z","level":"info","event":"2026/05/15 18:16:10 - Select values 3.0 - linenr 550000","logger":"task.stdout"}
{"timestamp":"2026-05-15T21:16:10.745824Z","level":"info","event":"2026/05/15 18:16:10 - CSV file input.0 - Line number : 600000","logger":"task.stdout"}
{"timestamp":"2026-05-15T21:16:10.978919Z","level":"info","event":"2026/05/15 18:16:10 - Table output 2.0 - linenr 450000","logger":"task.stdout"}
{"timestamp":"2026-05-15T21:16:11.646913Z","level":"info","event":"2026/05/15 18:16:11 - CSV file input 2.0 - Line number : 500000","logger":"task.stdout"}
{"timestamp":"2026-05-15T21:16:12.304399Z","level":"info","event":"2026/05/15 18:16:12 - Filter rows 3.0 - linenr 550000","logger":"task.stdout"}
{"timestamp":"2026-05-15T21:16:12.577957Z","level":"info","event":"2026/05/15 18:16:12 - Select values 2.0 - linenr 500000","logger":"task.stdout"}
{"timestamp":"2026-05-15T21:16:12.672716Z","level":"info","event":"2026/05/15 18:16:12 - Select values.0 - linenr 600000","logger":"task.stdout"}
{"timestamp":"2026-05-15T21:16:13.491688Z","level":"info","event":"2026/05/15 18:16:13 - Filter rows 2.0 - linenr 500000","logger":"task.stdout"}
{"timestamp":"2026-05-15T21:16:15.187280Z","level":"info","event":"2026/05/15 18:16:15 - Filter rows.0 - linenr 600000","logger":"task.stdout"}
{"timestamp":"2026-05-15T21:16:15.744129Z","level":"info","event":"2026/05/15 18:16:15 - Table output 2.0 - linenr 500000","logger":"task.stdout"}
{"timestamp":"2026-05-15T21:16:16.762268Z","level":"info","event":"2026/05/15 18:16:16 - CSV file input 2.0 - Line number : 550000","logger":"task.stdout"}
{"timestamp":"2026-05-15T21:16:16.929483Z","level":"info","event":"2026/05/15 18:16:16 - Table output 3.0 - linenr 550000","logger":"task.stdout"}
{"timestamp":"2026-05-15T21:16:17.831335Z","level":"info","event":"2026/05/15 18:16:17 - Select values 2.0 - linenr 550000","logger":"task.stdout"}
{"timestamp":"2026-05-15T21:16:18.814783Z","level":"info","event":"2026/05/15 18:16:18 - Filter rows 2.0 - linenr 550000","logger":"task.stdout"}
{"timestamp":"2026-05-15T21:16:19.190273Z","level":"info","event":"2026/05/15 18:16:19 - CSV file input 3.0 - Line number : 600000","logger":"task.stdout"}
{"timestamp":"2026-05-15T21:16:21.315090Z","level":"info","event":"2026/05/15 18:16:21 - Table output.0 - linenr 600000","logger":"task.stdout"}
{"timestamp":"2026-05-15T21:16:27.176159Z","level":"info","event":"2026/05/15 18:16:27 - Select values 3.0 - linenr 600000","logger":"task.stdout"}
{"timestamp":"2026-05-15T21:16:28.263998Z","level":"info","event":"2026/05/15 18:16:28 - Table output 2.0 - linenr 550000","logger":"task.stdout"}
{"timestamp":"2026-05-15T21:16:28.549474Z","level":"info","event":"2026/05/15 18:16:28 - CSV file input.0 - Line number : 650000","logger":"task.stdout"}
{"timestamp":"2026-05-15T21:16:43.050944Z","level":"info","event":"2026/05/15 18:16:41 - Filter rows 3.0 - linenr 600000","logger":"task.stdout"}
{"timestamp":"2026-05-15T21:16:43.094533Z","level":"info","event":"2026/05/15 18:16:43 - CSV file input 2.0 - Line number : 600000","logger":"task.stdout"}
{"timestamp":"2026-05-15T21:16:43.286856Z","level":"info","event":"2026/05/15 18:16:43 - Select values.0 - linenr 650000","logger":"task.stdout"}
{"timestamp":"2026-05-15T21:16:45.196008Z","level":"info","event":"2026/05/15 18:16:45 - Select values 2.0 - linenr 600000","logger":"task.stdout"}
{"timestamp":"2026-05-15T21:16:45.254356Z","level":"info","event":"2026/05/15 18:16:45 - Filter rows.0 - linenr 650000","logger":"task.stdout"}
{"timestamp":"2026-05-15T21:16:45.955695Z","level":"info","event":"2026/05/15 18:16:45 - Table output 3.0 - linenr 600000","logger":"task.stdout"}
{"timestamp":"2026-05-15T21:16:46.026571Z","level":"info","event":"2026/05/15 18:16:46 - Filter rows 2.0 - linenr 600000","logger":"task.stdout"}
{"timestamp":"2026-05-15T21:16:46.850831Z","level":"info","event":"2026/05/15 18:16:46 - CSV file input 3.0 - Line number : 650000","logger":"task.stdout"}
{"timestamp":"2026-05-15T21:16:47.103944Z","level":"info","event":"2026/05/15 18:16:47 - Table output.0 - linenr 650000","logger":"task.stdout"}
{"timestamp":"2026-05-15T21:16:47.704135Z","level":"info","event":"2026/05/15 18:16:47 - Select values 3.0 - linenr 650000","logger":"task.stdout"}
{"timestamp":"2026-05-15T21:16:47.766841Z","level":"info","event":"2026/05/15 18:16:47 - Table output 2.0 - linenr 600000","logger":"task.stdout"}
{"timestamp":"2026-05-15T21:16:47.901672Z","level":"info","event":"2026/05/15 18:16:47 - CSV file input.0 - Line number : 700000","logger":"task.stdout"}
{"timestamp":"2026-05-15T21:16:48.680771Z","level":"info","event":"2026/05/15 18:16:48 - CSV file input 2.0 - Line number : 650000","logger":"task.stdout"}
{"timestamp":"2026-05-15T21:16:48.901100Z","level":"info","event":"2026/05/15 18:16:48 - Select values.0 - linenr 700000","logger":"task.stdout"}
{"timestamp":"2026-05-15T21:16:48.931580Z","level":"info","event":"2026/05/15 18:16:48 - Filter rows 3.0 - linenr 650000","logger":"task.stdout"}
{"timestamp":"2026-05-15T21:16:49.576394Z","level":"info","event":"2026/05/15 18:16:49 - Select values 2.0 - linenr 650000","logger":"task.stdout"}
{"timestamp":"2026-05-15T21:16:49.654084Z","level":"info","event":"2026/05/15 18:16:49 - Filter rows.0 - linenr 700000","logger":"task.stdout"}
{"timestamp":"2026-05-15T21:16:50.361601Z","level":"info","event":"2026/05/15 18:16:50 - Filter rows 2.0 - linenr 650000","logger":"task.stdout"}
{"timestamp":"2026-05-15T21:16:51.409105Z","level":"info","event":"2026/05/15 18:16:51 - Table output.0 - linenr 700000","logger":"task.stdout"}
{"timestamp":"2026-05-15T21:16:52.173460Z","level":"info","event":"2026/05/15 18:16:52 - Table output 2.0 - linenr 650000","logger":"task.stdout"}
{"timestamp":"2026-05-15T21:16:52.313062Z","level":"info","event":"2026/05/15 18:16:52 - CSV file input.0 - Line number : 750000","logger":"task.stdout"}
{"timestamp":"2026-05-15T21:16:57.170321Z","level":"info","event":"2026/05/15 18:16:57 - Table output 3.0 - linenr 650000","logger":"task.stdout"}
{"timestamp":"2026-05-15T21:16:57.626115Z","level":"info","event":"2026/05/15 18:16:57 - CSV file input 2.0 - Line number : 700000","logger":"task.stdout"}
{"timestamp":"2026-05-15T21:17:17.714313Z","level":"info","event":"2026/05/15 18:17:17 - Select values 2.0 - linenr 700000","logger":"task.stdout"}
{"timestamp":"2026-05-15T21:17:17.714527Z","level":"info","event":"2026/05/15 18:17:17 - Select values.0 - linenr 750000","logger":"task.stdout"}
{"timestamp":"2026-05-15T21:17:17.995011Z","level":"info","event":"2026/05/15 18:17:17 - CSV file input 3.0 - Line number : 700000","logger":"task.stdout"}
{"timestamp":"2026-05-15T21:17:18.241839Z","level":"info","event":"2026/05/15 18:17:18 - Filter rows 2.0 - linenr 700000","logger":"task.stdout"}
{"timestamp":"2026-05-15T21:17:18.824760Z","level":"info","event":"2026/05/15 18:17:18 - Select values 3.0 - linenr 700000","logger":"task.stdout"}
{"timestamp":"2026-05-15T21:17:19.452702Z","level":"info","event":"2026/05/15 18:17:19 - Filter rows.0 - linenr 750000","logger":"task.stdout"}
{"timestamp":"2026-05-15T21:17:19.863948Z","level":"info","event":"2026/05/15 18:17:19 - Filter rows 3.0 - linenr 700000","logger":"task.stdout"}
{"timestamp":"2026-05-15T21:17:20.220965Z","level":"info","event":"2026/05/15 18:17:20 - Table output 2.0 - linenr 700000","logger":"task.stdout"}
{"timestamp":"2026-05-15T21:17:21.041087Z","level":"info","event":"2026/05/15 18:17:21 - CSV file input 2.0 - Line number : 750000","logger":"task.stdout"}
{"timestamp":"2026-05-15T21:17:21.701563Z","level":"info","event":"2026/05/15 18:17:21 - Table output 3.0 - linenr 700000","logger":"task.stdout"}
{"timestamp":"2026-05-15T21:17:21.841658Z","level":"info","event":"2026/05/15 18:17:21 - Select values 2.0 - linenr 750000","logger":"task.stdout"}
{"timestamp":"2026-05-15T21:17:22.428751Z","level":"info","event":"2026/05/15 18:17:22 - CSV file input 3.0 - Line number : 750000","logger":"task.stdout"}
{"timestamp":"2026-05-15T21:17:22.677675Z","level":"info","event":"2026/05/15 18:17:22 - Filter rows 2.0 - linenr 750000","logger":"task.stdout"}
{"timestamp":"2026-05-15T21:17:42.568109Z","level":"info","event":"2026/05/15 18:17:38 - Select values 3.0 - linenr 750000","logger":"task.stdout"}
{"timestamp":"2026-05-15T21:17:42.568413Z","level":"info","event":"2026/05/15 18:17:42 - Table output.0 - linenr 750000","logger":"task.stdout"}
{"timestamp":"2026-05-15T21:17:49.088347Z","level":"info","event":"2026/05/15 18:17:49 - Filter rows 3.0 - linenr 750000","logger":"task.stdout"}
{"timestamp":"2026-05-15T21:17:49.092005Z","level":"info","event":"2026/05/15 18:17:49 - CSV file input.0 - Line number : 800000","logger":"task.stdout"}
{"timestamp":"2026-05-15T21:17:49.234359Z","level":"info","event":"2026/05/15 18:17:49 - Table output 2.0 - linenr 750000","logger":"task.stdout"}
{"timestamp":"2026-05-15T21:17:50.032756Z","level":"info","event":"2026/05/15 18:17:50 - Select values.0 - linenr 800000","logger":"task.stdout"}
{"timestamp":"2026-05-15T21:17:50.191205Z","level":"info","event":"2026/05/15 18:17:50 - CSV file input 2.0 - Line number : 800000","logger":"task.stdout"}
{"timestamp":"2026-05-15T21:17:50.929588Z","level":"info","event":"2026/05/15 18:17:50 - Table output 3.0 - linenr 750000","logger":"task.stdout"}
{"timestamp":"2026-05-15T21:17:50.939587Z","level":"info","event":"2026/05/15 18:17:50 - Filter rows.0 - linenr 800000","logger":"task.stdout"}
{"timestamp":"2026-05-15T21:17:51.345487Z","level":"info","event":"2026/05/15 18:17:51 - Select values 2.0 - linenr 800000","logger":"task.stdout"}
{"timestamp":"2026-05-15T21:17:51.779756Z","level":"info","event":"2026/05/15 18:17:51 - CSV file input 3.0 - Line number : 800000","logger":"task.stdout"}
{"timestamp":"2026-05-15T21:17:52.894980Z","level":"info","event":"2026/05/15 18:17:52 - Select values 3.0 - linenr 800000","logger":"task.stdout"}
{"timestamp":"2026-05-15T21:17:52.963223Z","level":"info","event":"2026/05/15 18:17:52 - Table output.0 - linenr 800000","logger":"task.stdout"}
{"timestamp":"2026-05-15T21:17:53.011516Z","level":"info","event":"2026/05/15 18:17:53 - Filter rows 2.0 - linenr 800000","logger":"task.stdout"}
{"timestamp":"2026-05-15T21:17:53.949550Z","level":"info","event":"2026/05/15 18:17:53 - Filter rows 3.0 - linenr 800000","logger":"task.stdout"}
{"timestamp":"2026-05-15T21:17:53.983047Z","level":"info","event":"2026/05/15 18:17:53 - CSV file input.0 - Line number : 850000","logger":"task.stdout"}
{"timestamp":"2026-05-15T21:17:55.340017Z","level":"info","event":"2026/05/15 18:17:55 - Select values.0 - linenr 850000","logger":"task.stdout"}
{"timestamp":"2026-05-15T21:17:59.337081Z","level":"info","event":"2026/05/15 18:17:59 - Table output 2.0 - linenr 800000","logger":"task.stdout"}
{"timestamp":"2026-05-15T21:18:02.036824Z","level":"info","event":"2026/05/15 18:18:02 - Filter rows.0 - linenr 850000","logger":"task.stdout"}
{"timestamp":"2026-05-15T21:18:02.526142Z","level":"info","event":"2026/05/15 18:18:02 - Table output 3.0 - linenr 800000","logger":"task.stdout"}
{"timestamp":"2026-05-15T21:18:05.277794Z","level":"info","event":"2026/05/15 18:18:05 - CSV file input 2.0 - Line number : 850000","logger":"task.stdout"}
{"timestamp":"2026-05-15T21:18:12.705195Z","level":"info","event":"2026/05/15 18:18:11 - CSV file input 3.0 - Line number : 850000","logger":"task.stdout"}
{"timestamp":"2026-05-15T21:18:14.967876Z","level":"info","event":"2026/05/15 18:18:14 - Select values 2.0 - linenr 850000","logger":"task.stdout"}
{"timestamp":"2026-05-15T21:18:19.801375Z","level":"info","event":"2026/05/15 18:18:19 - Table output.0 - linenr 850000","logger":"task.stdout"}
{"timestamp":"2026-05-15T21:18:19.806179Z","level":"info","event":"2026/05/15 18:18:19 - Select values 3.0 - linenr 850000","logger":"task.stdout"}
{"timestamp":"2026-05-15T21:18:20.202268Z","level":"info","event":"2026/05/15 18:18:20 - Filter rows 2.0 - linenr 850000","logger":"task.stdout"}
{"timestamp":"2026-05-15T21:18:20.362495Z","level":"info","event":"2026/05/15 18:18:20 - CSV file input.0 - Finished processing (I=894956, O=0, R=0, W=894955, U=0, E=0)","logger":"task.stdout"}
{"timestamp":"2026-05-15T21:18:20.929655Z","level":"info","event":"2026/05/15 18:18:20 - Filter rows 3.0 - linenr 850000","logger":"task.stdout"}
{"timestamp":"2026-05-15T21:18:21.317658Z","level":"info","event":"2026/05/15 18:18:21 - Select values.0 - Finished processing (I=0, O=0, R=894955, W=894955, U=0, E=0)","logger":"task.stdout"}
{"timestamp":"2026-05-15T21:18:22.098102Z","level":"info","event":"2026/05/15 18:18:22 - Table output 2.0 - linenr 850000","logger":"task.stdout"}
{"timestamp":"2026-05-15T21:18:22.193367Z","level":"info","event":"2026/05/15 18:18:22 - Filter rows.0 - Finished processing (I=0, O=0, R=894955, W=894955, U=0, E=0)","logger":"task.stdout"}
{"timestamp":"2026-05-15T21:18:22.787880Z","level":"info","event":"2026/05/15 18:18:22 - Table output 3.0 - linenr 850000","logger":"task.stdout"}
{"timestamp":"2026-05-15T21:18:23.244665Z","level":"info","event":"2026/05/15 18:18:23 - CSV file input 2.0 - Line number : 900000","logger":"task.stdout"}
{"timestamp":"2026-05-15T21:18:23.328190Z","level":"info","event":"2026/05/15 18:18:23 - String operations.0 - Finished processing (I=0, O=0, R=894955, W=894955, U=0, E=0)","logger":"task.stdout"}
{"timestamp":"2026-05-15T21:18:23.351087Z","level":"info","event":"2026/05/15 18:18:23 - CSV file input 2.0 - Finished processing (I=900940, O=0, R=0, W=900939, U=0, E=0)","logger":"task.stdout"}
{"timestamp":"2026-05-15T21:18:23.769051Z","level":"info","event":"2026/05/15 18:18:23 - CSV file input 3.0 - Line number : 900000","logger":"task.stdout"}
{"timestamp":"2026-05-15T21:18:24.051884Z","level":"info","event":"2026/05/15 18:18:24 - Select values 2.0 - linenr 900000","logger":"task.stdout"}
{"timestamp":"2026-05-15T21:18:24.122495Z","level":"info","event":"2026/05/15 18:18:24 - Select values 2.0 - Finished processing (I=0, O=0, R=900939, W=900939, U=0, E=0)","logger":"task.stdout"}
{"timestamp":"2026-05-15T21:18:24.131359Z","level":"info","event":"2026/05/15 18:18:24 - Table output.0 - Finished processing (I=0, O=894955, R=894955, W=894955, U=0, E=0)","logger":"task.stdout"}
{"timestamp":"2026-05-15T21:18:24.435643Z","level":"info","event":"2026/05/15 18:18:24 - Select values 3.0 - linenr 900000","logger":"task.stdout"}
{"timestamp":"2026-05-15T21:18:24.720810Z","level":"info","event":"2026/05/15 18:18:24 - Filter rows 2.0 - linenr 900000","logger":"task.stdout"}
{"timestamp":"2026-05-15T21:18:24.804578Z","level":"info","event":"2026/05/15 18:18:24 - Filter rows 2.0 - Finished processing (I=0, O=0, R=900939, W=900939, U=0, E=0)","logger":"task.stdout"}
{"timestamp":"2026-05-15T21:18:25.066060Z","level":"info","event":"2026/05/15 18:18:25 - Filter rows 3.0 - linenr 900000","logger":"task.stdout"}
{"timestamp":"2026-05-15T21:18:25.373314Z","level":"info","event":"2026/05/15 18:18:25 - String operations 2.0 - Finished processing (I=0, O=0, R=900939, W=900939, U=0, E=0)","logger":"task.stdout"}
{"timestamp":"2026-05-15T21:18:29.963257Z","level":"info","event":"2026/05/15 18:18:29 - Table output 2.0 - linenr 900000","logger":"task.stdout"}
{"timestamp":"2026-05-15T21:18:34.774596Z","level":"info","event":"2026/05/15 18:18:34 - Table output 3.0 - linenr 900000","logger":"task.stdout"}
{"timestamp":"2026-05-15T21:18:35.157821Z","level":"info","event":"2026/05/15 18:18:35 - Table output 2.0 - Finished processing (I=0, O=900939, R=900939, W=900939, U=0, E=0)","logger":"task.stdout"}
{"timestamp":"2026-05-15T21:18:36.503740Z","level":"info","event":"2026/05/15 18:18:36 - CSV file input 3.0 - Line number : 950000","logger":"task.stdout"}
{"timestamp":"2026-05-15T21:18:36.916782Z","level":"info","event":"2026/05/15 18:18:36 - CSV file input 3.0 - Finished processing (I=953778, O=0, R=0, W=953777, U=0, E=0)","logger":"task.stdout"}
{"timestamp":"2026-05-15T21:18:37.837865Z","level":"info","event":"2026/05/15 18:18:37 - Select values 3.0 - linenr 950000","logger":"task.stdout"}
{"timestamp":"2026-05-15T21:18:38.554557Z","level":"info","event":"2026/05/15 18:18:38 - Select values 3.0 - Finished processing (I=0, O=0, R=953777, W=953777, U=0, E=0)","logger":"task.stdout"}
{"timestamp":"2026-05-15T21:18:40.233772Z","level":"info","event":"2026/05/15 18:18:40 - Filter rows 3.0 - linenr 950000","logger":"task.stdout"}
{"timestamp":"2026-05-15T21:18:41.974438Z","level":"info","event":"2026/05/15 18:18:41 - Filter rows 3.0 - Finished processing (I=0, O=0, R=953777, W=953777, U=0, E=0)","logger":"task.stdout"}
{"timestamp":"2026-05-15T21:18:46.327428Z","level":"info","event":"2026/05/15 18:18:46 - String operations 3.0 - Finished processing (I=0, O=0, R=953777, W=953777, U=0, E=0)","logger":"task.stdout"}
{"timestamp":"2026-05-15T21:19:15.294695Z","level":"info","event":"2026/05/15 18:19:15 - Table output 3.0 - linenr 950000","logger":"task.stdout"}
{"timestamp":"2026-05-15T21:19:16.814539Z","level":"info","event":"2026/05/15 18:19:16 - Table output 3.0 - Finished processing (I=0, O=953777, R=953777, W=953777, U=0, E=0)","logger":"task.stdout"}
{"timestamp":"2026-05-15T21:19:16.855476Z","level":"info","event":"2026/05/15 18:19:16 - Pan - Finished!","logger":"task.stdout"}
{"timestamp":"2026-05-15T21:19:16.858117Z","level":"info","event":"2026/05/15 18:19:16 - Pan - Start=2026/05/15 18:13:32.943, Stop=2026/05/15 18:19:16.855","logger":"task.stdout"}
{"timestamp":"2026-05-15T21:19:16.858491Z","level":"info","event":"2026/05/15 18:19:16 - Pan - Processing ended after 5 minutes and 43 seconds (343 seconds total).","logger":"task.stdout"}
{"timestamp":"2026-05-15T21:19:16.858604Z","level":"info","event":"2026/05/15 18:19:16 - 01_carga_nomina_raw -","logger":"task.stdout"}
{"timestamp":"2026-05-15T21:19:16.858732Z","level":"info","event":"2026/05/15 18:19:16 - 01_carga_nomina_raw - Step CSV file input.0 ended successfully, processed 894955 lines. ( 2609 lines/s)","logger":"task.stdout"}
{"timestamp":"2026-05-15T21:19:16.859011Z","level":"info","event":"2026/05/15 18:19:16 - 01_carga_nomina_raw - Step Select values.0 ended successfully, processed 894955 lines. ( 2609 lines/s)","logger":"task.stdout"}
{"timestamp":"2026-05-15T21:19:16.859103Z","level":"info","event":"2026/05/15 18:19:16 - 01_carga_nomina_raw - Step CSV file input 2.0 ended successfully, processed 900939 lines. ( 2626 lines/s)","logger":"task.stdout"}
{"timestamp":"2026-05-15T21:19:16.859294Z","level":"info","event":"2026/05/15 18:19:16 - 01_carga_nomina_raw - Step Select values 2.0 ended successfully, processed 900939 lines. ( 2626 lines/s)","logger":"task.stdout"}
{"timestamp":"2026-05-15T21:19:16.859380Z","level":"info","event":"2026/05/15 18:19:16 - 01_carga_nomina_raw - Step CSV file input 3.0 ended successfully, processed 953777 lines. ( 2780 lines/s)","logger":"task.stdout"}
{"timestamp":"2026-05-15T21:19:16.859449Z","level":"info","event":"2026/05/15 18:19:16 - 01_carga_nomina_raw - Step Select values 3.0 ended successfully, processed 953777 lines. ( 2780 lines/s)","logger":"task.stdout"}
{"timestamp":"2026-05-15T21:19:16.859583Z","level":"info","event":"2026/05/15 18:19:16 - 01_carga_nomina_raw - Step Filter rows.0 ended successfully, processed 894955 lines. ( 2609 lines/s)","logger":"task.stdout"}
{"timestamp":"2026-05-15T21:19:16.859711Z","level":"info","event":"2026/05/15 18:19:16 - 01_carga_nomina_raw - Step Filter rows 2.0 ended successfully, processed 900939 lines. ( 2626 lines/s)","logger":"task.stdout"}
{"timestamp":"2026-05-15T21:19:16.859784Z","level":"info","event":"2026/05/15 18:19:16 - 01_carga_nomina_raw - Step Filter rows 3.0 ended successfully, processed 953777 lines. ( 2780 lines/s)","logger":"task.stdout"}
{"timestamp":"2026-05-15T21:19:16.859958Z","level":"info","event":"2026/05/15 18:19:16 - 01_carga_nomina_raw - Step String operations.0 ended successfully, processed 894955 lines. ( 2609 lines/s)","logger":"task.stdout"}
{"timestamp":"2026-05-15T21:19:16.860102Z","level":"info","event":"2026/05/15 18:19:16 - 01_carga_nomina_raw - Step String operations 2.0 ended successfully, processed 900939 lines. ( 2626 lines/s)","logger":"task.stdout"}
{"timestamp":"2026-05-15T21:19:16.860222Z","level":"info","event":"2026/05/15 18:19:16 - 01_carga_nomina_raw - Step String operations 3.0 ended successfully, processed 953777 lines. ( 2780 lines/s)","logger":"task.stdout"}
{"timestamp":"2026-05-15T21:19:16.860352Z","level":"info","event":"2026/05/15 18:19:16 - 01_carga_nomina_raw - Step Table output.0 ended successfully, processed 894955 lines. ( 2609 lines/s)","logger":"task.stdout"}
{"timestamp":"2026-05-15T21:19:16.860427Z","level":"info","event":"2026/05/15 18:19:16 - 01_carga_nomina_raw - Step Table output 2.0 ended successfully, processed 900939 lines. ( 2626 lines/s)","logger":"task.stdout"}
{"timestamp":"2026-05-15T21:19:16.860490Z","level":"info","event":"2026/05/15 18:19:16 - 01_carga_nomina_raw - Step Table output 3.0 ended successfully, processed 953777 lines. ( 2780 lines/s)","logger":"task.stdout"}
{"timestamp":"2026-05-15T21:19:16.978234Z","level":"info","event":"ETL Pentaho completado — 3 meses cargados","logger":"task.stdout"}
{"timestamp":"2026-05-15T21:19:17.000021Z","level":"info","event":"Done. Returned value was: None","logger":"airflow.task.operators.airflow.providers.standard.decorators.python._PythonDecoratedOperator","filename":"python.py","lineno":233}
{"timestamp":"2026-05-15T21:19:17.052123Z","level":"info","event":"Task instance in success state","logger":"task.stdout"}
{"timestamp":"2026-05-15T21:19:17.052288Z","level":"info","event":" Previous state of the Task instance: TaskInstanceState.RUNNING","logger":"task.stdout"}
{"timestamp":"2026-05-15T21:19:17.061504Z","level":"info","event":"Task operator:<Task(_PythonDecoratedOperator): ejecutar_pentaho_etl>","logger":"task.stdout"}
