{"timestamp":"2026-05-16T00:46:19.390721Z","level":"info","event":"DAG bundles loaded: dags-folder, example_dags","logger":"airflow.dag_processing.bundles.manager.DagBundlesManager","filename":"manager.py","lineno":179}
{"timestamp":"2026-05-16T00:46:19.394202Z","level":"info","event":"Filling up the DagBag from /opt/repo/proyecto-bigdata/orchestration/airflow/dags/dag_nomina_pipeline.py","logger":"airflow.models.dagbag.BundleDagBag","filename":"dagbag.py","lineno":593}
{"timestamp":"2026-05-16T00:46:19.443930Z","level":"info","event":"Stats instance was created in PID 654 but accessed in PID 706. Re-initializing.","logger":"airflow.stats","filename":"stats.py","lineno":57}
{"timestamp":"2026-05-16T00:46:19.591620Z","level":"info","event":"Task instance is in running state","logger":"task.stdout"}
{"timestamp":"2026-05-16T00:46:19.595305Z","level":"info","event":" Previous state of the Task instance: TaskInstanceState.QUEUED","logger":"task.stdout"}
{"timestamp":"2026-05-16T00:46:19.595487Z","level":"info","event":"Current task name:ejecutar_pentaho_etl","logger":"task.stdout"}
{"timestamp":"2026-05-16T00:46:19.595575Z","level":"info","event":"Dag name:pipeline_nomina_funcionarios","logger":"task.stdout"}
{"timestamp":"2026-05-16T00:46:19.670559Z","level":"info","event":"#######################################################################","logger":"task.stdout"}
{"timestamp":"2026-05-16T00:46:19.671125Z","level":"info","event":"WARNING:  no libwebkitgtk-1.0 detected, some features will be unavailable","logger":"task.stdout"}
{"timestamp":"2026-05-16T00:46:19.671377Z","level":"info","event":"    Consider installing the package with apt-get or yum.","logger":"task.stdout"}
{"timestamp":"2026-05-16T00:46:19.671688Z","level":"info","event":"    e.g. 'sudo apt-get install libwebkitgtk-1.0-0'","logger":"task.stdout"}
{"timestamp":"2026-05-16T00:46:19.671765Z","level":"info","event":"#######################################################################","logger":"task.stdout"}
{"timestamp":"2026-05-16T00:46:20.087400Z","level":"error","event":"OpenJDK 64-Bit Server VM warning: Ignoring option MaxPermSize; support was removed in 8.0","logger":"task.stderr"}
{"timestamp":"2026-05-16T00:46:26.368764Z","level":"info","event":"2026/05/15 21:46:26 - Pan - Start of run.","logger":"task.stdout"}
{"timestamp":"2026-05-16T00:46:26.703614Z","level":"info","event":"2026/05/15 21:46:26 - 01_carga_nomina_raw - Dispatching started for transformation [01_carga_nomina_raw]","logger":"task.stdout"}
{"timestamp":"2026-05-16T00:46:27.713787Z","level":"info","event":"2026/05/15 21:46:27 - Table output 2.0 - Connected to database [nomina_funcionarios] (commit=1000)","logger":"task.stdout"}
{"timestamp":"2026-05-16T00:46:27.714208Z","level":"info","event":"2026/05/15 21:46:27 - Table output.0 - Connected to database [nomina_funcionarios] (commit=1000)","logger":"task.stdout"}
{"timestamp":"2026-05-16T00:46:27.714314Z","level":"info","event":"2026/05/15 21:46:27 - Table output 3.0 - Connected to database [nomina_funcionarios] (commit=1000)","logger":"task.stdout"}
{"timestamp":"2026-05-16T00:46:27.776689Z","level":"info","event":"2026/05/15 21:46:27 - CSV file input 3.0 - Header row skipped in file '/opt/repo/proyecto-bigdata/data/raw/nomina/nomina_2026-03.csv'","logger":"task.stdout"}
{"timestamp":"2026-05-16T00:46:27.776938Z","level":"info","event":"2026/05/15 21:46:27 - CSV file input 2.0 - Header row skipped in file '/opt/repo/proyecto-bigdata/data/raw/nomina/nomina_2026-02.csv'","logger":"task.stdout"}
{"timestamp":"2026-05-16T00:46:27.777181Z","level":"info","event":"2026/05/15 21:46:27 - CSV file input.0 - Header row skipped in file '/opt/repo/proyecto-bigdata/data/raw/nomina/nomina_2026-01.csv'","logger":"task.stdout"}
{"timestamp":"2026-05-16T00:46:32.421563Z","level":"info","event":"2026/05/15 21:46:32 - CSV file input.0 - Line number : 50000","logger":"task.stdout"}
{"timestamp":"2026-05-16T00:46:32.769564Z","level":"info","event":"2026/05/15 21:46:32 - CSV file input 3.0 - Line number : 50000","logger":"task.stdout"}
{"timestamp":"2026-05-16T00:46:32.900340Z","level":"info","event":"2026/05/15 21:46:32 - CSV file input 2.0 - Line number : 50000","logger":"task.stdout"}
{"timestamp":"2026-05-16T00:46:35.199339Z","level":"info","event":"2026/05/15 21:46:35 - Select values.0 - linenr 50000","logger":"task.stdout"}
{"timestamp":"2026-05-16T00:46:35.199730Z","level":"info","event":"2026/05/15 21:46:35 - Select values 3.0 - linenr 50000","logger":"task.stdout"}
{"timestamp":"2026-05-16T00:46:36.136821Z","level":"info","event":"2026/05/15 21:46:36 - Select values 2.0 - linenr 50000","logger":"task.stdout"}
{"timestamp":"2026-05-16T00:46:37.537465Z","level":"info","event":"2026/05/15 21:46:37 - Filter rows 3.0 - linenr 50000","logger":"task.stdout"}
{"timestamp":"2026-05-16T00:46:37.710716Z","level":"info","event":"2026/05/15 21:46:37 - Filter rows.0 - linenr 50000","logger":"task.stdout"}
{"timestamp":"2026-05-16T00:46:38.950695Z","level":"info","event":"2026/05/15 21:46:38 - Filter rows 2.0 - linenr 50000","logger":"task.stdout"}
{"timestamp":"2026-05-16T00:46:46.738089Z","level":"info","event":"2026/05/15 21:46:46 - Table output.0 - linenr 50000","logger":"task.stdout"}
{"timestamp":"2026-05-16T00:46:47.473887Z","level":"info","event":"2026/05/15 21:46:47 - Table output 3.0 - linenr 50000","logger":"task.stdout"}
{"timestamp":"2026-05-16T00:46:52.231451Z","level":"info","event":"2026/05/15 21:46:52 - CSV file input.0 - Line number : 100000","logger":"task.stdout"}
{"timestamp":"2026-05-16T00:46:53.117739Z","level":"info","event":"2026/05/15 21:46:52 - Table output 2.0 - linenr 50000","logger":"task.stdout"}
{"timestamp":"2026-05-16T00:46:53.408986Z","level":"info","event":"2026/05/15 21:46:53 - CSV file input 3.0 - Line number : 100000","logger":"task.stdout"}
{"timestamp":"2026-05-16T00:46:55.340426Z","level":"info","event":"2026/05/15 21:46:55 - Select values.0 - linenr 100000","logger":"task.stdout"}
{"timestamp":"2026-05-16T00:46:55.713429Z","level":"info","event":"2026/05/15 21:46:55 - CSV file input 2.0 - Line number : 100000","logger":"task.stdout"}
{"timestamp":"2026-05-16T00:46:55.785840Z","level":"info","event":"2026/05/15 21:46:55 - Select values 3.0 - linenr 100000","logger":"task.stdout"}
{"timestamp":"2026-05-16T00:46:56.787670Z","level":"info","event":"2026/05/15 21:46:56 - Filter rows.0 - linenr 100000","logger":"task.stdout"}
{"timestamp":"2026-05-16T00:46:57.200808Z","level":"info","event":"2026/05/15 21:46:57 - Filter rows 3.0 - linenr 100000","logger":"task.stdout"}
{"timestamp":"2026-05-16T00:46:57.459959Z","level":"info","event":"2026/05/15 21:46:57 - Select values 2.0 - linenr 100000","logger":"task.stdout"}
{"timestamp":"2026-05-16T00:46:58.623474Z","level":"info","event":"2026/05/15 21:46:58 - Filter rows 2.0 - linenr 100000","logger":"task.stdout"}
{"timestamp":"2026-05-16T00:46:58.806121Z","level":"info","event":"2026/05/15 21:46:58 - Table output.0 - linenr 100000","logger":"task.stdout"}
{"timestamp":"2026-05-16T00:46:59.016598Z","level":"info","event":"2026/05/15 21:46:59 - Table output 3.0 - linenr 100000","logger":"task.stdout"}
{"timestamp":"2026-05-16T00:46:59.699643Z","level":"info","event":"2026/05/15 21:46:59 - CSV file input.0 - Line number : 150000","logger":"task.stdout"}
{"timestamp":"2026-05-16T00:46:59.899083Z","level":"info","event":"2026/05/15 21:46:59 - CSV file input 3.0 - Line number : 150000","logger":"task.stdout"}
{"timestamp":"2026-05-16T00:47:00.971503Z","level":"info","event":"2026/05/15 21:47:00 - Select values.0 - linenr 150000","logger":"task.stdout"}
{"timestamp":"2026-05-16T00:47:00.994637Z","level":"info","event":"2026/05/15 21:47:00 - Table output 2.0 - linenr 100000","logger":"task.stdout"}
{"timestamp":"2026-05-16T00:47:01.225406Z","level":"info","event":"2026/05/15 21:47:01 - Select values 3.0 - linenr 150000","logger":"task.stdout"}
{"timestamp":"2026-05-16T00:47:02.047428Z","level":"info","event":"2026/05/15 21:47:02 - Filter rows.0 - linenr 150000","logger":"task.stdout"}
{"timestamp":"2026-05-16T00:47:02.150667Z","level":"info","event":"2026/05/15 21:47:02 - Filter rows 3.0 - linenr 150000","logger":"task.stdout"}
{"timestamp":"2026-05-16T00:47:02.728150Z","level":"info","event":"2026/05/15 21:47:02 - CSV file input 2.0 - Line number : 150000","logger":"task.stdout"}
{"timestamp":"2026-05-16T00:47:03.577547Z","level":"info","event":"2026/05/15 21:47:03 - Table output.0 - linenr 150000","logger":"task.stdout"}
{"timestamp":"2026-05-16T00:47:03.796405Z","level":"info","event":"2026/05/15 21:47:03 - Table output 3.0 - linenr 150000","logger":"task.stdout"}
{"timestamp":"2026-05-16T00:47:14.482101Z","level":"info","event":"2026/05/15 21:47:14 - Select values 2.0 - linenr 150000","logger":"task.stdout"}
{"timestamp":"2026-05-16T00:47:14.651951Z","level":"info","event":"2026/05/15 21:47:14 - CSV file input.0 - Line number : 200000","logger":"task.stdout"}
{"timestamp":"2026-05-16T00:47:16.850306Z","level":"info","event":"2026/05/15 21:47:16 - CSV file input 3.0 - Line number : 200000","logger":"task.stdout"}
{"timestamp":"2026-05-16T00:47:28.721533Z","level":"info","event":"2026/05/15 21:47:26 - Select values.0 - linenr 200000","logger":"task.stdout"}
{"timestamp":"2026-05-16T00:47:29.358401Z","level":"info","event":"2026/05/15 21:47:29 - Select values 3.0 - linenr 200000","logger":"task.stdout"}
{"timestamp":"2026-05-16T00:47:29.557959Z","level":"info","event":"2026/05/15 21:47:29 - Filter rows 2.0 - linenr 150000","logger":"task.stdout"}
{"timestamp":"2026-05-16T00:47:30.237425Z","level":"info","event":"2026/05/15 21:47:30 - Filter rows.0 - linenr 200000","logger":"task.stdout"}
{"timestamp":"2026-05-16T00:47:30.721846Z","level":"info","event":"2026/05/15 21:47:30 - Filter rows 3.0 - linenr 200000","logger":"task.stdout"}
{"timestamp":"2026-05-16T00:47:32.597985Z","level":"info","event":"2026/05/15 21:47:32 - Table output.0 - linenr 200000","logger":"task.stdout"}
{"timestamp":"2026-05-16T00:47:33.112671Z","level":"info","event":"2026/05/15 21:47:33 - Table output 3.0 - linenr 200000","logger":"task.stdout"}
{"timestamp":"2026-05-16T00:47:33.849930Z","level":"info","event":"2026/05/15 21:47:33 - CSV file input.0 - Line number : 250000","logger":"task.stdout"}
{"timestamp":"2026-05-16T00:47:34.087687Z","level":"info","event":"2026/05/15 21:47:34 - CSV file input 3.0 - Line number : 250000","logger":"task.stdout"}
{"timestamp":"2026-05-16T00:47:34.661002Z","level":"info","event":"2026/05/15 21:47:34 - Select values.0 - linenr 250000","logger":"task.stdout"}
{"timestamp":"2026-05-16T00:47:34.742529Z","level":"info","event":"2026/05/15 21:47:34 - Table output 2.0 - linenr 150000","logger":"task.stdout"}
{"timestamp":"2026-05-16T00:47:35.114190Z","level":"info","event":"2026/05/15 21:47:35 - Select values 3.0 - linenr 250000","logger":"task.stdout"}
{"timestamp":"2026-05-16T00:47:35.854507Z","level":"info","event":"2026/05/15 21:47:35 - Filter rows.0 - linenr 250000","logger":"task.stdout"}
{"timestamp":"2026-05-16T00:47:36.189333Z","level":"info","event":"2026/05/15 21:47:36 - Filter rows 3.0 - linenr 250000","logger":"task.stdout"}
{"timestamp":"2026-05-16T00:47:37.200791Z","level":"info","event":"2026/05/15 21:47:37 - CSV file input 2.0 - Line number : 200000","logger":"task.stdout"}
{"timestamp":"2026-05-16T00:47:37.701808Z","level":"info","event":"2026/05/15 21:47:37 - Table output.0 - linenr 250000","logger":"task.stdout"}
{"timestamp":"2026-05-16T00:47:37.962295Z","level":"info","event":"2026/05/15 21:47:37 - Table output 3.0 - linenr 250000","logger":"task.stdout"}
{"timestamp":"2026-05-16T00:47:38.493840Z","level":"info","event":"2026/05/15 21:47:38 - CSV file input.0 - Line number : 300000","logger":"task.stdout"}
{"timestamp":"2026-05-16T00:47:38.768769Z","level":"info","event":"2026/05/15 21:47:38 - CSV file input 3.0 - Line number : 300000","logger":"task.stdout"}
{"timestamp":"2026-05-16T00:47:39.244646Z","level":"info","event":"2026/05/15 21:47:39 - Select values 2.0 - linenr 200000","logger":"task.stdout"}
{"timestamp":"2026-05-16T00:47:40.232753Z","level":"info","event":"2026/05/15 21:47:40 - Select values.0 - linenr 300000","logger":"task.stdout"}
{"timestamp":"2026-05-16T00:47:41.136613Z","level":"info","event":"2026/05/15 21:47:41 - Select values 3.0 - linenr 300000","logger":"task.stdout"}
{"timestamp":"2026-05-16T00:47:43.627561Z","level":"info","event":"2026/05/15 21:47:43 - Filter rows.0 - linenr 300000","logger":"task.stdout"}
{"timestamp":"2026-05-16T00:47:44.087107Z","level":"info","event":"2026/05/15 21:47:44 - Filter rows 2.0 - linenr 200000","logger":"task.stdout"}
{"timestamp":"2026-05-16T00:47:44.996370Z","level":"info","event":"2026/05/15 21:47:44 - Filter rows 3.0 - linenr 300000","logger":"task.stdout"}
{"timestamp":"2026-05-16T00:47:51.161362Z","level":"info","event":"2026/05/15 21:47:50 - Table output.0 - linenr 300000","logger":"task.stdout"}
{"timestamp":"2026-05-16T00:47:53.570526Z","level":"info","event":"2026/05/15 21:47:53 - CSV file input.0 - Line number : 350000","logger":"task.stdout"}
{"timestamp":"2026-05-16T00:47:53.630550Z","level":"info","event":"2026/05/15 21:47:53 - Table output 2.0 - linenr 200000","logger":"task.stdout"}
{"timestamp":"2026-05-16T00:47:53.752576Z","level":"info","event":"2026/05/15 21:47:53 - Table output 3.0 - linenr 300000","logger":"task.stdout"}
{"timestamp":"2026-05-16T00:47:54.414754Z","level":"info","event":"2026/05/15 21:47:54 - Select values.0 - linenr 350000","logger":"task.stdout"}
{"timestamp":"2026-05-16T00:47:57.792542Z","level":"info","event":"2026/05/15 21:47:57 - CSV file input 2.0 - Line number : 250000","logger":"task.stdout"}
{"timestamp":"2026-05-16T00:48:13.289406Z","level":"info","event":"2026/05/15 21:47:59 - CSV file input 3.0 - Line number : 350000","logger":"task.stdout"}
{"timestamp":"2026-05-16T00:48:15.432581Z","level":"info","event":"2026/05/15 21:48:15 - Filter rows.0 - linenr 350000","logger":"task.stdout"}
{"timestamp":"2026-05-16T00:48:19.233052Z","level":"info","event":"2026/05/15 21:48:19 - Select values 2.0 - linenr 250000","logger":"task.stdout"}
{"timestamp":"2026-05-16T00:48:19.423815Z","level":"info","event":"2026/05/15 21:48:19 - Select values 3.0 - linenr 350000","logger":"task.stdout"}
{"timestamp":"2026-05-16T00:48:20.763979Z","level":"info","event":"2026/05/15 21:48:20 - Filter rows 2.0 - linenr 250000","logger":"task.stdout"}
{"timestamp":"2026-05-16T00:48:20.991723Z","level":"info","event":"2026/05/15 21:48:20 - Filter rows 3.0 - linenr 350000","logger":"task.stdout"}
{"timestamp":"2026-05-16T00:48:22.458960Z","level":"info","event":"2026/05/15 21:48:22 - Table output.0 - linenr 350000","logger":"task.stdout"}
{"timestamp":"2026-05-16T00:48:23.302401Z","level":"info","event":"2026/05/15 21:48:23 - Table output 2.0 - linenr 250000","logger":"task.stdout"}
{"timestamp":"2026-05-16T00:48:23.946755Z","level":"info","event":"2026/05/15 21:48:23 - CSV file input.0 - Line number : 400000","logger":"task.stdout"}
{"timestamp":"2026-05-16T00:48:24.599217Z","level":"info","event":"2026/05/15 21:48:24 - CSV file input 2.0 - Line number : 300000","logger":"task.stdout"}
{"timestamp":"2026-05-16T00:48:24.941941Z","level":"info","event":"2026/05/15 21:48:24 - Table output 3.0 - linenr 350000","logger":"task.stdout"}
{"timestamp":"2026-05-16T00:48:25.978713Z","level":"info","event":"2026/05/15 21:48:25 - Select values.0 - linenr 400000","logger":"task.stdout"}
{"timestamp":"2026-05-16T00:48:26.639821Z","level":"info","event":"2026/05/15 21:48:26 - Select values 2.0 - linenr 300000","logger":"task.stdout"}
{"timestamp":"2026-05-16T00:48:27.420655Z","level":"info","event":"2026/05/15 21:48:27 - CSV file input 3.0 - Line number : 400000","logger":"task.stdout"}
{"timestamp":"2026-05-16T00:48:28.401428Z","level":"info","event":"2026/05/15 21:48:28 - Filter rows.0 - linenr 400000","logger":"task.stdout"}
{"timestamp":"2026-05-16T00:48:28.784602Z","level":"info","event":"2026/05/15 21:48:28 - Filter rows 2.0 - linenr 300000","logger":"task.stdout"}
{"timestamp":"2026-05-16T00:48:31.844038Z","level":"info","event":"2026/05/15 21:48:31 - Select values 3.0 - linenr 400000","logger":"task.stdout"}
{"timestamp":"2026-05-16T00:48:33.904418Z","level":"info","event":"2026/05/15 21:48:33 - Filter rows 3.0 - linenr 400000","logger":"task.stdout"}
{"timestamp":"2026-05-16T00:48:34.864594Z","level":"info","event":"2026/05/15 21:48:34 - Table output.0 - linenr 400000","logger":"task.stdout"}
{"timestamp":"2026-05-16T00:48:35.051458Z","level":"info","event":"2026/05/15 21:48:35 - Table output 2.0 - linenr 300000","logger":"task.stdout"}
{"timestamp":"2026-05-16T00:48:36.748932Z","level":"info","event":"2026/05/15 21:48:36 - CSV file input.0 - Line number : 450000","logger":"task.stdout"}
{"timestamp":"2026-05-16T00:48:37.419761Z","level":"info","event":"2026/05/15 21:48:37 - CSV file input 2.0 - Line number : 350000","logger":"task.stdout"}
{"timestamp":"2026-05-16T00:48:40.484313Z","level":"info","event":"2026/05/15 21:48:40 - Table output 3.0 - linenr 400000","logger":"task.stdout"}
{"timestamp":"2026-05-16T00:48:40.489229Z","level":"info","event":"2026/05/15 21:48:40 - Select values.0 - linenr 450000","logger":"task.stdout"}
{"timestamp":"2026-05-16T00:48:41.487914Z","level":"info","event":"2026/05/15 21:48:41 - Filter rows.0 - linenr 450000","logger":"task.stdout"}
{"timestamp":"2026-05-16T00:48:41.557387Z","level":"info","event":"2026/05/15 21:48:41 - Select values 2.0 - linenr 350000","logger":"task.stdout"}
{"timestamp":"2026-05-16T00:48:41.724229Z","level":"info","event":"2026/05/15 21:48:41 - CSV file input 3.0 - Line number : 450000","logger":"task.stdout"}
{"timestamp":"2026-05-16T00:48:45.664875Z","level":"info","event":"2026/05/15 21:48:45 - Select values 3.0 - linenr 450000","logger":"task.stdout"}
{"timestamp":"2026-05-16T00:48:46.778112Z","level":"info","event":"2026/05/15 21:48:46 - Filter rows 2.0 - linenr 350000","logger":"task.stdout"}
{"timestamp":"2026-05-16T00:49:07.332012Z","level":"info","event":"2026/05/15 21:49:04 - Table output.0 - linenr 450000","logger":"task.stdout"}
{"timestamp":"2026-05-16T00:49:07.996529Z","level":"info","event":"2026/05/15 21:49:07 - Filter rows 3.0 - linenr 450000","logger":"task.stdout"}
{"timestamp":"2026-05-16T00:49:08.283139Z","level":"info","event":"2026/05/15 21:49:08 - CSV file input.0 - Line number : 500000","logger":"task.stdout"}
{"timestamp":"2026-05-16T00:49:09.875810Z","level":"info","event":"2026/05/15 21:49:09 - Select values.0 - linenr 500000","logger":"task.stdout"}
{"timestamp":"2026-05-16T00:49:10.837531Z","level":"info","event":"2026/05/15 21:49:10 - Table output 2.0 - linenr 350000","logger":"task.stdout"}
{"timestamp":"2026-05-16T00:49:11.017432Z","level":"info","event":"2026/05/15 21:49:11 - Filter rows.0 - linenr 500000","logger":"task.stdout"}
{"timestamp":"2026-05-16T00:49:11.563405Z","level":"info","event":"2026/05/15 21:49:11 - Table output 3.0 - linenr 450000","logger":"task.stdout"}
{"timestamp":"2026-05-16T00:49:13.675166Z","level":"info","event":"2026/05/15 21:49:13 - CSV file input 2.0 - Line number : 400000","logger":"task.stdout"}
{"timestamp":"2026-05-16T00:49:14.057095Z","level":"info","event":"2026/05/15 21:49:14 - Table output.0 - linenr 500000","logger":"task.stdout"}
{"timestamp":"2026-05-16T00:49:14.218350Z","level":"info","event":"2026/05/15 21:49:14 - CSV file input 3.0 - Line number : 500000","logger":"task.stdout"}
{"timestamp":"2026-05-16T00:49:15.128948Z","level":"info","event":"2026/05/15 21:49:15 - Select values 2.0 - linenr 400000","logger":"task.stdout"}
{"timestamp":"2026-05-16T00:49:16.290089Z","level":"info","event":"2026/05/15 21:49:16 - Filter rows 2.0 - linenr 400000","logger":"task.stdout"}
{"timestamp":"2026-05-16T00:49:16.607171Z","level":"info","event":"2026/05/15 21:49:16 - CSV file input.0 - Line number : 550000","logger":"task.stdout"}
{"timestamp":"2026-05-16T00:49:16.703256Z","level":"info","event":"2026/05/15 21:49:16 - Select values 3.0 - linenr 500000","logger":"task.stdout"}
{"timestamp":"2026-05-16T00:49:18.177631Z","level":"info","event":"2026/05/15 21:49:18 - Table output 2.0 - linenr 400000","logger":"task.stdout"}
{"timestamp":"2026-05-16T00:49:18.941128Z","level":"info","event":"2026/05/15 21:49:18 - Filter rows 3.0 - linenr 500000","logger":"task.stdout"}
{"timestamp":"2026-05-16T00:49:18.964683Z","level":"info","event":"2026/05/15 21:49:18 - Select values.0 - linenr 550000","logger":"task.stdout"}
{"timestamp":"2026-05-16T00:49:19.055318Z","level":"info","event":"2026/05/15 21:49:19 - CSV file input 2.0 - Line number : 450000","logger":"task.stdout"}
{"timestamp":"2026-05-16T00:49:20.276514Z","level":"info","event":"2026/05/15 21:49:20 - Select values 2.0 - linenr 450000","logger":"task.stdout"}
{"timestamp":"2026-05-16T00:49:35.825869Z","level":"info","event":"2026/05/15 21:49:35 - Filter rows.0 - linenr 550000","logger":"task.stdout"}
{"timestamp":"2026-05-16T00:49:37.671159Z","level":"info","event":"2026/05/15 21:49:37 - Filter rows 2.0 - linenr 450000","logger":"task.stdout"}
{"timestamp":"2026-05-16T00:49:46.105108Z","level":"info","event":"2026/05/15 21:49:46 - Table output 3.0 - linenr 500000","logger":"task.stdout"}
{"timestamp":"2026-05-16T00:49:47.001680Z","level":"info","event":"2026/05/15 21:49:47 - Table output 2.0 - linenr 450000","logger":"task.stdout"}
{"timestamp":"2026-05-16T00:49:47.127218Z","level":"info","event":"2026/05/15 21:49:47 - CSV file input 3.0 - Line number : 550000","logger":"task.stdout"}
{"timestamp":"2026-05-16T00:49:47.852169Z","level":"info","event":"2026/05/15 21:49:47 - CSV file input 2.0 - Line number : 500000","logger":"task.stdout"}
{"timestamp":"2026-05-16T00:49:48.429550Z","level":"info","event":"2026/05/15 21:49:48 - Table output.0 - linenr 550000","logger":"task.stdout"}
{"timestamp":"2026-05-16T00:49:48.541492Z","level":"info","event":"2026/05/15 21:49:48 - Select values 3.0 - linenr 550000","logger":"task.stdout"}
{"timestamp":"2026-05-16T00:49:48.670523Z","level":"info","event":"2026/05/15 21:49:48 - Select values 2.0 - linenr 500000","logger":"task.stdout"}
{"timestamp":"2026-05-16T00:49:49.414690Z","level":"info","event":"2026/05/15 21:49:49 - Filter rows 2.0 - linenr 500000","logger":"task.stdout"}
{"timestamp":"2026-05-16T00:49:49.893762Z","level":"info","event":"2026/05/15 21:49:49 - Filter rows 3.0 - linenr 550000","logger":"task.stdout"}
{"timestamp":"2026-05-16T00:49:50.173185Z","level":"info","event":"2026/05/15 21:49:50 - CSV file input.0 - Line number : 600000","logger":"task.stdout"}
{"timestamp":"2026-05-16T00:49:51.002036Z","level":"info","event":"2026/05/15 21:49:51 - Table output 2.0 - linenr 500000","logger":"task.stdout"}
{"timestamp":"2026-05-16T00:49:51.872363Z","level":"info","event":"2026/05/15 21:49:51 - CSV file input 2.0 - Line number : 550000","logger":"task.stdout"}
{"timestamp":"2026-05-16T00:49:52.091453Z","level":"info","event":"2026/05/15 21:49:52 - Select values.0 - linenr 600000","logger":"task.stdout"}
{"timestamp":"2026-05-16T00:49:53.150264Z","level":"info","event":"2026/05/15 21:49:53 - Select values 2.0 - linenr 550000","logger":"task.stdout"}
{"timestamp":"2026-05-16T00:49:53.829411Z","level":"info","event":"2026/05/15 21:49:53 - Table output 3.0 - linenr 550000","logger":"task.stdout"}
{"timestamp":"2026-05-16T00:49:54.002857Z","level":"info","event":"2026/05/15 21:49:54 - Filter rows 2.0 - linenr 550000","logger":"task.stdout"}
{"timestamp":"2026-05-16T00:49:54.578201Z","level":"info","event":"2026/05/15 21:49:54 - Filter rows.0 - linenr 600000","logger":"task.stdout"}
{"timestamp":"2026-05-16T00:50:08.087669Z","level":"info","event":"2026/05/15 21:50:08 - CSV file input 3.0 - Line number : 600000","logger":"task.stdout"}
{"timestamp":"2026-05-16T00:50:08.190741Z","level":"info","event":"2026/05/15 21:50:08 - Table output 2.0 - linenr 550000","logger":"task.stdout"}
{"timestamp":"2026-05-16T00:50:08.918288Z","level":"info","event":"2026/05/15 21:50:08 - CSV file input 2.0 - Line number : 600000","logger":"task.stdout"}
{"timestamp":"2026-05-16T00:50:09.667639Z","level":"info","event":"2026/05/15 21:50:09 - Select values 2.0 - linenr 600000","logger":"task.stdout"}
{"timestamp":"2026-05-16T00:50:09.921369Z","level":"info","event":"2026/05/15 21:50:09 - Select values 3.0 - linenr 600000","logger":"task.stdout"}
{"timestamp":"2026-05-16T00:50:10.235930Z","level":"info","event":"2026/05/15 21:50:10 - Table output.0 - linenr 600000","logger":"task.stdout"}
{"timestamp":"2026-05-16T00:50:10.336823Z","level":"info","event":"2026/05/15 21:50:10 - Filter rows 2.0 - linenr 600000","logger":"task.stdout"}
{"timestamp":"2026-05-16T00:50:11.137882Z","level":"info","event":"2026/05/15 21:50:11 - Filter rows 3.0 - linenr 600000","logger":"task.stdout"}
{"timestamp":"2026-05-16T00:50:12.089416Z","level":"info","event":"2026/05/15 21:50:12 - Table output 2.0 - linenr 600000","logger":"task.stdout"}
{"timestamp":"2026-05-16T00:50:12.100181Z","level":"info","event":"2026/05/15 21:50:12 - CSV file input.0 - Line number : 650000","logger":"task.stdout"}
{"timestamp":"2026-05-16T00:50:12.870980Z","level":"info","event":"2026/05/15 21:50:12 - Table output 3.0 - linenr 600000","logger":"task.stdout"}
{"timestamp":"2026-05-16T00:50:12.880676Z","level":"info","event":"2026/05/15 21:50:12 - CSV file input 2.0 - Line number : 650000","logger":"task.stdout"}
{"timestamp":"2026-05-16T00:50:13.641716Z","level":"info","event":"2026/05/15 21:50:13 - Select values.0 - linenr 650000","logger":"task.stdout"}
{"timestamp":"2026-05-16T00:50:13.743825Z","level":"info","event":"2026/05/15 21:50:13 - Select values 2.0 - linenr 650000","logger":"task.stdout"}
{"timestamp":"2026-05-16T00:50:13.748042Z","level":"info","event":"2026/05/15 21:50:13 - CSV file input 3.0 - Line number : 650000","logger":"task.stdout"}
{"timestamp":"2026-05-16T00:50:23.544782Z","level":"info","event":"2026/05/15 21:50:23 - Select values 3.0 - linenr 650000","logger":"task.stdout"}
{"timestamp":"2026-05-16T00:50:23.921937Z","level":"info","event":"2026/05/15 21:50:23 - Filter rows 2.0 - linenr 650000","logger":"task.stdout"}
{"timestamp":"2026-05-16T00:50:24.437937Z","level":"info","event":"2026/05/15 21:50:24 - Filter rows.0 - linenr 650000","logger":"task.stdout"}
{"timestamp":"2026-05-16T00:50:35.844429Z","level":"info","event":"2026/05/15 21:50:35 - Filter rows 3.0 - linenr 650000","logger":"task.stdout"}
{"timestamp":"2026-05-16T00:50:39.430494Z","level":"info","event":"2026/05/15 21:50:39 - Table output 2.0 - linenr 650000","logger":"task.stdout"}
{"timestamp":"2026-05-16T00:50:39.508254Z","level":"info","event":"2026/05/15 21:50:39 - Table output.0 - linenr 650000","logger":"task.stdout"}
{"timestamp":"2026-05-16T00:50:40.458575Z","level":"info","event":"2026/05/15 21:50:40 - CSV file input 2.0 - Line number : 700000","logger":"task.stdout"}
{"timestamp":"2026-05-16T00:50:40.492835Z","level":"info","event":"2026/05/15 21:50:40 - CSV file input.0 - Line number : 700000","logger":"task.stdout"}
{"timestamp":"2026-05-16T00:50:41.332566Z","level":"info","event":"2026/05/15 21:50:41 - Select values.0 - linenr 700000","logger":"task.stdout"}
{"timestamp":"2026-05-16T00:50:41.413672Z","level":"info","event":"2026/05/15 21:50:41 - Select values 2.0 - linenr 700000","logger":"task.stdout"}
{"timestamp":"2026-05-16T00:50:42.068596Z","level":"info","event":"2026/05/15 21:50:42 - Filter rows.0 - linenr 700000","logger":"task.stdout"}
{"timestamp":"2026-05-16T00:50:42.162237Z","level":"info","event":"2026/05/15 21:50:42 - Filter rows 2.0 - linenr 700000","logger":"task.stdout"}
{"timestamp":"2026-05-16T00:50:42.369587Z","level":"info","event":"2026/05/15 21:50:42 - Table output 3.0 - linenr 650000","logger":"task.stdout"}
{"timestamp":"2026-05-16T00:50:43.904734Z","level":"info","event":"2026/05/15 21:50:43 - Table output.0 - linenr 700000","logger":"task.stdout"}
{"timestamp":"2026-05-16T00:50:43.966250Z","level":"info","event":"2026/05/15 21:50:43 - Table output 2.0 - linenr 700000","logger":"task.stdout"}
{"timestamp":"2026-05-16T00:50:44.214107Z","level":"info","event":"2026/05/15 21:50:44 - CSV file input 3.0 - Line number : 700000","logger":"task.stdout"}
{"timestamp":"2026-05-16T00:50:44.842785Z","level":"info","event":"2026/05/15 21:50:44 - CSV file input.0 - Line number : 750000","logger":"task.stdout"}
{"timestamp":"2026-05-16T00:50:44.895978Z","level":"info","event":"2026/05/15 21:50:44 - CSV file input 2.0 - Line number : 750000","logger":"task.stdout"}
{"timestamp":"2026-05-16T00:50:45.079362Z","level":"info","event":"2026/05/15 21:50:45 - Select values 3.0 - linenr 700000","logger":"task.stdout"}
{"timestamp":"2026-05-16T00:50:45.586050Z","level":"info","event":"2026/05/15 21:50:45 - Select values 2.0 - linenr 750000","logger":"task.stdout"}
{"timestamp":"2026-05-16T00:50:45.753469Z","level":"info","event":"2026/05/15 21:50:45 - Filter rows 3.0 - linenr 700000","logger":"task.stdout"}
{"timestamp":"2026-05-16T00:50:46.249524Z","level":"info","event":"2026/05/15 21:50:46 - Filter rows 2.0 - linenr 750000","logger":"task.stdout"}
{"timestamp":"2026-05-16T00:50:46.526882Z","level":"info","event":"2026/05/15 21:50:46 - Select values.0 - linenr 750000","logger":"task.stdout"}
{"timestamp":"2026-05-16T00:50:47.234616Z","level":"info","event":"2026/05/15 21:50:47 - Table output 3.0 - linenr 700000","logger":"task.stdout"}
{"timestamp":"2026-05-16T00:50:47.749053Z","level":"info","event":"2026/05/15 21:50:47 - Table output 2.0 - linenr 750000","logger":"task.stdout"}
{"timestamp":"2026-05-16T00:50:47.962973Z","level":"info","event":"2026/05/15 21:50:47 - CSV file input 3.0 - Line number : 750000","logger":"task.stdout"}
{"timestamp":"2026-05-16T00:50:48.314908Z","level":"info","event":"2026/05/15 21:50:48 - Filter rows.0 - linenr 750000","logger":"task.stdout"}
{"timestamp":"2026-05-16T00:50:48.528359Z","level":"info","event":"2026/05/15 21:50:48 - CSV file input 2.0 - Line number : 800000","logger":"task.stdout"}
{"timestamp":"2026-05-16T00:50:48.719408Z","level":"info","event":"2026/05/15 21:50:48 - Select values 3.0 - linenr 750000","logger":"task.stdout"}
{"timestamp":"2026-05-16T00:51:14.769433Z","level":"info","event":"2026/05/15 21:51:13 - Select values 2.0 - linenr 800000","logger":"task.stdout"}
{"timestamp":"2026-05-16T00:51:14.769606Z","level":"info","event":"2026/05/15 21:51:13 - Filter rows 3.0 - linenr 750000","logger":"task.stdout"}
{"timestamp":"2026-05-16T00:51:15.530041Z","level":"info","event":"2026/05/15 21:51:15 - Filter rows 2.0 - linenr 800000","logger":"task.stdout"}
{"timestamp":"2026-05-16T00:51:15.978745Z","level":"info","event":"2026/05/15 21:51:15 - Table output 3.0 - linenr 750000","logger":"task.stdout"}
{"timestamp":"2026-05-16T00:51:16.998948Z","level":"info","event":"2026/05/15 21:51:16 - CSV file input 3.0 - Line number : 800000","logger":"task.stdout"}
{"timestamp":"2026-05-16T00:51:17.034323Z","level":"info","event":"2026/05/15 21:51:17 - Table output.0 - linenr 750000","logger":"task.stdout"}
{"timestamp":"2026-05-16T00:51:17.888227Z","level":"info","event":"2026/05/15 21:51:17 - Table output 2.0 - linenr 800000","logger":"task.stdout"}
{"timestamp":"2026-05-16T00:51:18.037420Z","level":"info","event":"2026/05/15 21:51:18 - Select values 3.0 - linenr 800000","logger":"task.stdout"}
{"timestamp":"2026-05-16T00:51:18.891679Z","level":"info","event":"2026/05/15 21:51:18 - CSV file input 2.0 - Line number : 850000","logger":"task.stdout"}
{"timestamp":"2026-05-16T00:51:18.943248Z","level":"info","event":"2026/05/15 21:51:18 - CSV file input.0 - Line number : 800000","logger":"task.stdout"}
{"timestamp":"2026-05-16T00:51:19.067935Z","level":"info","event":"2026/05/15 21:51:19 - Filter rows 3.0 - linenr 800000","logger":"task.stdout"}
{"timestamp":"2026-05-16T00:51:19.925973Z","level":"info","event":"2026/05/15 21:51:19 - Select values 2.0 - linenr 850000","logger":"task.stdout"}
{"timestamp":"2026-05-16T00:51:20.019173Z","level":"info","event":"2026/05/15 21:51:20 - Select values.0 - linenr 800000","logger":"task.stdout"}
{"timestamp":"2026-05-16T00:51:21.190276Z","level":"info","event":"2026/05/15 21:51:21 - Filter rows 2.0 - linenr 850000","logger":"task.stdout"}
{"timestamp":"2026-05-16T00:51:21.352403Z","level":"info","event":"2026/05/15 21:51:21 - Filter rows.0 - linenr 800000","logger":"task.stdout"}
{"timestamp":"2026-05-16T00:51:21.514016Z","level":"info","event":"2026/05/15 21:51:21 - Table output 3.0 - linenr 800000","logger":"task.stdout"}
{"timestamp":"2026-05-16T00:51:22.624685Z","level":"info","event":"2026/05/15 21:51:22 - CSV file input 3.0 - Line number : 850000","logger":"task.stdout"}
{"timestamp":"2026-05-16T00:51:23.504737Z","level":"info","event":"2026/05/15 21:51:23 - Table output 2.0 - linenr 850000","logger":"task.stdout"}
{"timestamp":"2026-05-16T00:51:23.711490Z","level":"info","event":"2026/05/15 21:51:23 - Table output.0 - linenr 800000","logger":"task.stdout"}
{"timestamp":"2026-05-16T00:51:23.802353Z","level":"info","event":"2026/05/15 21:51:23 - Select values 3.0 - linenr 850000","logger":"task.stdout"}
{"timestamp":"2026-05-16T00:51:30.897486Z","level":"info","event":"2026/05/15 21:51:30 - CSV file input 2.0 - Line number : 900000","logger":"task.stdout"}
{"timestamp":"2026-05-16T00:51:31.237675Z","level":"info","event":"2026/05/15 21:51:31 - CSV file input 2.0 - Finished processing (I=900940, O=0, R=0, W=900939, U=0, E=0)","logger":"task.stdout"}
{"timestamp":"2026-05-16T00:51:31.861063Z","level":"info","event":"2026/05/15 21:51:31 - Filter rows 3.0 - linenr 850000","logger":"task.stdout"}
{"timestamp":"2026-05-16T00:51:32.376725Z","level":"info","event":"2026/05/15 21:51:32 - CSV file input.0 - Line number : 850000","logger":"task.stdout"}
{"timestamp":"2026-05-16T00:51:34.564491Z","level":"info","event":"2026/05/15 21:51:34 - Select values 2.0 - linenr 900000","logger":"task.stdout"}
{"timestamp":"2026-05-16T00:51:35.116016Z","level":"info","event":"2026/05/15 21:51:35 - Select values 2.0 - Finished processing (I=0, O=0, R=900939, W=900939, U=0, E=0)","logger":"task.stdout"}
{"timestamp":"2026-05-16T00:51:36.747245Z","level":"info","event":"2026/05/15 21:51:36 - Select values.0 - linenr 850000","logger":"task.stdout"}
{"timestamp":"2026-05-16T00:51:46.380228Z","level":"info","event":"2026/05/15 21:51:46 - Filter rows 2.0 - linenr 900000","logger":"task.stdout"}
{"timestamp":"2026-05-16T00:51:47.630415Z","level":"info","event":"2026/05/15 21:51:47 - Filter rows 2.0 - Finished processing (I=0, O=0, R=900939, W=900939, U=0, E=0)","logger":"task.stdout"}
{"timestamp":"2026-05-16T00:51:48.953566Z","level":"info","event":"2026/05/15 21:51:48 - Filter rows.0 - linenr 850000","logger":"task.stdout"}
{"timestamp":"2026-05-16T00:51:49.039770Z","level":"info","event":"2026/05/15 21:51:49 - Table output 3.0 - linenr 850000","logger":"task.stdout"}
{"timestamp":"2026-05-16T00:51:49.978507Z","level":"info","event":"2026/05/15 21:51:49 - String operations 2.0 - Finished processing (I=0, O=0, R=900939, W=900939, U=0, E=0)","logger":"task.stdout"}
{"timestamp":"2026-05-16T00:51:50.420063Z","level":"info","event":"2026/05/15 21:51:50 - CSV file input 3.0 - Line number : 900000","logger":"task.stdout"}
{"timestamp":"2026-05-16T00:51:51.415609Z","level":"info","event":"2026/05/15 21:51:51 - Table output 2.0 - linenr 900000","logger":"task.stdout"}
{"timestamp":"2026-05-16T00:51:51.416202Z","level":"info","event":"2026/05/15 21:51:51 - Table output.0 - linenr 850000","logger":"task.stdout"}
{"timestamp":"2026-05-16T00:51:51.569748Z","level":"info","event":"2026/05/15 21:51:51 - Select values 3.0 - linenr 900000","logger":"task.stdout"}
{"timestamp":"2026-05-16T00:51:51.663260Z","level":"info","event":"2026/05/15 21:51:51 - Table output 2.0 - Finished processing (I=0, O=900939, R=900939, W=900939, U=0, E=0)","logger":"task.stdout"}
{"timestamp":"2026-05-16T00:51:51.810328Z","level":"info","event":"2026/05/15 21:51:51 - CSV file input.0 - Finished processing (I=894956, O=0, R=0, W=894955, U=0, E=0)","logger":"task.stdout"}
{"timestamp":"2026-05-16T00:51:52.424175Z","level":"info","event":"2026/05/15 21:51:52 - Filter rows 3.0 - linenr 900000","logger":"task.stdout"}
{"timestamp":"2026-05-16T00:51:52.629514Z","level":"info","event":"2026/05/15 21:51:52 - Select values.0 - Finished processing (I=0, O=0, R=894955, W=894955, U=0, E=0)","logger":"task.stdout"}
{"timestamp":"2026-05-16T00:51:53.578346Z","level":"info","event":"2026/05/15 21:51:53 - Filter rows.0 - Finished processing (I=0, O=0, R=894955, W=894955, U=0, E=0)","logger":"task.stdout"}
{"timestamp":"2026-05-16T00:51:54.138069Z","level":"info","event":"2026/05/15 21:51:54 - Table output 3.0 - linenr 900000","logger":"task.stdout"}
{"timestamp":"2026-05-16T00:51:54.411455Z","level":"info","event":"2026/05/15 21:51:54 - String operations.0 - Finished processing (I=0, O=0, R=894955, W=894955, U=0, E=0)","logger":"task.stdout"}
{"timestamp":"2026-05-16T00:51:55.046485Z","level":"info","event":"2026/05/15 21:51:55 - CSV file input 3.0 - Line number : 950000","logger":"task.stdout"}
{"timestamp":"2026-05-16T00:51:55.315257Z","level":"info","event":"2026/05/15 21:51:55 - Table output.0 - Finished processing (I=0, O=894955, R=894955, W=894955, U=0, E=0)","logger":"task.stdout"}
{"timestamp":"2026-05-16T00:51:55.363324Z","level":"info","event":"2026/05/15 21:51:55 - CSV file input 3.0 - Finished processing (I=953778, O=0, R=0, W=953777, U=0, E=0)","logger":"task.stdout"}
{"timestamp":"2026-05-16T00:51:55.785386Z","level":"info","event":"2026/05/15 21:51:55 - Select values 3.0 - linenr 950000","logger":"task.stdout"}
{"timestamp":"2026-05-16T00:51:57.456975Z","level":"info","event":"2026/05/15 21:51:57 - Select values 3.0 - Finished processing (I=0, O=0, R=953777, W=953777, U=0, E=0)","logger":"task.stdout"}
{"timestamp":"2026-05-16T00:52:22.276991Z","level":"info","event":"2026/05/15 21:52:12 - Filter rows 3.0 - linenr 950000","logger":"task.stdout"}
{"timestamp":"2026-05-16T00:52:22.277259Z","level":"info","event":"2026/05/15 21:52:21 - Filter rows 3.0 - Finished processing (I=0, O=0, R=953777, W=953777, U=0, E=0)","logger":"task.stdout"}
{"timestamp":"2026-05-16T00:52:22.277330Z","level":"info","event":"2026/05/15 21:52:21 - String operations 3.0 - Finished processing (I=0, O=0, R=953777, W=953777, U=0, E=0)","logger":"task.stdout"}
{"timestamp":"2026-05-16T00:52:22.277389Z","level":"info","event":"2026/05/15 21:52:22 - Table output 3.0 - linenr 950000","logger":"task.stdout"}
{"timestamp":"2026-05-16T00:52:22.396722Z","level":"info","event":"2026/05/15 21:52:22 - Table output 3.0 - Finished processing (I=0, O=953777, R=953777, W=953777, U=0, E=0)","logger":"task.stdout"}
{"timestamp":"2026-05-16T00:52:22.534522Z","level":"info","event":"2026/05/15 21:52:22 - Pan - Finished!","logger":"task.stdout"}
{"timestamp":"2026-05-16T00:52:22.539346Z","level":"info","event":"2026/05/15 21:52:22 - Pan - Start=2026/05/15 21:46:26.699, Stop=2026/05/15 21:52:22.534","logger":"task.stdout"}
{"timestamp":"2026-05-16T00:52:22.539686Z","level":"info","event":"2026/05/15 21:52:22 - Pan - Processing ended after 5 minutes and 55 seconds (355 seconds total).","logger":"task.stdout"}
{"timestamp":"2026-05-16T00:52:22.539787Z","level":"info","event":"2026/05/15 21:52:22 - 01_carga_nomina_raw -","logger":"task.stdout"}
{"timestamp":"2026-05-16T00:52:22.539873Z","level":"info","event":"2026/05/15 21:52:22 - 01_carga_nomina_raw - Step CSV file input.0 ended successfully, processed 894955 lines. ( 2521 lines/s)","logger":"task.stdout"}
{"timestamp":"2026-05-16T00:52:22.540998Z","level":"info","event":"2026/05/15 21:52:22 - 01_carga_nomina_raw - Step Select values.0 ended successfully, processed 894955 lines. ( 2521 lines/s)","logger":"task.stdout"}
{"timestamp":"2026-05-16T00:52:22.541137Z","level":"info","event":"2026/05/15 21:52:22 - 01_carga_nomina_raw - Step CSV file input 2.0 ended successfully, processed 900939 lines. ( 2537 lines/s)","logger":"task.stdout"}
{"timestamp":"2026-05-16T00:52:22.541201Z","level":"info","event":"2026/05/15 21:52:22 - 01_carga_nomina_raw - Step Select values 2.0 ended successfully, processed 900939 lines. ( 2537 lines/s)","logger":"task.stdout"}
{"timestamp":"2026-05-16T00:52:22.542277Z","level":"info","event":"2026/05/15 21:52:22 - 01_carga_nomina_raw - Step CSV file input 3.0 ended successfully, processed 953777 lines. ( 2686 lines/s)","logger":"task.stdout"}
{"timestamp":"2026-05-16T00:52:22.542493Z","level":"info","event":"2026/05/15 21:52:22 - 01_carga_nomina_raw - Step Select values 3.0 ended successfully, processed 953777 lines. ( 2686 lines/s)","logger":"task.stdout"}
{"timestamp":"2026-05-16T00:52:22.542570Z","level":"info","event":"2026/05/15 21:52:22 - 01_carga_nomina_raw - Step Filter rows.0 ended successfully, processed 894955 lines. ( 2521 lines/s)","logger":"task.stdout"}
{"timestamp":"2026-05-16T00:52:22.542637Z","level":"info","event":"2026/05/15 21:52:22 - 01_carga_nomina_raw - Step Filter rows 2.0 ended successfully, processed 900939 lines. ( 2537 lines/s)","logger":"task.stdout"}
{"timestamp":"2026-05-16T00:52:22.542692Z","level":"info","event":"2026/05/15 21:52:22 - 01_carga_nomina_raw - Step Filter rows 3.0 ended successfully, processed 953777 lines. ( 2686 lines/s)","logger":"task.stdout"}
{"timestamp":"2026-05-16T00:52:22.542753Z","level":"info","event":"2026/05/15 21:52:22 - 01_carga_nomina_raw - Step String operations.0 ended successfully, processed 894955 lines. ( 2521 lines/s)","logger":"task.stdout"}
{"timestamp":"2026-05-16T00:52:22.543075Z","level":"info","event":"2026/05/15 21:52:22 - 01_carga_nomina_raw - Step String operations 2.0 ended successfully, processed 900939 lines. ( 2537 lines/s)","logger":"task.stdout"}
{"timestamp":"2026-05-16T00:52:22.543172Z","level":"info","event":"2026/05/15 21:52:22 - 01_carga_nomina_raw - Step String operations 3.0 ended successfully, processed 953777 lines. ( 2686 lines/s)","logger":"task.stdout"}
{"timestamp":"2026-05-16T00:52:22.543242Z","level":"info","event":"2026/05/15 21:52:22 - 01_carga_nomina_raw - Step Table output.0 ended successfully, processed 894955 lines. ( 2521 lines/s)","logger":"task.stdout"}
{"timestamp":"2026-05-16T00:52:22.543292Z","level":"info","event":"2026/05/15 21:52:22 - 01_carga_nomina_raw - Step Table output 2.0 ended successfully, processed 900939 lines. ( 2537 lines/s)","logger":"task.stdout"}
{"timestamp":"2026-05-16T00:52:22.543340Z","level":"info","event":"2026/05/15 21:52:22 - 01_carga_nomina_raw - Step Table output 3.0 ended successfully, processed 953777 lines. ( 2686 lines/s)","logger":"task.stdout"}
{"timestamp":"2026-05-16T00:52:22.756346Z","level":"info","event":"ETL Pentaho completado — 3 meses cargados","logger":"task.stdout"}
{"timestamp":"2026-05-16T00:52:22.877721Z","level":"info","event":"Done. Returned value was: None","logger":"airflow.task.operators.airflow.providers.standard.decorators.python._PythonDecoratedOperator","filename":"python.py","lineno":233}
{"timestamp":"2026-05-16T00:52:23.334191Z","level":"info","event":"Task instance in success state","logger":"task.stdout"}
{"timestamp":"2026-05-16T00:52:23.334475Z","level":"info","event":" Previous state of the Task instance: TaskInstanceState.RUNNING","logger":"task.stdout"}
{"timestamp":"2026-05-16T00:52:23.359591Z","level":"info","event":"Task operator:<Task(_PythonDecoratedOperator): ejecutar_pentaho_etl>","logger":"task.stdout"}
