{"timestamp":"2026-05-23T17:18:29.090541Z","level":"info","event":"DAG bundles loaded: dags-folder, example_dags","logger":"airflow.dag_processing.bundles.manager.DagBundlesManager","filename":"manager.py","lineno":179}
{"timestamp":"2026-05-23T17:18:29.096216Z","level":"info","event":"Filling up the DagBag from /opt/repo/proyecto-bigdata/orchestration/airflow/dags/dag_nomina_pipeline.py","logger":"airflow.models.dagbag.BundleDagBag","filename":"dagbag.py","lineno":593}
{"timestamp":"2026-05-23T17:18:29.172122Z","level":"info","event":"Stats instance was created in PID 5096 but accessed in PID 5677. Re-initializing.","logger":"airflow.stats","filename":"stats.py","lineno":57}
{"timestamp":"2026-05-23T17:18:29.449858Z","level":"info","event":"Task instance is in running state","logger":"task.stdout"}
{"timestamp":"2026-05-23T17:18:29.451010Z","level":"info","event":" Previous state of the Task instance: TaskInstanceState.QUEUED","logger":"task.stdout"}
{"timestamp":"2026-05-23T17:18:29.451606Z","level":"info","event":"Current task name:ejecutar_pentaho_etl","logger":"task.stdout"}
{"timestamp":"2026-05-23T17:18:29.451888Z","level":"info","event":"Dag name:pipeline_nomina_funcionarios","logger":"task.stdout"}
{"timestamp":"2026-05-23T17:18:29.500717Z","level":"info","event":"#######################################################################","logger":"task.stdout"}
{"timestamp":"2026-05-23T17:18:29.501234Z","level":"info","event":"WARNING:  no libwebkitgtk-1.0 detected, some features will be unavailable","logger":"task.stdout"}
{"timestamp":"2026-05-23T17:18:29.501378Z","level":"info","event":"    Consider installing the package with apt-get or yum.","logger":"task.stdout"}
{"timestamp":"2026-05-23T17:18:29.501493Z","level":"info","event":"    e.g. 'sudo apt-get install libwebkitgtk-1.0-0'","logger":"task.stdout"}
{"timestamp":"2026-05-23T17:18:29.501597Z","level":"info","event":"#######################################################################","logger":"task.stdout"}
{"timestamp":"2026-05-23T17:18:29.839441Z","level":"error","event":"Unrecognized VM option 'MaxPermSize=256m'","logger":"task.stderr"}
{"timestamp":"2026-05-23T17:18:29.839798Z","level":"error","event":"Error: Could not create the Java Virtual Machine.","logger":"task.stderr"}
{"timestamp":"2026-05-23T17:18:29.839904Z","level":"error","event":"Error: A fatal exception has occurred. Program will exit.","logger":"task.stderr"}
{"timestamp":"2026-05-23T17:18:29.841058Z","level":"error","event":"Task failed with exception","logger":"task","filename":"task_runner.py","lineno":1186,"error_detail":[{"exc_type":"CalledProcessError","exc_value":"Command '['/opt/pentaho/client-tools/data-integration/pan.sh', '-file=/opt/repo/proyecto-bigdata/etl/pentaho/transformations/01_carga_nomina_raw.ktr']' returned non-zero exit status 1.","exc_notes":[],"syntax_error":null,"is_cause":false,"frames":[{"filename":"/opt/repo/proyecto-bigdata/venv/lib/python3.10/site-packages/airflow/sdk/execution_time/task_runner.py","lineno":1112,"name":"run"},{"filename":"/opt/repo/proyecto-bigdata/venv/lib/python3.10/site-packages/airflow/sdk/execution_time/task_runner.py","lineno":1528,"name":"_execute_task"},{"filename":"/opt/repo/proyecto-bigdata/venv/lib/python3.10/site-packages/airflow/sdk/bases/operator.py","lineno":417,"name":"wrapper"},{"filename":"/opt/repo/proyecto-bigdata/venv/lib/python3.10/site-packages/airflow/sdk/bases/decorator.py","lineno":252,"name":"execute"},{"filename":"/opt/repo/proyecto-bigdata/venv/lib/python3.10/site-packages/airflow/sdk/bases/operator.py","lineno":417,"name":"wrapper"},{"filename":"/opt/repo/proyecto-bigdata/venv/lib/python3.10/site-packages/airflow/providers/standard/operators/python.py","lineno":231,"name":"execute"},{"filename":"/opt/repo/proyecto-bigdata/venv/lib/python3.10/site-packages/airflow/providers/standard/operators/python.py","lineno":254,"name":"execute_callable"},{"filename":"/opt/repo/proyecto-bigdata/venv/lib/python3.10/site-packages/airflow/sdk/execution_time/callback_runner.py","lineno":82,"name":"run"},{"filename":"/opt/repo/proyecto-bigdata/orchestration/airflow/dags/dag_nomina_pipeline.py","lineno":18,"name":"ejecutar_pentaho_etl"},{"filename":"/usr/lib/python3.10/subprocess.py","lineno":526,"name":"run"}],"is_group":false,"exceptions":[]}]}
{"timestamp":"2026-05-23T17:18:29.847742Z","level":"info","event":"Task instance in failure state","logger":"task.stdout"}
{"timestamp":"2026-05-23T17:18:29.848561Z","level":"info","event":"Task start","logger":"task.stdout"}
{"timestamp":"2026-05-23T17:18:29.848796Z","level":"info","event":"Task:<Task(_PythonDecoratedOperator): ejecutar_pentaho_etl>","logger":"task.stdout"}
{"timestamp":"2026-05-23T17:18:29.849003Z","level":"info","event":"Failure caused by Command '['/opt/pentaho/client-tools/data-integration/pan.sh', '-file=/opt/repo/proyecto-bigdata/etl/pentaho/transformations/01_carga_nomina_raw.ktr']' returned non-zero exit status 1.","logger":"task.stdout"}
